{"/Users/bastienjavaux/Documents/GitHub/model.san-o1.com/app/layout.tsx": {"path":"/Users/bastienjavaux/Documents/GitHub/model.san-o1.com/app/layout.tsx","statementMap":{"0":{"start":{"line":7,"column":14},"end":{"line":7,"column":43}},"1":{"start":{"line":9,"column":34},"end":{"line":12,"column":1}},"2":{"start":{"line":19,"column":2},"end":{"line":29,"column":3}}},"fnMap":{"0":{"name":"RootLayout","decl":{"start":{"line":14,"column":24},"end":{"line":14,"column":34}},"loc":{"start":{"line":18,"column":3},"end":{"line":30,"column":1}},"line":18}},"branchMap":{},"s":{"0":0,"1":0,"2":0},"f":{"0":0},"b":{}}
,"/Users/bastienjavaux/Documents/GitHub/model.san-o1.com/app/page.tsx": {"path":"/Users/bastienjavaux/Documents/GitHub/model.san-o1.com/app/page.tsx","statementMap":{"0":{"start":{"line":20,"column":6},"end":{"line":20,"column":20}},"1":{"start":{"line":22,"column":36},"end":{"line":22,"column":71}},"2":{"start":{"line":23,"column":46},"end":{"line":23,"column":61}},"3":{"start":{"line":26,"column":42},"end":{"line":26,"column":70}},"4":{"start":{"line":27,"column":48},"end":{"line":27,"column":85}},"5":{"start":{"line":29,"column":2},"end":{"line":53,"column":33}},"6":{"start":{"line":30,"column":4},"end":{"line":46,"column":5}},"7":{"start":{"line":32,"column":6},"end":{"line":34,"column":7}},"8":{"start":{"line":33,"column":8},"end":{"line":33,"column":38}},"9":{"start":{"line":36,"column":6},"end":{"line":36,"column":34}},"10":{"start":{"line":39,"column":20},"end":{"line":43,"column":14}},"11":{"start":{"line":40,"column":8},"end":{"line":42,"column":9}},"12":{"start":{"line":41,"column":10},"end":{"line":41,"column":40}},"13":{"start":{"line":45,"column":6},"end":{"line":45,"column":32}},"14":{"start":{"line":48,"column":4},"end":{"line":52,"column":6}},"15":{"start":{"line":49,"column":6},"end":{"line":51,"column":7}},"16":{"start":{"line":50,"column":8},"end":{"line":50,"column":38}},"17":{"start":{"line":56,"column":23},"end":{"line":65,"column":3}},"18":{"start":{"line":57,"column":4},"end":{"line":57,"column":23}},"19":{"start":{"line":58,"column":4},"end":{"line":64,"column":5}},"20":{"start":{"line":59,"column":6},"end":{"line":59,"column":36}},"21":{"start":{"line":60,"column":6},"end":{"line":63,"column":7}},"22":{"start":{"line":61,"column":8},"end":{"line":61,"column":38}},"23":{"start":{"line":62,"column":8},"end":{"line":62,"column":33}},"24":{"start":{"line":67,"column":2},"end":{"line":116,"column":4}},"25":{"start":{"line":88,"column":35},"end":{"line":88,"column":64}}},"fnMap":{"0":{"name":"Home","decl":{"start":{"line":10,"column":24},"end":{"line":10,"column":28}},"loc":{"start":{"line":10,"column":31},"end":{"line":117,"column":1}},"line":10},"1":{"name":"(anonymous_1)","decl":{"start":{"line":29,"column":12},"end":{"line":29,"column":13}},"loc":{"start":{"line":29,"column":18},"end":{"line":53,"column":3}},"line":29},"2":{"name":"(anonymous_2)","decl":{"start":{"line":39,"column":31},"end":{"line":39,"column":32}},"loc":{"start":{"line":39,"column":37},"end":{"line":43,"column":7}},"line":39},"3":{"name":"(anonymous_3)","decl":{"start":{"line":48,"column":11},"end":{"line":48,"column":12}},"loc":{"start":{"line":48,"column":17},"end":{"line":52,"column":5}},"line":48},"4":{"name":"(anonymous_4)","decl":{"start":{"line":56,"column":23},"end":{"line":56,"column":24}},"loc":{"start":{"line":56,"column":47},"end":{"line":65,"column":3}},"line":56},"5":{"name":"(anonymous_5)","decl":{"start":{"line":88,"column":28},"end":{"line":88,"column":29}},"loc":{"start":{"line":88,"column":35},"end":{"line":88,"column":64}},"line":88}},"branchMap":{"0":{"loc":{"start":{"line":30,"column":4},"end":{"line":46,"column":5}},"type":"if","locations":[{"start":{"line":30,"column":4},"end":{"line":46,"column":5}},{"start":{},"end":{}}],"line":30},"1":{"loc":{"start":{"line":30,"column":8},"end":{"line":30,"column":35}},"type":"binary-expr","locations":[{"start":{"line":30,"column":8},"end":{"line":30,"column":18}},{"start":{"line":30,"column":22},"end":{"line":30,"column":35}}],"line":30},"2":{"loc":{"start":{"line":32,"column":6},"end":{"line":34,"column":7}},"type":"if","locations":[{"start":{"line":32,"column":6},"end":{"line":34,"column":7}},{"start":{},"end":{}}],"line":32},"3":{"loc":{"start":{"line":40,"column":8},"end":{"line":42,"column":9}},"type":"if","locations":[{"start":{"line":40,"column":8},"end":{"line":42,"column":9}},{"start":{},"end":{}}],"line":40},"4":{"loc":{"start":{"line":49,"column":6},"end":{"line":51,"column":7}},"type":"if","locations":[{"start":{"line":49,"column":6},"end":{"line":51,"column":7}},{"start":{},"end":{}}],"line":49},"5":{"loc":{"start":{"line":58,"column":4},"end":{"line":64,"column":5}},"type":"if","locations":[{"start":{"line":58,"column":4},"end":{"line":64,"column":5}},{"start":{},"end":{}}],"line":58},"6":{"loc":{"start":{"line":58,"column":8},"end":{"line":58,"column":42}},"type":"binary-expr","locations":[{"start":{"line":58,"column":8},"end":{"line":58,"column":25}},{"start":{"line":58,"column":29},"end":{"line":58,"column":42}}],"line":58},"7":{"loc":{"start":{"line":60,"column":6},"end":{"line":63,"column":7}},"type":"if","locations":[{"start":{"line":60,"column":6},"end":{"line":63,"column":7}},{"start":{},"end":{}}],"line":60},"8":{"loc":{"start":{"line":77,"column":9},"end":{"line":113,"column":9}},"type":"cond-expr","locations":[{"start":{"line":78,"column":10},"end":{"line":110,"column":16}},{"start":{"line":112,"column":10},"end":{"line":112,"column":46}}],"line":77},"9":{"loc":{"start":{"line":93,"column":28},"end":{"line":93,"column":62}},"type":"binary-expr","locations":[{"start":{"line":93,"column":28},"end":{"line":93,"column":46}},{"start":{"line":93,"column":50},"end":{"line":93,"column":62}}],"line":93},"10":{"loc":{"start":{"line":103,"column":15},"end":{"line":105,"column":15}},"type":"binary-expr","locations":[{"start":{"line":103,"column":15},"end":{"line":103,"column":27}},{"start":{"line":104,"column":16},"end":{"line":104,"column":84}}],"line":103},"11":{"loc":{"start":{"line":106,"column":15},"end":{"line":108,"column":15}},"type":"binary-expr","locations":[{"start":{"line":106,"column":15},"end":{"line":106,"column":26}},{"start":{"line":107,"column":16},"end":{"line":107,"column":89}}],"line":106}},"s":{"0":0,"1":0,"2":0,"3":0,"4":0,"5":0,"6":0,"7":0,"8":0,"9":0,"10":0,"11":0,"12":0,"13":0,"14":0,"15":0,"16":0,"17":0,"18":0,"19":0,"20":0,"21":0,"22":0,"23":0,"24":0,"25":0},"f":{"0":0,"1":0,"2":0,"3":0,"4":0,"5":0},"b":{"0":[0,0],"1":[0,0],"2":[0,0],"3":[0,0],"4":[0,0],"5":[0,0],"6":[0,0],"7":[0,0],"8":[0,0],"9":[0,0],"10":[0,0],"11":[0,0]}}
,"/Users/bastienjavaux/Documents/GitHub/model.san-o1.com/app/api/analysis/complete/route.ts": {"path":"/Users/bastienjavaux/Documents/GitHub/model.san-o1.com/app/api/analysis/complete/route.ts","statementMap":{"0":{"start":{"line":8,"column":2},"end":{"line":39,"column":3}},"1":{"start":{"line":9,"column":21},"end":{"line":9,"column":41}},"2":{"start":{"line":11,"column":4},"end":{"line":16,"column":5}},"3":{"start":{"line":12,"column":6},"end":{"line":15,"column":8}},"4":{"start":{"line":19,"column":4},"end":{"line":24,"column":5}},"5":{"start":{"line":20,"column":6},"end":{"line":23,"column":8}},"6":{"start":{"line":26,"column":29},"end":{"line":26,"column":59}},"7":{"start":{"line":27,"column":19},"end":{"line":27,"column":59}},"8":{"start":{"line":29,"column":4},"end":{"line":32,"column":7}},"9":{"start":{"line":34,"column":4},"end":{"line":34,"column":64}},"10":{"start":{"line":35,"column":4},"end":{"line":38,"column":6}}},"fnMap":{"0":{"name":"POST","decl":{"start":{"line":7,"column":22},"end":{"line":7,"column":26}},"loc":{"start":{"line":7,"column":49},"end":{"line":40,"column":1}},"line":7}},"branchMap":{"0":{"loc":{"start":{"line":11,"column":4},"end":{"line":16,"column":5}},"type":"if","locations":[{"start":{"line":11,"column":4},"end":{"line":16,"column":5}},{"start":{},"end":{}}],"line":11},"1":{"loc":{"start":{"line":11,"column":8},"end":{"line":11,"column":41}},"type":"binary-expr","locations":[{"start":{"line":11,"column":8},"end":{"line":11,"column":13}},{"start":{"line":11,"column":17},"end":{"line":11,"column":41}}],"line":11},"2":{"loc":{"start":{"line":19,"column":4},"end":{"line":24,"column":5}},"type":"if","locations":[{"start":{"line":19,"column":4},"end":{"line":24,"column":5}},{"start":{},"end":{}}],"line":19}},"s":{"0":0,"1":0,"2":0,"3":0,"4":0,"5":0,"6":0,"7":0,"8":0,"9":0,"10":0},"f":{"0":0},"b":{"0":[0,0],"1":[0,0],"2":[0,0]}}
,"/Users/bastienjavaux/Documents/GitHub/model.san-o1.com/app/api/analysis/intent/route.ts": {"path":"/Users/bastienjavaux/Documents/GitHub/model.san-o1.com/app/api/analysis/intent/route.ts","statementMap":{"0":{"start":{"line":8,"column":2},"end":{"line":39,"column":3}},"1":{"start":{"line":9,"column":21},"end":{"line":9,"column":41}},"2":{"start":{"line":11,"column":4},"end":{"line":16,"column":5}},"3":{"start":{"line":12,"column":6},"end":{"line":15,"column":8}},"4":{"start":{"line":19,"column":4},"end":{"line":24,"column":5}},"5":{"start":{"line":20,"column":6},"end":{"line":23,"column":8}},"6":{"start":{"line":26,"column":29},"end":{"line":26,"column":59}},"7":{"start":{"line":27,"column":19},"end":{"line":27,"column":61}},"8":{"start":{"line":29,"column":4},"end":{"line":32,"column":7}},"9":{"start":{"line":34,"column":4},"end":{"line":34,"column":68}},"10":{"start":{"line":35,"column":4},"end":{"line":38,"column":6}}},"fnMap":{"0":{"name":"POST","decl":{"start":{"line":7,"column":22},"end":{"line":7,"column":26}},"loc":{"start":{"line":7,"column":49},"end":{"line":40,"column":1}},"line":7}},"branchMap":{"0":{"loc":{"start":{"line":11,"column":4},"end":{"line":16,"column":5}},"type":"if","locations":[{"start":{"line":11,"column":4},"end":{"line":16,"column":5}},{"start":{},"end":{}}],"line":11},"1":{"loc":{"start":{"line":11,"column":8},"end":{"line":11,"column":41}},"type":"binary-expr","locations":[{"start":{"line":11,"column":8},"end":{"line":11,"column":13}},{"start":{"line":11,"column":17},"end":{"line":11,"column":41}}],"line":11},"2":{"loc":{"start":{"line":19,"column":4},"end":{"line":24,"column":5}},"type":"if","locations":[{"start":{"line":19,"column":4},"end":{"line":24,"column":5}},{"start":{},"end":{}}],"line":19}},"s":{"0":0,"1":0,"2":0,"3":0,"4":0,"5":0,"6":0,"7":0,"8":0,"9":0,"10":0},"f":{"0":0},"b":{"0":[0,0],"1":[0,0],"2":[0,0]}}
,"/Users/bastienjavaux/Documents/GitHub/model.san-o1.com/app/api/analysis/sentiment/route.ts": {"path":"/Users/bastienjavaux/Documents/GitHub/model.san-o1.com/app/api/analysis/sentiment/route.ts","statementMap":{"0":{"start":{"line":8,"column":2},"end":{"line":39,"column":3}},"1":{"start":{"line":9,"column":21},"end":{"line":9,"column":41}},"2":{"start":{"line":11,"column":4},"end":{"line":16,"column":5}},"3":{"start":{"line":12,"column":6},"end":{"line":15,"column":8}},"4":{"start":{"line":19,"column":4},"end":{"line":24,"column":5}},"5":{"start":{"line":20,"column":6},"end":{"line":23,"column":8}},"6":{"start":{"line":26,"column":29},"end":{"line":26,"column":59}},"7":{"start":{"line":27,"column":19},"end":{"line":27,"column":64}},"8":{"start":{"line":29,"column":4},"end":{"line":32,"column":7}},"9":{"start":{"line":34,"column":4},"end":{"line":34,"column":68}},"10":{"start":{"line":35,"column":4},"end":{"line":38,"column":6}}},"fnMap":{"0":{"name":"POST","decl":{"start":{"line":7,"column":22},"end":{"line":7,"column":26}},"loc":{"start":{"line":7,"column":49},"end":{"line":40,"column":1}},"line":7}},"branchMap":{"0":{"loc":{"start":{"line":11,"column":4},"end":{"line":16,"column":5}},"type":"if","locations":[{"start":{"line":11,"column":4},"end":{"line":16,"column":5}},{"start":{},"end":{}}],"line":11},"1":{"loc":{"start":{"line":11,"column":8},"end":{"line":11,"column":41}},"type":"binary-expr","locations":[{"start":{"line":11,"column":8},"end":{"line":11,"column":13}},{"start":{"line":11,"column":17},"end":{"line":11,"column":41}}],"line":11},"2":{"loc":{"start":{"line":19,"column":4},"end":{"line":24,"column":5}},"type":"if","locations":[{"start":{"line":19,"column":4},"end":{"line":24,"column":5}},{"start":{},"end":{}}],"line":19}},"s":{"0":0,"1":0,"2":0,"3":0,"4":0,"5":0,"6":0,"7":0,"8":0,"9":0,"10":0},"f":{"0":0},"b":{"0":[0,0],"1":[0,0],"2":[0,0]}}
,"/Users/bastienjavaux/Documents/GitHub/model.san-o1.com/app/api/auth/[...nextauth]/route.ts": {"path":"/Users/bastienjavaux/Documents/GitHub/model.san-o1.com/app/api/auth/[...nextauth]/route.ts","statementMap":{"0":{"start":{"line":6,"column":15},"end":{"line":6,"column":33}},"1":{"start":{"line":8,"column":27},"end":{"line":46,"column":1}},"2":{"start":{"line":27,"column":6},"end":{"line":31,"column":7}},"3":{"start":{"line":28,"column":8},"end":{"line":28,"column":49}},"4":{"start":{"line":29,"column":8},"end":{"line":29,"column":51}},"5":{"start":{"line":30,"column":8},"end":{"line":30,"column":61}},"6":{"start":{"line":32,"column":6},"end":{"line":32,"column":19}},"7":{"start":{"line":36,"column":6},"end":{"line":36,"column":46}},"8":{"start":{"line":37,"column":6},"end":{"line":37,"column":21}},"9":{"start":{"line":48,"column":16},"end":{"line":48,"column":37}}},"fnMap":{"0":{"name":"(anonymous_0)","decl":{"start":{"line":25,"column":4},"end":{"line":25,"column":5}},"loc":{"start":{"line":25,"column":40},"end":{"line":33,"column":5}},"line":25},"1":{"name":"(anonymous_1)","decl":{"start":{"line":34,"column":4},"end":{"line":34,"column":5}},"loc":{"start":{"line":34,"column":38},"end":{"line":38,"column":5}},"line":34}},"branchMap":{"0":{"loc":{"start":{"line":12,"column":16},"end":{"line":12,"column":50}},"type":"binary-expr","locations":[{"start":{"line":12,"column":16},"end":{"line":12,"column":44}},{"start":{"line":12,"column":48},"end":{"line":12,"column":50}}],"line":12},"1":{"loc":{"start":{"line":13,"column":20},"end":{"line":13,"column":58}},"type":"binary-expr","locations":[{"start":{"line":13,"column":20},"end":{"line":13,"column":52}},{"start":{"line":13,"column":56},"end":{"line":13,"column":58}}],"line":13},"2":{"loc":{"start":{"line":27,"column":6},"end":{"line":31,"column":7}},"type":"if","locations":[{"start":{"line":27,"column":6},"end":{"line":31,"column":7}},{"start":{},"end":{}}],"line":27}},"s":{"0":0,"1":0,"2":0,"3":0,"4":0,"5":0,"6":0,"7":0,"8":0,"9":0},"f":{"0":0,"1":0},"b":{"0":[0,0],"1":[0,0],"2":[0,0]}}
,"/Users/bastienjavaux/Documents/GitHub/model.san-o1.com/app/api/chat/route.ts": {"path":"/Users/bastienjavaux/Documents/GitHub/model.san-o1.com/app/api/chat/route.ts","statementMap":{"0":{"start":{"line":6,"column":2},"end":{"line":44,"column":3}},"1":{"start":{"line":7,"column":25},"end":{"line":7,"column":45}},"2":{"start":{"line":9,"column":4},"end":{"line":14,"column":5}},"3":{"start":{"line":10,"column":6},"end":{"line":13,"column":8}},"4":{"start":{"line":17,"column":24},"end":{"line":17,"column":53}},"5":{"start":{"line":19,"column":4},"end":{"line":24,"column":5}},"6":{"start":{"line":20,"column":6},"end":{"line":23,"column":8}},"7":{"start":{"line":27,"column":24},"end":{"line":27,"column":46}},"8":{"start":{"line":28,"column":26},"end":{"line":28,"column":58}},"9":{"start":{"line":31,"column":4},"end":{"line":31,"column":48}},"10":{"start":{"line":34,"column":21},"end":{"line":34,"column":83}},"11":{"start":{"line":36,"column":4},"end":{"line":36,"column":39}},"12":{"start":{"line":38,"column":4},"end":{"line":38,"column":74}},"13":{"start":{"line":40,"column":4},"end":{"line":43,"column":6}}},"fnMap":{"0":{"name":"POST","decl":{"start":{"line":5,"column":22},"end":{"line":5,"column":26}},"loc":{"start":{"line":5,"column":49},"end":{"line":45,"column":1}},"line":5}},"branchMap":{"0":{"loc":{"start":{"line":9,"column":4},"end":{"line":14,"column":5}},"type":"if","locations":[{"start":{"line":9,"column":4},"end":{"line":14,"column":5}},{"start":{},"end":{}}],"line":9},"1":{"loc":{"start":{"line":9,"column":8},"end":{"line":9,"column":70}},"type":"binary-expr","locations":[{"start":{"line":9,"column":8},"end":{"line":9,"column":17}},{"start":{"line":9,"column":21},"end":{"line":9,"column":45}},{"start":{"line":9,"column":49},"end":{"line":9,"column":70}}],"line":9},"2":{"loc":{"start":{"line":19,"column":4},"end":{"line":24,"column":5}},"type":"if","locations":[{"start":{"line":19,"column":4},"end":{"line":24,"column":5}},{"start":{},"end":{}}],"line":19}},"s":{"0":0,"1":0,"2":0,"3":0,"4":0,"5":0,"6":0,"7":0,"8":0,"9":0,"10":0,"11":0,"12":0,"13":0},"f":{"0":0},"b":{"0":[0,0],"1":[0,0,0],"2":[0,0]}}
,"/Users/bastienjavaux/Documents/GitHub/model.san-o1.com/app/api/health/route.ts": {"path":"/Users/bastienjavaux/Documents/GitHub/model.san-o1.com/app/api/health/route.ts","statementMap":{"0":{"start":{"line":4,"column":22},"end":{"line":9,"column":3}},"1":{"start":{"line":11,"column":2},"end":{"line":11,"column":40}}},"fnMap":{"0":{"name":"GET","decl":{"start":{"line":3,"column":22},"end":{"line":3,"column":25}},"loc":{"start":{"line":3,"column":28},"end":{"line":12,"column":1}},"line":3}},"branchMap":{"0":{"loc":{"start":{"line":8,"column":13},"end":{"line":8,"column":43}},"type":"binary-expr","locations":[{"start":{"line":8,"column":13},"end":{"line":8,"column":32}},{"start":{"line":8,"column":36},"end":{"line":8,"column":43}}],"line":8}},"s":{"0":0,"1":0},"f":{"0":0},"b":{"0":[0,0]}}
,"/Users/bastienjavaux/Documents/GitHub/model.san-o1.com/app/api/memories/route.ts": {"path":"/Users/bastienjavaux/Documents/GitHub/model.san-o1.com/app/api/memories/route.ts","statementMap":{"0":{"start":{"line":5,"column":15},"end":{"line":5,"column":33}},"1":{"start":{"line":9,"column":2},"end":{"line":25,"column":3}},"2":{"start":{"line":11,"column":21},"end":{"line":15,"column":6}},"3":{"start":{"line":17,"column":4},"end":{"line":17,"column":39}},"4":{"start":{"line":19,"column":4},"end":{"line":19,"column":73}},"5":{"start":{"line":21,"column":4},"end":{"line":24,"column":6}},"6":{"start":{"line":30,"column":2},"end":{"line":57,"column":3}},"7":{"start":{"line":31,"column":42},"end":{"line":31,"column":62}},"8":{"start":{"line":33,"column":4},"end":{"line":38,"column":5}},"9":{"start":{"line":34,"column":6},"end":{"line":37,"column":8}},"10":{"start":{"line":41,"column":19},"end":{"line":41,"column":33}},"11":{"start":{"line":44,"column":24},"end":{"line":44,"column":46}},"12":{"start":{"line":47,"column":19},"end":{"line":47,"column":69}},"13":{"start":{"line":49,"column":4},"end":{"line":49,"column":37}},"14":{"start":{"line":51,"column":4},"end":{"line":51,"column":70}},"15":{"start":{"line":53,"column":4},"end":{"line":56,"column":6}},"16":{"start":{"line":62,"column":2},"end":{"line":93,"column":3}},"17":{"start":{"line":63,"column":19},"end":{"line":63,"column":39}},"18":{"start":{"line":65,"column":4},"end":{"line":70,"column":5}},"19":{"start":{"line":66,"column":6},"end":{"line":69,"column":8}},"20":{"start":{"line":73,"column":24},"end":{"line":73,"column":46}},"21":{"start":{"line":76,"column":20},"end":{"line":76,"column":54}},"22":{"start":{"line":78,"column":4},"end":{"line":83,"column":5}},"23":{"start":{"line":79,"column":6},"end":{"line":82,"column":8}},"24":{"start":{"line":85,"column":4},"end":{"line":85,"column":48}},"25":{"start":{"line":87,"column":4},"end":{"line":87,"column":73}},"26":{"start":{"line":89,"column":4},"end":{"line":92,"column":6}},"27":{"start":{"line":98,"column":2},"end":{"line":129,"column":3}},"28":{"start":{"line":99,"column":34},"end":{"line":99,"column":54}},"29":{"start":{"line":101,"column":4},"end":{"line":106,"column":5}},"30":{"start":{"line":102,"column":6},"end":{"line":105,"column":8}},"31":{"start":{"line":109,"column":24},"end":{"line":109,"column":46}},"32":{"start":{"line":112,"column":19},"end":{"line":112,"column":68}},"33":{"start":{"line":114,"column":4},"end":{"line":119,"column":5}},"34":{"start":{"line":115,"column":6},"end":{"line":118,"column":8}},"35":{"start":{"line":121,"column":4},"end":{"line":121,"column":37}},"36":{"start":{"line":123,"column":4},"end":{"line":123,"column":73}},"37":{"start":{"line":125,"column":4},"end":{"line":128,"column":6}}},"fnMap":{"0":{"name":"GET","decl":{"start":{"line":8,"column":22},"end":{"line":8,"column":25}},"loc":{"start":{"line":8,"column":28},"end":{"line":26,"column":1}},"line":8},"1":{"name":"POST","decl":{"start":{"line":29,"column":22},"end":{"line":29,"column":26}},"loc":{"start":{"line":29,"column":49},"end":{"line":58,"column":1}},"line":29},"2":{"name":"DELETE","decl":{"start":{"line":61,"column":22},"end":{"line":61,"column":28}},"loc":{"start":{"line":61,"column":51},"end":{"line":94,"column":1}},"line":61},"3":{"name":"PUT","decl":{"start":{"line":97,"column":22},"end":{"line":97,"column":25}},"loc":{"start":{"line":97,"column":48},"end":{"line":130,"column":1}},"line":97}},"branchMap":{"0":{"loc":{"start":{"line":31,"column":21},"end":{"line":31,"column":37}},"type":"default-arg","locations":[{"start":{"line":31,"column":28},"end":{"line":31,"column":37}}],"line":31},"1":{"loc":{"start":{"line":33,"column":4},"end":{"line":38,"column":5}},"type":"if","locations":[{"start":{"line":33,"column":4},"end":{"line":38,"column":5}},{"start":{},"end":{}}],"line":33},"2":{"loc":{"start":{"line":65,"column":4},"end":{"line":70,"column":5}},"type":"if","locations":[{"start":{"line":65,"column":4},"end":{"line":70,"column":5}},{"start":{},"end":{}}],"line":65},"3":{"loc":{"start":{"line":78,"column":4},"end":{"line":83,"column":5}},"type":"if","locations":[{"start":{"line":78,"column":4},"end":{"line":83,"column":5}},{"start":{},"end":{}}],"line":78},"4":{"loc":{"start":{"line":101,"column":4},"end":{"line":106,"column":5}},"type":"if","locations":[{"start":{"line":101,"column":4},"end":{"line":106,"column":5}},{"start":{},"end":{}}],"line":101},"5":{"loc":{"start":{"line":101,"column":8},"end":{"line":101,"column":23}},"type":"binary-expr","locations":[{"start":{"line":101,"column":8},"end":{"line":101,"column":11}},{"start":{"line":101,"column":15},"end":{"line":101,"column":23}}],"line":101},"6":{"loc":{"start":{"line":114,"column":4},"end":{"line":119,"column":5}},"type":"if","locations":[{"start":{"line":114,"column":4},"end":{"line":119,"column":5}},{"start":{},"end":{}}],"line":114}},"s":{"0":0,"1":0,"2":0,"3":0,"4":0,"5":0,"6":0,"7":0,"8":0,"9":0,"10":0,"11":0,"12":0,"13":0,"14":0,"15":0,"16":0,"17":0,"18":0,"19":0,"20":0,"21":0,"22":0,"23":0,"24":0,"25":0,"26":0,"27":0,"28":0,"29":0,"30":0,"31":0,"32":0,"33":0,"34":0,"35":0,"36":0,"37":0},"f":{"0":0,"1":0,"2":0,"3":0},"b":{"0":[0],"1":[0,0],"2":[0,0],"3":[0,0],"4":[0,0],"5":[0,0],"6":[0,0]}}
,"/Users/bastienjavaux/Documents/GitHub/model.san-o1.com/app/api/memories/search/route.ts": {"path":"/Users/bastienjavaux/Documents/GitHub/model.san-o1.com/app/api/memories/search/route.ts","statementMap":{"0":{"start":{"line":5,"column":2},"end":{"line":35,"column":3}},"1":{"start":{"line":7,"column":16},"end":{"line":7,"column":36}},"2":{"start":{"line":8,"column":18},"end":{"line":8,"column":47}},"3":{"start":{"line":10,"column":4},"end":{"line":15,"column":5}},"4":{"start":{"line":11,"column":6},"end":{"line":14,"column":8}},"5":{"start":{"line":18,"column":23},"end":{"line":18,"column":52}},"6":{"start":{"line":19,"column":18},"end":{"line":19,"column":59}},"7":{"start":{"line":22,"column":24},"end":{"line":22,"column":46}},"8":{"start":{"line":25,"column":21},"end":{"line":25,"column":69}},"9":{"start":{"line":27,"column":4},"end":{"line":27,"column":39}},"10":{"start":{"line":29,"column":4},"end":{"line":29,"column":75}},"11":{"start":{"line":31,"column":4},"end":{"line":34,"column":6}}},"fnMap":{"0":{"name":"GET","decl":{"start":{"line":4,"column":22},"end":{"line":4,"column":25}},"loc":{"start":{"line":4,"column":48},"end":{"line":36,"column":1}},"line":4}},"branchMap":{"0":{"loc":{"start":{"line":10,"column":4},"end":{"line":15,"column":5}},"type":"if","locations":[{"start":{"line":10,"column":4},"end":{"line":15,"column":5}},{"start":{},"end":{}}],"line":10},"1":{"loc":{"start":{"line":19,"column":18},"end":{"line":19,"column":59}},"type":"cond-expr","locations":[{"start":{"line":19,"column":31},"end":{"line":19,"column":55}},{"start":{"line":19,"column":58},"end":{"line":19,"column":59}}],"line":19}},"s":{"0":0,"1":0,"2":0,"3":0,"4":0,"5":0,"6":0,"7":0,"8":0,"9":0,"10":0,"11":0},"f":{"0":0},"b":{"0":[0,0],"1":[0,0]}}
,"/Users/bastienjavaux/Documents/GitHub/model.san-o1.com/app/api/modules/route.ts": {"path":"/Users/bastienjavaux/Documents/GitHub/model.san-o1.com/app/api/modules/route.ts","statementMap":{"0":{"start":{"line":5,"column":15},"end":{"line":5,"column":33}},"1":{"start":{"line":21,"column":2},"end":{"line":47,"column":3}},"2":{"start":{"line":22,"column":20},"end":{"line":26,"column":6}},"3":{"start":{"line":29,"column":39},"end":{"line":38,"column":7}},"4":{"start":{"line":29,"column":62},"end":{"line":38,"column":5}},"5":{"start":{"line":40,"column":4},"end":{"line":40,"column":47}},"6":{"start":{"line":42,"column":4},"end":{"line":42,"column":72}},"7":{"start":{"line":43,"column":4},"end":{"line":46,"column":6}},"8":{"start":{"line":52,"column":2},"end":{"line":98,"column":3}},"9":{"start":{"line":53,"column":17},"end":{"line":53,"column":37}},"10":{"start":{"line":56,"column":4},"end":{"line":61,"column":5}},"11":{"start":{"line":57,"column":6},"end":{"line":60,"column":8}},"12":{"start":{"line":64,"column":19},"end":{"line":75,"column":6}},"13":{"start":{"line":78,"column":36},"end":{"line":89,"column":5}},"14":{"start":{"line":91,"column":4},"end":{"line":91,"column":63}},"15":{"start":{"line":93,"column":4},"end":{"line":93,"column":66}},"16":{"start":{"line":94,"column":4},"end":{"line":97,"column":6}},"17":{"start":{"line":106,"column":2},"end":{"line":159,"column":3}},"18":{"start":{"line":107,"column":21},"end":{"line":107,"column":36}},"19":{"start":{"line":108,"column":17},"end":{"line":108,"column":37}},"20":{"start":{"line":111,"column":27},"end":{"line":113,"column":6}},"21":{"start":{"line":115,"column":4},"end":{"line":120,"column":5}},"22":{"start":{"line":116,"column":6},"end":{"line":119,"column":8}},"23":{"start":{"line":123,"column":26},"end":{"line":136,"column":6}},"24":{"start":{"line":139,"column":36},"end":{"line":150,"column":5}},"25":{"start":{"line":152,"column":4},"end":{"line":152,"column":46}},"26":{"start":{"line":154,"column":4},"end":{"line":154,"column":69}},"27":{"start":{"line":155,"column":4},"end":{"line":158,"column":6}},"28":{"start":{"line":167,"column":2},"end":{"line":194,"column":3}},"29":{"start":{"line":168,"column":21},"end":{"line":168,"column":36}},"30":{"start":{"line":171,"column":27},"end":{"line":173,"column":6}},"31":{"start":{"line":175,"column":4},"end":{"line":180,"column":5}},"32":{"start":{"line":176,"column":6},"end":{"line":179,"column":8}},"33":{"start":{"line":183,"column":4},"end":{"line":185,"column":7}},"34":{"start":{"line":187,"column":4},"end":{"line":187,"column":48}},"35":{"start":{"line":189,"column":4},"end":{"line":189,"column":69}},"36":{"start":{"line":190,"column":4},"end":{"line":193,"column":6}}},"fnMap":{"0":{"name":"GET","decl":{"start":{"line":20,"column":22},"end":{"line":20,"column":25}},"loc":{"start":{"line":20,"column":48},"end":{"line":48,"column":1}},"line":20},"1":{"name":"(anonymous_1)","decl":{"start":{"line":29,"column":51},"end":{"line":29,"column":52}},"loc":{"start":{"line":29,"column":62},"end":{"line":38,"column":5}},"line":29},"2":{"name":"POST","decl":{"start":{"line":51,"column":22},"end":{"line":51,"column":26}},"loc":{"start":{"line":51,"column":49},"end":{"line":99,"column":1}},"line":51},"3":{"name":"PATCH","decl":{"start":{"line":102,"column":22},"end":{"line":102,"column":27}},"loc":{"start":{"line":105,"column":2},"end":{"line":160,"column":1}},"line":105},"4":{"name":"DELETE","decl":{"start":{"line":163,"column":22},"end":{"line":163,"column":28}},"loc":{"start":{"line":166,"column":2},"end":{"line":195,"column":1}},"line":166}},"branchMap":{"0":{"loc":{"start":{"line":34,"column":12},"end":{"line":34,"column":36}},"type":"binary-expr","locations":[{"start":{"line":34,"column":12},"end":{"line":34,"column":23}},{"start":{"line":34,"column":27},"end":{"line":34,"column":36}}],"line":34},"1":{"loc":{"start":{"line":35,"column":16},"end":{"line":35,"column":76}},"type":"cond-expr","locations":[{"start":{"line":35,"column":34},"end":{"line":35,"column":71}},{"start":{"line":35,"column":74},"end":{"line":35,"column":76}}],"line":35},"2":{"loc":{"start":{"line":36,"column":27},"end":{"line":36,"column":109}},"type":"cond-expr","locations":[{"start":{"line":36,"column":56},"end":{"line":36,"column":104}},{"start":{"line":36,"column":107},"end":{"line":36,"column":109}}],"line":36},"3":{"loc":{"start":{"line":56,"column":4},"end":{"line":61,"column":5}},"type":"if","locations":[{"start":{"line":56,"column":4},"end":{"line":61,"column":5}},{"start":{},"end":{}}],"line":56},"4":{"loc":{"start":{"line":56,"column":8},"end":{"line":56,"column":39}},"type":"binary-expr","locations":[{"start":{"line":56,"column":8},"end":{"line":56,"column":18}},{"start":{"line":56,"column":22},"end":{"line":56,"column":39}}],"line":56},"5":{"loc":{"start":{"line":69,"column":17},"end":{"line":69,"column":38}},"type":"binary-expr","locations":[{"start":{"line":69,"column":17},"end":{"line":69,"column":29}},{"start":{"line":69,"column":33},"end":{"line":69,"column":38}}],"line":69},"6":{"loc":{"start":{"line":70,"column":14},"end":{"line":70,"column":31}},"type":"binary-expr","locations":[{"start":{"line":70,"column":14},"end":{"line":70,"column":23}},{"start":{"line":70,"column":27},"end":{"line":70,"column":31}}],"line":70},"7":{"loc":{"start":{"line":71,"column":18},"end":{"line":71,"column":70}},"type":"cond-expr","locations":[{"start":{"line":71,"column":34},"end":{"line":71,"column":63}},{"start":{"line":71,"column":66},"end":{"line":71,"column":70}}],"line":71},"8":{"loc":{"start":{"line":72,"column":29},"end":{"line":72,"column":103}},"type":"cond-expr","locations":[{"start":{"line":72,"column":56},"end":{"line":72,"column":96}},{"start":{"line":72,"column":99},"end":{"line":72,"column":103}}],"line":72},"9":{"loc":{"start":{"line":83,"column":12},"end":{"line":83,"column":36}},"type":"binary-expr","locations":[{"start":{"line":83,"column":12},"end":{"line":83,"column":23}},{"start":{"line":83,"column":27},"end":{"line":83,"column":36}}],"line":83},"10":{"loc":{"start":{"line":84,"column":16},"end":{"line":84,"column":76}},"type":"cond-expr","locations":[{"start":{"line":84,"column":34},"end":{"line":84,"column":71}},{"start":{"line":84,"column":74},"end":{"line":84,"column":76}}],"line":84},"11":{"loc":{"start":{"line":85,"column":27},"end":{"line":87,"column":12}},"type":"cond-expr","locations":[{"start":{"line":86,"column":10},"end":{"line":86,"column":58}},{"start":{"line":87,"column":10},"end":{"line":87,"column":12}}],"line":85},"12":{"loc":{"start":{"line":115,"column":4},"end":{"line":120,"column":5}},"type":"if","locations":[{"start":{"line":115,"column":4},"end":{"line":120,"column":5}},{"start":{},"end":{}}],"line":115},"13":{"loc":{"start":{"line":126,"column":14},"end":{"line":126,"column":61}},"type":"cond-expr","locations":[{"start":{"line":126,"column":40},"end":{"line":126,"column":49}},{"start":{"line":126,"column":52},"end":{"line":126,"column":61}}],"line":126},"14":{"loc":{"start":{"line":127,"column":21},"end":{"line":127,"column":82}},"type":"cond-expr","locations":[{"start":{"line":127,"column":54},"end":{"line":127,"column":70}},{"start":{"line":127,"column":73},"end":{"line":127,"column":82}}],"line":127},"15":{"loc":{"start":{"line":128,"column":17},"end":{"line":128,"column":70}},"type":"cond-expr","locations":[{"start":{"line":128,"column":46},"end":{"line":128,"column":58}},{"start":{"line":128,"column":61},"end":{"line":128,"column":70}}],"line":128},"16":{"loc":{"start":{"line":129,"column":14},"end":{"line":129,"column":61}},"type":"cond-expr","locations":[{"start":{"line":129,"column":40},"end":{"line":129,"column":49}},{"start":{"line":129,"column":52},"end":{"line":129,"column":61}}],"line":129},"17":{"loc":{"start":{"line":130,"column":18},"end":{"line":130,"column":89}},"type":"cond-expr","locations":[{"start":{"line":130,"column":48},"end":{"line":130,"column":77}},{"start":{"line":130,"column":80},"end":{"line":130,"column":89}}],"line":130},"18":{"loc":{"start":{"line":131,"column":29},"end":{"line":133,"column":21}},"type":"cond-expr","locations":[{"start":{"line":132,"column":12},"end":{"line":132,"column":52}},{"start":{"line":133,"column":12},"end":{"line":133,"column":21}}],"line":131},"19":{"loc":{"start":{"line":134,"column":17},"end":{"line":134,"column":70}},"type":"cond-expr","locations":[{"start":{"line":134,"column":46},"end":{"line":134,"column":58}},{"start":{"line":134,"column":61},"end":{"line":134,"column":70}}],"line":134},"20":{"loc":{"start":{"line":144,"column":12},"end":{"line":144,"column":43}},"type":"binary-expr","locations":[{"start":{"line":144,"column":12},"end":{"line":144,"column":30}},{"start":{"line":144,"column":34},"end":{"line":144,"column":43}}],"line":144},"21":{"loc":{"start":{"line":145,"column":16},"end":{"line":145,"column":90}},"type":"cond-expr","locations":[{"start":{"line":145,"column":41},"end":{"line":145,"column":85}},{"start":{"line":145,"column":88},"end":{"line":145,"column":90}}],"line":145},"22":{"loc":{"start":{"line":146,"column":27},"end":{"line":148,"column":12}},"type":"cond-expr","locations":[{"start":{"line":147,"column":10},"end":{"line":147,"column":65}},{"start":{"line":148,"column":10},"end":{"line":148,"column":12}}],"line":146},"23":{"loc":{"start":{"line":175,"column":4},"end":{"line":180,"column":5}},"type":"if","locations":[{"start":{"line":175,"column":4},"end":{"line":180,"column":5}},{"start":{},"end":{}}],"line":175}},"s":{"0":0,"1":0,"2":0,"3":0,"4":0,"5":0,"6":0,"7":0,"8":0,"9":0,"10":0,"11":0,"12":0,"13":0,"14":0,"15":0,"16":0,"17":0,"18":0,"19":0,"20":0,"21":0,"22":0,"23":0,"24":0,"25":0,"26":0,"27":0,"28":0,"29":0,"30":0,"31":0,"32":0,"33":0,"34":0,"35":0,"36":0},"f":{"0":0,"1":0,"2":0,"3":0,"4":0},"b":{"0":[0,0],"1":[0,0],"2":[0,0],"3":[0,0],"4":[0,0],"5":[0,0],"6":[0,0],"7":[0,0],"8":[0,0],"9":[0,0],"10":[0,0],"11":[0,0],"12":[0,0],"13":[0,0],"14":[0,0],"15":[0,0],"16":[0,0],"17":[0,0],"18":[0,0],"19":[0,0],"20":[0,0],"21":[0,0],"22":[0,0],"23":[0,0]}}
,"/Users/bastienjavaux/Documents/GitHub/model.san-o1.com/app/api/modules/calendar/events/route.ts": {"path":"/Users/bastienjavaux/Documents/GitHub/model.san-o1.com/app/api/modules/calendar/events/route.ts","statementMap":{"0":{"start":{"line":17,"column":15},"end":{"line":17,"column":33}},"1":{"start":{"line":21,"column":2},"end":{"line":21,"column":45}},"2":{"start":{"line":26,"column":2},"end":{"line":211,"column":3}},"3":{"start":{"line":27,"column":20},"end":{"line":27,"column":38}},"4":{"start":{"line":28,"column":19},"end":{"line":30,"column":14}},"5":{"start":{"line":32,"column":4},"end":{"line":37,"column":5}},"6":{"start":{"line":33,"column":6},"end":{"line":36,"column":8}},"7":{"start":{"line":39,"column":17},"end":{"line":39,"column":37}},"8":{"start":{"line":42,"column":4},"end":{"line":138,"column":5}},"9":{"start":{"line":43,"column":24},"end":{"line":43,"column":48}},"10":{"start":{"line":44,"column":22},"end":{"line":44,"column":44}},"11":{"start":{"line":47,"column":26},"end":{"line":85,"column":8}},"12":{"start":{"line":87,"column":22},"end":{"line":87,"column":38}},"13":{"start":{"line":90,"column":6},"end":{"line":135,"column":7}},"14":{"start":{"line":91,"column":8},"end":{"line":134,"column":9}},"15":{"start":{"line":92,"column":31},"end":{"line":96,"column":11}},"16":{"start":{"line":99,"column":33},"end":{"line":99,"column":80}},"17":{"start":{"line":99,"column":63},"end":{"line":99,"column":78}},"18":{"start":{"line":100,"column":38},"end":{"line":102,"column":39}},"19":{"start":{"line":101,"column":25},"end":{"line":101,"column":40}},"20":{"start":{"line":102,"column":22},"end":{"line":102,"column":37}},"21":{"start":{"line":105,"column":34},"end":{"line":107,"column":11}},"22":{"start":{"line":106,"column":12},"end":{"line":106,"column":53}},"23":{"start":{"line":110,"column":10},"end":{"line":131,"column":11}},"24":{"start":{"line":111,"column":29},"end":{"line":125,"column":14}},"25":{"start":{"line":128,"column":12},"end":{"line":128,"column":47}},"26":{"start":{"line":130,"column":12},"end":{"line":130,"column":37}},"27":{"start":{"line":133,"column":10},"end":{"line":133,"column":97}},"28":{"start":{"line":137,"column":6},"end":{"line":137,"column":54}},"29":{"start":{"line":141,"column":4},"end":{"line":199,"column":5}},"30":{"start":{"line":142,"column":69},"end":{"line":142,"column":79}},"31":{"start":{"line":145,"column":6},"end":{"line":150,"column":7}},"32":{"start":{"line":146,"column":8},"end":{"line":149,"column":10}},"33":{"start":{"line":153,"column":24},"end":{"line":165,"column":7}},"34":{"start":{"line":168,"column":6},"end":{"line":188,"column":7}},"35":{"start":{"line":169,"column":8},"end":{"line":187,"column":9}},"36":{"start":{"line":170,"column":30},"end":{"line":180,"column":11}},"37":{"start":{"line":182,"column":10},"end":{"line":182,"column":62}},"38":{"start":{"line":183,"column":10},"end":{"line":183,"column":49}},"39":{"start":{"line":184,"column":10},"end":{"line":184,"column":34}},"40":{"start":{"line":186,"column":10},"end":{"line":186,"column":99}},"41":{"start":{"line":191,"column":20},"end":{"line":193,"column":8}},"42":{"start":{"line":196,"column":6},"end":{"line":196,"column":38}},"43":{"start":{"line":198,"column":6},"end":{"line":198,"column":59}},"44":{"start":{"line":201,"column":4},"end":{"line":204,"column":6}},"45":{"start":{"line":206,"column":4},"end":{"line":206,"column":84}},"46":{"start":{"line":207,"column":4},"end":{"line":210,"column":6}},"47":{"start":{"line":219,"column":2},"end":{"line":294,"column":3}},"48":{"start":{"line":220,"column":20},"end":{"line":220,"column":38}},"49":{"start":{"line":221,"column":19},"end":{"line":223,"column":10}},"50":{"start":{"line":225,"column":4},"end":{"line":230,"column":5}},"51":{"start":{"line":226,"column":6},"end":{"line":229,"column":8}},"52":{"start":{"line":232,"column":20},"end":{"line":232,"column":29}},"53":{"start":{"line":233,"column":17},"end":{"line":233,"column":37}},"54":{"start":{"line":236,"column":26},"end":{"line":241,"column":6}},"55":{"start":{"line":243,"column":4},"end":{"line":248,"column":5}},"56":{"start":{"line":244,"column":6},"end":{"line":247,"column":8}},"57":{"start":{"line":251,"column":67},"end":{"line":251,"column":77}},"58":{"start":{"line":254,"column":29},"end":{"line":261,"column":5}},"59":{"start":{"line":264,"column":4},"end":{"line":276,"column":5}},"60":{"start":{"line":265,"column":6},"end":{"line":275,"column":7}},"61":{"start":{"line":266,"column":8},"end":{"line":272,"column":10}},"62":{"start":{"line":274,"column":8},"end":{"line":274,"column":100}},"63":{"start":{"line":279,"column":25},"end":{"line":282,"column":6}},"64":{"start":{"line":285,"column":4},"end":{"line":285,"column":43}},"65":{"start":{"line":287,"column":4},"end":{"line":287,"column":54}},"66":{"start":{"line":289,"column":4},"end":{"line":289,"column":75}},"67":{"start":{"line":290,"column":4},"end":{"line":293,"column":6}},"68":{"start":{"line":302,"column":2},"end":{"line":359,"column":3}},"69":{"start":{"line":303,"column":20},"end":{"line":303,"column":38}},"70":{"start":{"line":304,"column":19},"end":{"line":306,"column":10}},"71":{"start":{"line":308,"column":4},"end":{"line":313,"column":5}},"72":{"start":{"line":309,"column":6},"end":{"line":312,"column":8}},"73":{"start":{"line":315,"column":20},"end":{"line":315,"column":29}},"74":{"start":{"line":318,"column":26},"end":{"line":323,"column":6}},"75":{"start":{"line":325,"column":4},"end":{"line":330,"column":5}},"76":{"start":{"line":326,"column":6},"end":{"line":329,"column":8}},"77":{"start":{"line":333,"column":4},"end":{"line":342,"column":5}},"78":{"start":{"line":334,"column":6},"end":{"line":341,"column":7}},"79":{"start":{"line":335,"column":8},"end":{"line":338,"column":10}},"80":{"start":{"line":340,"column":8},"end":{"line":340,"column":100}},"81":{"start":{"line":345,"column":4},"end":{"line":347,"column":7}},"82":{"start":{"line":350,"column":4},"end":{"line":350,"column":45}},"83":{"start":{"line":352,"column":4},"end":{"line":352,"column":48}},"84":{"start":{"line":354,"column":4},"end":{"line":354,"column":75}},"85":{"start":{"line":355,"column":4},"end":{"line":358,"column":6}},"86":{"start":{"line":364,"column":2},"end":{"line":400,"column":3}},"87":{"start":{"line":365,"column":20},"end":{"line":365,"column":38}},"88":{"start":{"line":366,"column":19},"end":{"line":368,"column":10}},"89":{"start":{"line":370,"column":4},"end":{"line":375,"column":5}},"90":{"start":{"line":371,"column":6},"end":{"line":374,"column":8}},"91":{"start":{"line":377,"column":29},"end":{"line":377,"column":49}},"92":{"start":{"line":378,"column":19},"end":{"line":378,"column":45}},"93":{"start":{"line":381,"column":4},"end":{"line":385,"column":5}},"94":{"start":{"line":382,"column":38},"end":{"line":382,"column":88}},"95":{"start":{"line":383,"column":21},"end":{"line":383,"column":62}},"96":{"start":{"line":384,"column":6},"end":{"line":384,"column":43}},"97":{"start":{"line":388,"column":19},"end":{"line":391,"column":6}},"98":{"start":{"line":393,"column":4},"end":{"line":393,"column":41}},"99":{"start":{"line":395,"column":4},"end":{"line":395,"column":75}},"100":{"start":{"line":396,"column":4},"end":{"line":399,"column":6}}},"fnMap":{"0":{"name":"getSession","decl":{"start":{"line":20,"column":15},"end":{"line":20,"column":25}},"loc":{"start":{"line":20,"column":28},"end":{"line":22,"column":1}},"line":20},"1":{"name":"POST","decl":{"start":{"line":25,"column":22},"end":{"line":25,"column":26}},"loc":{"start":{"line":25,"column":49},"end":{"line":212,"column":1}},"line":25},"2":{"name":"(anonymous_2)","decl":{"start":{"line":99,"column":58},"end":{"line":99,"column":59}},"loc":{"start":{"line":99,"column":63},"end":{"line":99,"column":78}},"line":99},"3":{"name":"(anonymous_3)","decl":{"start":{"line":101,"column":20},"end":{"line":101,"column":21}},"loc":{"start":{"line":101,"column":25},"end":{"line":101,"column":40}},"line":101},"4":{"name":"(anonymous_4)","decl":{"start":{"line":102,"column":17},"end":{"line":102,"column":18}},"loc":{"start":{"line":102,"column":22},"end":{"line":102,"column":37}},"line":102},"5":{"name":"(anonymous_5)","decl":{"start":{"line":105,"column":54},"end":{"line":105,"column":55}},"loc":{"start":{"line":106,"column":12},"end":{"line":106,"column":53}},"line":106},"6":{"name":"PATCH","decl":{"start":{"line":215,"column":22},"end":{"line":215,"column":27}},"loc":{"start":{"line":218,"column":2},"end":{"line":295,"column":1}},"line":218},"7":{"name":"DELETE","decl":{"start":{"line":298,"column":22},"end":{"line":298,"column":28}},"loc":{"start":{"line":301,"column":2},"end":{"line":360,"column":1}},"line":301},"8":{"name":"GET","decl":{"start":{"line":363,"column":22},"end":{"line":363,"column":25}},"loc":{"start":{"line":363,"column":48},"end":{"line":401,"column":1}},"line":363}},"branchMap":{"0":{"loc":{"start":{"line":28,"column":19},"end":{"line":30,"column":14}},"type":"cond-expr","locations":[{"start":{"line":29,"column":6},"end":{"line":29,"column":82}},{"start":{"line":30,"column":6},"end":{"line":30,"column":14}}],"line":28},"1":{"loc":{"start":{"line":32,"column":4},"end":{"line":37,"column":5}},"type":"if","locations":[{"start":{"line":32,"column":4},"end":{"line":37,"column":5}},{"start":{},"end":{}}],"line":32},"2":{"loc":{"start":{"line":42,"column":4},"end":{"line":138,"column":5}},"type":"if","locations":[{"start":{"line":42,"column":4},"end":{"line":138,"column":5}},{"start":{},"end":{}}],"line":42},"3":{"loc":{"start":{"line":42,"column":8},"end":{"line":42,"column":38}},"type":"binary-expr","locations":[{"start":{"line":42,"column":8},"end":{"line":42,"column":22}},{"start":{"line":42,"column":26},"end":{"line":42,"column":38}}],"line":42},"4":{"loc":{"start":{"line":90,"column":6},"end":{"line":135,"column":7}},"type":"if","locations":[{"start":{"line":90,"column":6},"end":{"line":135,"column":7}},{"start":{},"end":{}}],"line":90},"5":{"loc":{"start":{"line":117,"column":29},"end":{"line":117,"column":54}},"type":"binary-expr","locations":[{"start":{"line":117,"column":29},"end":{"line":117,"column":46}},{"start":{"line":117,"column":50},"end":{"line":117,"column":54}}],"line":117},"6":{"loc":{"start":{"line":118,"column":26},"end":{"line":118,"column":48}},"type":"binary-expr","locations":[{"start":{"line":118,"column":26},"end":{"line":118,"column":40}},{"start":{"line":118,"column":44},"end":{"line":118,"column":48}}],"line":118},"7":{"loc":{"start":{"line":119,"column":26},"end":{"line":119,"column":49}},"type":"binary-expr","locations":[{"start":{"line":119,"column":26},"end":{"line":119,"column":40}},{"start":{"line":119,"column":44},"end":{"line":119,"column":49}}],"line":119},"8":{"loc":{"start":{"line":141,"column":4},"end":{"line":199,"column":5}},"type":"if","locations":[{"start":{"line":141,"column":4},"end":{"line":199,"column":5}},{"start":{},"end":{}}],"line":141},"9":{"loc":{"start":{"line":145,"column":6},"end":{"line":150,"column":7}},"type":"if","locations":[{"start":{"line":145,"column":6},"end":{"line":150,"column":7}},{"start":{},"end":{}}],"line":145},"10":{"loc":{"start":{"line":145,"column":10},"end":{"line":145,"column":34}},"type":"binary-expr","locations":[{"start":{"line":145,"column":10},"end":{"line":145,"column":16}},{"start":{"line":145,"column":20},"end":{"line":145,"column":26}},{"start":{"line":145,"column":30},"end":{"line":145,"column":34}}],"line":145},"11":{"loc":{"start":{"line":158,"column":21},"end":{"line":158,"column":40}},"type":"binary-expr","locations":[{"start":{"line":158,"column":21},"end":{"line":158,"column":32}},{"start":{"line":158,"column":36},"end":{"line":158,"column":40}}],"line":158},"12":{"loc":{"start":{"line":159,"column":18},"end":{"line":159,"column":34}},"type":"binary-expr","locations":[{"start":{"line":159,"column":18},"end":{"line":159,"column":26}},{"start":{"line":159,"column":30},"end":{"line":159,"column":34}}],"line":159},"13":{"loc":{"start":{"line":160,"column":18},"end":{"line":160,"column":35}},"type":"binary-expr","locations":[{"start":{"line":160,"column":18},"end":{"line":160,"column":26}},{"start":{"line":160,"column":30},"end":{"line":160,"column":35}}],"line":160},"14":{"loc":{"start":{"line":168,"column":6},"end":{"line":188,"column":7}},"type":"if","locations":[{"start":{"line":168,"column":6},"end":{"line":188,"column":7}},{"start":{},"end":{}}],"line":168},"15":{"loc":{"start":{"line":221,"column":19},"end":{"line":223,"column":10}},"type":"cond-expr","locations":[{"start":{"line":222,"column":6},"end":{"line":222,"column":82}},{"start":{"line":223,"column":6},"end":{"line":223,"column":10}}],"line":221},"16":{"loc":{"start":{"line":225,"column":4},"end":{"line":230,"column":5}},"type":"if","locations":[{"start":{"line":225,"column":4},"end":{"line":230,"column":5}},{"start":{},"end":{}}],"line":225},"17":{"loc":{"start":{"line":243,"column":4},"end":{"line":248,"column":5}},"type":"if","locations":[{"start":{"line":243,"column":4},"end":{"line":248,"column":5}},{"start":{},"end":{}}],"line":243},"18":{"loc":{"start":{"line":255,"column":13},"end":{"line":255,"column":41}},"type":"binary-expr","locations":[{"start":{"line":255,"column":13},"end":{"line":255,"column":18}},{"start":{"line":255,"column":22},"end":{"line":255,"column":41}}],"line":255},"19":{"loc":{"start":{"line":256,"column":13},"end":{"line":256,"column":58}},"type":"cond-expr","locations":[{"start":{"line":256,"column":21},"end":{"line":256,"column":36}},{"start":{"line":256,"column":39},"end":{"line":256,"column":58}}],"line":256},"20":{"loc":{"start":{"line":257,"column":11},"end":{"line":257,"column":50}},"type":"cond-expr","locations":[{"start":{"line":257,"column":17},"end":{"line":257,"column":30}},{"start":{"line":257,"column":33},"end":{"line":257,"column":50}}],"line":257},"21":{"loc":{"start":{"line":258,"column":19},"end":{"line":258,"column":86}},"type":"cond-expr","locations":[{"start":{"line":258,"column":47},"end":{"line":258,"column":58}},{"start":{"line":258,"column":61},"end":{"line":258,"column":86}}],"line":258},"22":{"loc":{"start":{"line":259,"column":16},"end":{"line":259,"column":74}},"type":"cond-expr","locations":[{"start":{"line":259,"column":41},"end":{"line":259,"column":49}},{"start":{"line":259,"column":52},"end":{"line":259,"column":74}}],"line":259},"23":{"loc":{"start":{"line":260,"column":16},"end":{"line":260,"column":74}},"type":"cond-expr","locations":[{"start":{"line":260,"column":41},"end":{"line":260,"column":49}},{"start":{"line":260,"column":52},"end":{"line":260,"column":74}}],"line":260},"24":{"loc":{"start":{"line":264,"column":4},"end":{"line":276,"column":5}},"type":"if","locations":[{"start":{"line":264,"column":4},"end":{"line":276,"column":5}},{"start":{},"end":{}}],"line":264},"25":{"loc":{"start":{"line":264,"column":8},"end":{"line":264,"column":59}},"type":"binary-expr","locations":[{"start":{"line":264,"column":8},"end":{"line":264,"column":35}},{"start":{"line":264,"column":39},"end":{"line":264,"column":59}}],"line":264},"26":{"loc":{"start":{"line":304,"column":19},"end":{"line":306,"column":10}},"type":"cond-expr","locations":[{"start":{"line":305,"column":6},"end":{"line":305,"column":82}},{"start":{"line":306,"column":6},"end":{"line":306,"column":10}}],"line":304},"27":{"loc":{"start":{"line":308,"column":4},"end":{"line":313,"column":5}},"type":"if","locations":[{"start":{"line":308,"column":4},"end":{"line":313,"column":5}},{"start":{},"end":{}}],"line":308},"28":{"loc":{"start":{"line":325,"column":4},"end":{"line":330,"column":5}},"type":"if","locations":[{"start":{"line":325,"column":4},"end":{"line":330,"column":5}},{"start":{},"end":{}}],"line":325},"29":{"loc":{"start":{"line":333,"column":4},"end":{"line":342,"column":5}},"type":"if","locations":[{"start":{"line":333,"column":4},"end":{"line":342,"column":5}},{"start":{},"end":{}}],"line":333},"30":{"loc":{"start":{"line":333,"column":8},"end":{"line":333,"column":59}},"type":"binary-expr","locations":[{"start":{"line":333,"column":8},"end":{"line":333,"column":35}},{"start":{"line":333,"column":39},"end":{"line":333,"column":59}}],"line":333},"31":{"loc":{"start":{"line":366,"column":19},"end":{"line":368,"column":10}},"type":"cond-expr","locations":[{"start":{"line":367,"column":6},"end":{"line":367,"column":82}},{"start":{"line":368,"column":6},"end":{"line":368,"column":10}}],"line":366},"32":{"loc":{"start":{"line":370,"column":4},"end":{"line":375,"column":5}},"type":"if","locations":[{"start":{"line":370,"column":4},"end":{"line":375,"column":5}},{"start":{},"end":{}}],"line":370},"33":{"loc":{"start":{"line":381,"column":4},"end":{"line":385,"column":5}},"type":"if","locations":[{"start":{"line":381,"column":4},"end":{"line":385,"column":5}},{"start":{},"end":{}}],"line":381}},"s":{"0":0,"1":0,"2":0,"3":0,"4":0,"5":0,"6":0,"7":0,"8":0,"9":0,"10":0,"11":0,"12":0,"13":0,"14":0,"15":0,"16":0,"17":0,"18":0,"19":0,"20":0,"21":0,"22":0,"23":0,"24":0,"25":0,"26":0,"27":0,"28":0,"29":0,"30":0,"31":0,"32":0,"33":0,"34":0,"35":0,"36":0,"37":0,"38":0,"39":0,"40":0,"41":0,"42":0,"43":0,"44":0,"45":0,"46":0,"47":0,"48":0,"49":0,"50":0,"51":0,"52":0,"53":0,"54":0,"55":0,"56":0,"57":0,"58":0,"59":0,"60":0,"61":0,"62":0,"63":0,"64":0,"65":0,"66":0,"67":0,"68":0,"69":0,"70":0,"71":0,"72":0,"73":0,"74":0,"75":0,"76":0,"77":0,"78":0,"79":0,"80":0,"81":0,"82":0,"83":0,"84":0,"85":0,"86":0,"87":0,"88":0,"89":0,"90":0,"91":0,"92":0,"93":0,"94":0,"95":0,"96":0,"97":0,"98":0,"99":0,"100":0},"f":{"0":0,"1":0,"2":0,"3":0,"4":0,"5":0,"6":0,"7":0,"8":0},"b":{"0":[0,0],"1":[0,0],"2":[0,0],"3":[0,0],"4":[0,0],"5":[0,0],"6":[0,0],"7":[0,0],"8":[0,0],"9":[0,0],"10":[0,0,0],"11":[0,0],"12":[0,0],"13":[0,0],"14":[0,0],"15":[0,0],"16":[0,0],"17":[0,0],"18":[0,0],"19":[0,0],"20":[0,0],"21":[0,0],"22":[0,0],"23":[0,0],"24":[0,0],"25":[0,0],"26":[0,0],"27":[0,0],"28":[0,0],"29":[0,0],"30":[0,0],"31":[0,0],"32":[0,0],"33":[0,0]}}
,"/Users/bastienjavaux/Documents/GitHub/model.san-o1.com/app/api/modules/drive/analyze/route.ts": {"path":"/Users/bastienjavaux/Documents/GitHub/model.san-o1.com/app/api/modules/drive/analyze/route.ts","statementMap":{"0":{"start":{"line":7,"column":2},"end":{"line":166,"column":3}},"1":{"start":{"line":9,"column":17},"end":{"line":9,"column":37}},"2":{"start":{"line":10,"column":24},"end":{"line":10,"column":28}},"3":{"start":{"line":12,"column":4},"end":{"line":17,"column":5}},"4":{"start":{"line":13,"column":6},"end":{"line":16,"column":8}},"5":{"start":{"line":20,"column":17},"end":{"line":20,"column":44}},"6":{"start":{"line":21,"column":18},"end":{"line":21,"column":55}},"7":{"start":{"line":22,"column":26},"end":{"line":22,"column":45}},"8":{"start":{"line":25,"column":22},"end":{"line":99,"column":5}},"9":{"start":{"line":27,"column":8},"end":{"line":97,"column":9}},"10":{"start":{"line":29,"column":31},"end":{"line":32,"column":12}},"11":{"start":{"line":34,"column":23},"end":{"line":34,"column":40}},"12":{"start":{"line":37,"column":24},"end":{"line":37,"column":26}},"13":{"start":{"line":39,"column":10},"end":{"line":73,"column":11}},"14":{"start":{"line":41,"column":35},"end":{"line":44,"column":14}},"15":{"start":{"line":46,"column":12},"end":{"line":46,"column":53}},"16":{"start":{"line":47,"column":17},"end":{"line":73,"column":11}},"17":{"start":{"line":55,"column":36},"end":{"line":58,"column":14}},"18":{"start":{"line":60,"column":12},"end":{"line":60,"column":54}},"19":{"start":{"line":61,"column":17},"end":{"line":73,"column":11}},"20":{"start":{"line":67,"column":35},"end":{"line":70,"column":14}},"21":{"start":{"line":72,"column":12},"end":{"line":72,"column":53}},"22":{"start":{"line":76,"column":10},"end":{"line":78,"column":11}},"23":{"start":{"line":77,"column":12},"end":{"line":77,"column":76}},"24":{"start":{"line":80,"column":10},"end":{"line":90,"column":12}},"25":{"start":{"line":92,"column":10},"end":{"line":92,"column":87}},"26":{"start":{"line":93,"column":10},"end":{"line":96,"column":12}},"27":{"start":{"line":102,"column":23},"end":{"line":102,"column":60}},"28":{"start":{"line":102,"column":48},"end":{"line":102,"column":59}},"29":{"start":{"line":104,"column":4},"end":{"line":109,"column":5}},"30":{"start":{"line":105,"column":6},"end":{"line":108,"column":8}},"31":{"start":{"line":112,"column":19},"end":{"line":132,"column":5}},"32":{"start":{"line":123,"column":40},"end":{"line":131,"column":7}},"33":{"start":{"line":135,"column":29},"end":{"line":148,"column":6}},"34":{"start":{"line":151,"column":4},"end":{"line":159,"column":7}},"35":{"start":{"line":153,"column":37},"end":{"line":157,"column":7}},"36":{"start":{"line":161,"column":4},"end":{"line":161,"column":68}},"37":{"start":{"line":162,"column":4},"end":{"line":165,"column":6}}},"fnMap":{"0":{"name":"POST","decl":{"start":{"line":6,"column":22},"end":{"line":6,"column":26}},"loc":{"start":{"line":6,"column":49},"end":{"line":167,"column":1}},"line":6},"1":{"name":"(anonymous_1)","decl":{"start":{"line":26,"column":18},"end":{"line":26,"column":19}},"loc":{"start":{"line":26,"column":36},"end":{"line":98,"column":7}},"line":26},"2":{"name":"(anonymous_2)","decl":{"start":{"line":102,"column":40},"end":{"line":102,"column":41}},"loc":{"start":{"line":102,"column":48},"end":{"line":102,"column":59}},"line":102},"3":{"name":"(anonymous_3)","decl":{"start":{"line":123,"column":23},"end":{"line":123,"column":24}},"loc":{"start":{"line":123,"column":40},"end":{"line":131,"column":7}},"line":123},"4":{"name":"(anonymous_4)","decl":{"start":{"line":153,"column":28},"end":{"line":153,"column":29}},"loc":{"start":{"line":153,"column":37},"end":{"line":157,"column":7}},"line":153}},"branchMap":{"0":{"loc":{"start":{"line":12,"column":4},"end":{"line":17,"column":5}},"type":"if","locations":[{"start":{"line":12,"column":4},"end":{"line":17,"column":5}},{"start":{},"end":{}}],"line":12},"1":{"loc":{"start":{"line":12,"column":8},"end":{"line":12,"column":67}},"type":"binary-expr","locations":[{"start":{"line":12,"column":8},"end":{"line":12,"column":16}},{"start":{"line":12,"column":20},"end":{"line":12,"column":43}},{"start":{"line":12,"column":47},"end":{"line":12,"column":67}}],"line":12},"2":{"loc":{"start":{"line":39,"column":10},"end":{"line":73,"column":11}},"type":"if","locations":[{"start":{"line":39,"column":10},"end":{"line":73,"column":11}},{"start":{"line":47,"column":17},"end":{"line":73,"column":11}}],"line":39},"3":{"loc":{"start":{"line":47,"column":17},"end":{"line":73,"column":11}},"type":"if","locations":[{"start":{"line":47,"column":17},"end":{"line":73,"column":11}},{"start":{"line":61,"column":17},"end":{"line":73,"column":11}}],"line":47},"4":{"loc":{"start":{"line":48,"column":12},"end":{"line":52,"column":47}},"type":"binary-expr","locations":[{"start":{"line":48,"column":12},"end":{"line":48,"column":42}},{"start":{"line":49,"column":12},"end":{"line":49,"column":47}},{"start":{"line":50,"column":12},"end":{"line":50,"column":41}},{"start":{"line":51,"column":12},"end":{"line":51,"column":48}},{"start":{"line":52,"column":12},"end":{"line":52,"column":47}}],"line":48},"5":{"loc":{"start":{"line":61,"column":17},"end":{"line":73,"column":11}},"type":"if","locations":[{"start":{"line":61,"column":17},"end":{"line":73,"column":11}},{"start":{},"end":{}}],"line":61},"6":{"loc":{"start":{"line":62,"column":12},"end":{"line":64,"column":72}},"type":"binary-expr","locations":[{"start":{"line":62,"column":12},"end":{"line":62,"column":68}},{"start":{"line":63,"column":12},"end":{"line":63,"column":71}},{"start":{"line":64,"column":12},"end":{"line":64,"column":72}}],"line":62},"7":{"loc":{"start":{"line":76,"column":10},"end":{"line":78,"column":11}},"type":"if","locations":[{"start":{"line":76,"column":10},"end":{"line":78,"column":11}},{"start":{},"end":{}}],"line":76},"8":{"loc":{"start":{"line":88,"column":20},"end":{"line":88,"column":37}},"type":"binary-expr","locations":[{"start":{"line":88,"column":20},"end":{"line":88,"column":31}},{"start":{"line":88,"column":35},"end":{"line":88,"column":37}}],"line":88},"9":{"loc":{"start":{"line":104,"column":4},"end":{"line":109,"column":5}},"type":"if","locations":[{"start":{"line":104,"column":4},"end":{"line":109,"column":5}},{"start":{},"end":{}}],"line":104},"10":{"loc":{"start":{"line":130,"column":10},"end":{"line":130,"column":76}},"type":"binary-expr","locations":[{"start":{"line":130,"column":10},"end":{"line":130,"column":22}},{"start":{"line":130,"column":26},"end":{"line":130,"column":76}}],"line":130}},"s":{"0":0,"1":0,"2":0,"3":0,"4":0,"5":0,"6":0,"7":0,"8":0,"9":0,"10":0,"11":0,"12":0,"13":0,"14":0,"15":0,"16":0,"17":0,"18":0,"19":0,"20":0,"21":0,"22":0,"23":0,"24":0,"25":0,"26":0,"27":0,"28":0,"29":0,"30":0,"31":0,"32":0,"33":0,"34":0,"35":0,"36":0,"37":0},"f":{"0":0,"1":0,"2":0,"3":0,"4":0},"b":{"0":[0,0],"1":[0,0,0],"2":[0,0],"3":[0,0],"4":[0,0,0,0,0],"5":[0,0],"6":[0,0,0],"7":[0,0],"8":[0,0],"9":[0,0],"10":[0,0]}}
,"/Users/bastienjavaux/Documents/GitHub/model.san-o1.com/app/api/modules/drive/files/route.ts": {"path":"/Users/bastienjavaux/Documents/GitHub/model.san-o1.com/app/api/modules/drive/files/route.ts","statementMap":{"0":{"start":{"line":6,"column":2},"end":{"line":57,"column":3}},"1":{"start":{"line":8,"column":29},"end":{"line":8,"column":49}},"2":{"start":{"line":9,"column":21},"end":{"line":9,"column":59}},"3":{"start":{"line":12,"column":17},"end":{"line":12,"column":44}},"4":{"start":{"line":13,"column":18},"end":{"line":13,"column":55}},"5":{"start":{"line":16,"column":28},"end":{"line":20,"column":6}},"6":{"start":{"line":23,"column":26},"end":{"line":27,"column":6}},"7":{"start":{"line":30,"column":20},"end":{"line":34,"column":13}},"8":{"start":{"line":30,"column":63},"end":{"line":34,"column":5}},"9":{"start":{"line":37,"column":18},"end":{"line":48,"column":13}},"10":{"start":{"line":37,"column":57},"end":{"line":48,"column":5}},"11":{"start":{"line":50,"column":4},"end":{"line":50,"column":49}},"12":{"start":{"line":52,"column":4},"end":{"line":52,"column":73}},"13":{"start":{"line":53,"column":4},"end":{"line":56,"column":6}}},"fnMap":{"0":{"name":"GET","decl":{"start":{"line":5,"column":22},"end":{"line":5,"column":25}},"loc":{"start":{"line":5,"column":48},"end":{"line":58,"column":1}},"line":5},"1":{"name":"(anonymous_1)","decl":{"start":{"line":30,"column":52},"end":{"line":30,"column":53}},"loc":{"start":{"line":30,"column":63},"end":{"line":34,"column":5}},"line":30},"2":{"name":"(anonymous_2)","decl":{"start":{"line":37,"column":48},"end":{"line":37,"column":49}},"loc":{"start":{"line":37,"column":57},"end":{"line":48,"column":5}},"line":37}},"branchMap":{"0":{"loc":{"start":{"line":9,"column":21},"end":{"line":9,"column":59}},"type":"binary-expr","locations":[{"start":{"line":9,"column":21},"end":{"line":9,"column":49}},{"start":{"line":9,"column":53},"end":{"line":9,"column":59}}],"line":9},"1":{"loc":{"start":{"line":30,"column":20},"end":{"line":34,"column":13}},"type":"binary-expr","locations":[{"start":{"line":30,"column":20},"end":{"line":34,"column":7}},{"start":{"line":34,"column":11},"end":{"line":34,"column":13}}],"line":30},"2":{"loc":{"start":{"line":37,"column":18},"end":{"line":48,"column":13}},"type":"binary-expr","locations":[{"start":{"line":37,"column":18},"end":{"line":48,"column":7}},{"start":{"line":48,"column":11},"end":{"line":48,"column":13}}],"line":37},"3":{"loc":{"start":{"line":45,"column":16},"end":{"line":45,"column":106}},"type":"binary-expr","locations":[{"start":{"line":45,"column":16},"end":{"line":45,"column":29}},{"start":{"line":45,"column":33},"end":{"line":45,"column":106}}],"line":45},"4":{"loc":{"start":{"line":46,"column":14},"end":{"line":46,"column":31}},"type":"binary-expr","locations":[{"start":{"line":46,"column":14},"end":{"line":46,"column":25}},{"start":{"line":46,"column":29},"end":{"line":46,"column":31}}],"line":46},"5":{"loc":{"start":{"line":47,"column":14},"end":{"line":47,"column":34}},"type":"binary-expr","locations":[{"start":{"line":47,"column":14},"end":{"line":47,"column":25}},{"start":{"line":47,"column":29},"end":{"line":47,"column":34}}],"line":47}},"s":{"0":0,"1":0,"2":0,"3":0,"4":0,"5":0,"6":0,"7":0,"8":0,"9":0,"10":0,"11":0,"12":0,"13":0},"f":{"0":0,"1":0,"2":0},"b":{"0":[0,0],"1":[0,0],"2":[0,0],"3":[0,0],"4":[0,0],"5":[0,0]}}
,"/Users/bastienjavaux/Documents/GitHub/model.san-o1.com/app/api/modules/drive/folder/[id]/route.ts": {"path":"/Users/bastienjavaux/Documents/GitHub/model.san-o1.com/app/api/modules/drive/folder/[id]/route.ts","statementMap":{"0":{"start":{"line":9,"column":2},"end":{"line":79,"column":3}},"1":{"start":{"line":10,"column":21},"end":{"line":10,"column":30}},"2":{"start":{"line":12,"column":4},"end":{"line":17,"column":5}},"3":{"start":{"line":13,"column":6},"end":{"line":16,"column":8}},"4":{"start":{"line":20,"column":17},"end":{"line":20,"column":44}},"5":{"start":{"line":21,"column":18},"end":{"line":21,"column":55}},"6":{"start":{"line":24,"column":21},"end":{"line":27,"column":6}},"7":{"start":{"line":29,"column":19},"end":{"line":29,"column":32}},"8":{"start":{"line":32,"column":4},"end":{"line":37,"column":5}},"9":{"start":{"line":33,"column":6},"end":{"line":36,"column":8}},"10":{"start":{"line":40,"column":17},"end":{"line":40,"column":19}},"11":{"start":{"line":41,"column":26},"end":{"line":41,"column":45}},"12":{"start":{"line":44,"column":4},"end":{"line":66,"column":5}},"13":{"start":{"line":44,"column":17},"end":{"line":44,"column":18}},"14":{"start":{"line":45,"column":6},"end":{"line":65,"column":7}},"15":{"start":{"line":46,"column":31},"end":{"line":49,"column":10}},"16":{"start":{"line":51,"column":23},"end":{"line":51,"column":42}},"17":{"start":{"line":52,"column":8},"end":{"line":55,"column":11}},"18":{"start":{"line":58,"column":8},"end":{"line":58,"column":46}},"19":{"start":{"line":61,"column":8},"end":{"line":61,"column":46}},"20":{"start":{"line":61,"column":40},"end":{"line":61,"column":46}},"21":{"start":{"line":63,"column":8},"end":{"line":63,"column":93}},"22":{"start":{"line":64,"column":8},"end":{"line":64,"column":14}},"23":{"start":{"line":68,"column":4},"end":{"line":72,"column":7}},"24":{"start":{"line":74,"column":4},"end":{"line":74,"column":71}},"25":{"start":{"line":75,"column":4},"end":{"line":78,"column":6}}},"fnMap":{"0":{"name":"GET","decl":{"start":{"line":5,"column":22},"end":{"line":5,"column":25}},"loc":{"start":{"line":8,"column":2},"end":{"line":80,"column":1}},"line":8}},"branchMap":{"0":{"loc":{"start":{"line":12,"column":4},"end":{"line":17,"column":5}},"type":"if","locations":[{"start":{"line":12,"column":4},"end":{"line":17,"column":5}},{"start":{},"end":{}}],"line":12},"1":{"loc":{"start":{"line":32,"column":4},"end":{"line":37,"column":5}},"type":"if","locations":[{"start":{"line":32,"column":4},"end":{"line":37,"column":5}},{"start":{},"end":{}}],"line":32},"2":{"loc":{"start":{"line":44,"column":20},"end":{"line":44,"column":45}},"type":"binary-expr","locations":[{"start":{"line":44,"column":20},"end":{"line":44,"column":26}},{"start":{"line":44,"column":30},"end":{"line":44,"column":45}}],"line":44},"3":{"loc":{"start":{"line":61,"column":8},"end":{"line":61,"column":46}},"type":"if","locations":[{"start":{"line":61,"column":8},"end":{"line":61,"column":46}},{"start":{},"end":{}}],"line":61}},"s":{"0":0,"1":0,"2":0,"3":0,"4":0,"5":0,"6":0,"7":0,"8":0,"9":0,"10":0,"11":0,"12":0,"13":0,"14":0,"15":0,"16":0,"17":0,"18":0,"19":0,"20":0,"21":0,"22":0,"23":0,"24":0,"25":0},"f":{"0":0},"b":{"0":[0,0],"1":[0,0],"2":[0,0],"3":[0,0]}}
,"/Users/bastienjavaux/Documents/GitHub/model.san-o1.com/app/api/modules/gmail/analyze/route.ts": {"path":"/Users/bastienjavaux/Documents/GitHub/model.san-o1.com/app/api/modules/gmail/analyze/route.ts","statementMap":{"0":{"start":{"line":6,"column":2},"end":{"line":58,"column":3}},"1":{"start":{"line":8,"column":20},"end":{"line":8,"column":44}},"2":{"start":{"line":10,"column":4},"end":{"line":12,"column":5}},"3":{"start":{"line":11,"column":6},"end":{"line":11,"column":75}},"4":{"start":{"line":15,"column":23},"end":{"line":15,"column":43}},"5":{"start":{"line":17,"column":4},"end":{"line":22,"column":5}},"6":{"start":{"line":18,"column":6},"end":{"line":21,"column":8}},"7":{"start":{"line":25,"column":30},"end":{"line":32,"column":7}},"8":{"start":{"line":25,"column":51},"end":{"line":32,"column":5}},"9":{"start":{"line":35,"column":19},"end":{"line":46,"column":5}},"10":{"start":{"line":49,"column":21},"end":{"line":49,"column":58}},"11":{"start":{"line":51,"column":4},"end":{"line":51,"column":43}},"12":{"start":{"line":53,"column":4},"end":{"line":53,"column":66}},"13":{"start":{"line":54,"column":4},"end":{"line":57,"column":6}}},"fnMap":{"0":{"name":"POST","decl":{"start":{"line":5,"column":22},"end":{"line":5,"column":26}},"loc":{"start":{"line":5,"column":45},"end":{"line":59,"column":1}},"line":5},"1":{"name":"(anonymous_1)","decl":{"start":{"line":25,"column":41},"end":{"line":25,"column":42}},"loc":{"start":{"line":25,"column":51},"end":{"line":32,"column":5}},"line":25}},"branchMap":{"0":{"loc":{"start":{"line":10,"column":4},"end":{"line":12,"column":5}},"type":"if","locations":[{"start":{"line":10,"column":4},"end":{"line":12,"column":5}},{"start":{},"end":{}}],"line":10},"1":{"loc":{"start":{"line":17,"column":4},"end":{"line":22,"column":5}},"type":"if","locations":[{"start":{"line":17,"column":4},"end":{"line":22,"column":5}},{"start":{},"end":{}}],"line":17},"2":{"loc":{"start":{"line":17,"column":8},"end":{"line":17,"column":64}},"type":"binary-expr","locations":[{"start":{"line":17,"column":8},"end":{"line":17,"column":15}},{"start":{"line":17,"column":19},"end":{"line":17,"column":41}},{"start":{"line":17,"column":45},"end":{"line":17,"column":64}}],"line":17}},"s":{"0":0,"1":0,"2":0,"3":0,"4":0,"5":0,"6":0,"7":0,"8":0,"9":0,"10":0,"11":0,"12":0,"13":0},"f":{"0":0,"1":0},"b":{"0":[0,0],"1":[0,0],"2":[0,0,0]}}
,"/Users/bastienjavaux/Documents/GitHub/model.san-o1.com/app/api/modules/gmail/emails/route.ts": {"path":"/Users/bastienjavaux/Documents/GitHub/model.san-o1.com/app/api/modules/gmail/emails/route.ts","statementMap":{"0":{"start":{"line":7,"column":2},"end":{"line":93,"column":3}},"1":{"start":{"line":9,"column":20},"end":{"line":9,"column":44}},"2":{"start":{"line":11,"column":4},"end":{"line":13,"column":5}},"3":{"start":{"line":12,"column":6},"end":{"line":12,"column":75}},"4":{"start":{"line":16,"column":29},"end":{"line":16,"column":49}},"5":{"start":{"line":17,"column":19},"end":{"line":17,"column":54}},"6":{"start":{"line":20,"column":25},"end":{"line":20,"column":59}},"7":{"start":{"line":22,"column":4},"end":{"line":24,"column":5}},"8":{"start":{"line":23,"column":6},"end":{"line":23,"column":136}},"9":{"start":{"line":27,"column":18},"end":{"line":27,"column":69}},"10":{"start":{"line":30,"column":12},"end":{"line":30,"column":14}},"11":{"start":{"line":32,"column":4},"end":{"line":41,"column":5}},"12":{"start":{"line":34,"column":8},"end":{"line":34,"column":24}},"13":{"start":{"line":35,"column":8},"end":{"line":35,"column":14}},"14":{"start":{"line":37,"column":8},"end":{"line":37,"column":27}},"15":{"start":{"line":38,"column":8},"end":{"line":38,"column":14}},"16":{"start":{"line":40,"column":8},"end":{"line":40,"column":15}},"17":{"start":{"line":44,"column":21},"end":{"line":48,"column":6}},"18":{"start":{"line":50,"column":4},"end":{"line":52,"column":5}},"19":{"start":{"line":51,"column":6},"end":{"line":51,"column":35}},"20":{"start":{"line":55,"column":19},"end":{"line":87,"column":5}},"21":{"start":{"line":57,"column":28},"end":{"line":62,"column":10}},"22":{"start":{"line":64,"column":24},"end":{"line":64,"column":57}},"23":{"start":{"line":65,"column":23},"end":{"line":65,"column":54}},"24":{"start":{"line":68,"column":21},"end":{"line":68,"column":71}},"25":{"start":{"line":68,"column":40},"end":{"line":68,"column":57}},"26":{"start":{"line":69,"column":24},"end":{"line":69,"column":77}},"27":{"start":{"line":69,"column":43},"end":{"line":69,"column":63}},"28":{"start":{"line":70,"column":21},"end":{"line":70,"column":71}},"29":{"start":{"line":70,"column":40},"end":{"line":70,"column":57}},"30":{"start":{"line":73,"column":23},"end":{"line":73,"column":49}},"31":{"start":{"line":74,"column":28},"end":{"line":74,"column":56}},"32":{"start":{"line":76,"column":8},"end":{"line":85,"column":10}},"33":{"start":{"line":89,"column":4},"end":{"line":89,"column":37}},"34":{"start":{"line":91,"column":4},"end":{"line":91,"column":71}},"35":{"start":{"line":92,"column":4},"end":{"line":92,"column":102}}},"fnMap":{"0":{"name":"GET","decl":{"start":{"line":6,"column":22},"end":{"line":6,"column":25}},"loc":{"start":{"line":6,"column":44},"end":{"line":94,"column":1}},"line":6},"1":{"name":"(anonymous_1)","decl":{"start":{"line":56,"column":33},"end":{"line":56,"column":34}},"loc":{"start":{"line":56,"column":52},"end":{"line":86,"column":7}},"line":56},"2":{"name":"(anonymous_2)","decl":{"start":{"line":68,"column":35},"end":{"line":68,"column":36}},"loc":{"start":{"line":68,"column":40},"end":{"line":68,"column":57}},"line":68},"3":{"name":"(anonymous_3)","decl":{"start":{"line":69,"column":38},"end":{"line":69,"column":39}},"loc":{"start":{"line":69,"column":43},"end":{"line":69,"column":63}},"line":69},"4":{"name":"(anonymous_4)","decl":{"start":{"line":70,"column":35},"end":{"line":70,"column":36}},"loc":{"start":{"line":70,"column":40},"end":{"line":70,"column":57}},"line":70}},"branchMap":{"0":{"loc":{"start":{"line":11,"column":4},"end":{"line":13,"column":5}},"type":"if","locations":[{"start":{"line":11,"column":4},"end":{"line":13,"column":5}},{"start":{},"end":{}}],"line":11},"1":{"loc":{"start":{"line":17,"column":19},"end":{"line":17,"column":54}},"type":"binary-expr","locations":[{"start":{"line":17,"column":19},"end":{"line":17,"column":45}},{"start":{"line":17,"column":49},"end":{"line":17,"column":54}}],"line":17},"2":{"loc":{"start":{"line":22,"column":4},"end":{"line":24,"column":5}},"type":"if","locations":[{"start":{"line":22,"column":4},"end":{"line":24,"column":5}},{"start":{},"end":{}}],"line":22},"3":{"loc":{"start":{"line":32,"column":4},"end":{"line":41,"column":5}},"type":"switch","locations":[{"start":{"line":33,"column":6},"end":{"line":35,"column":14}},{"start":{"line":36,"column":6},"end":{"line":38,"column":14}},{"start":{"line":39,"column":6},"end":{"line":40,"column":15}}],"line":32},"4":{"loc":{"start":{"line":50,"column":4},"end":{"line":52,"column":5}},"type":"if","locations":[{"start":{"line":50,"column":4},"end":{"line":52,"column":5}},{"start":{},"end":{}}],"line":50},"5":{"loc":{"start":{"line":50,"column":8},"end":{"line":50,"column":70}},"type":"binary-expr","locations":[{"start":{"line":50,"column":8},"end":{"line":50,"column":31}},{"start":{"line":50,"column":35},"end":{"line":50,"column":70}}],"line":50},"6":{"loc":{"start":{"line":65,"column":23},"end":{"line":65,"column":54}},"type":"binary-expr","locations":[{"start":{"line":65,"column":23},"end":{"line":65,"column":48}},{"start":{"line":65,"column":52},"end":{"line":65,"column":54}}],"line":65},"7":{"loc":{"start":{"line":68,"column":21},"end":{"line":68,"column":71}},"type":"binary-expr","locations":[{"start":{"line":68,"column":21},"end":{"line":68,"column":65}},{"start":{"line":68,"column":69},"end":{"line":68,"column":71}}],"line":68},"8":{"loc":{"start":{"line":69,"column":24},"end":{"line":69,"column":77}},"type":"binary-expr","locations":[{"start":{"line":69,"column":24},"end":{"line":69,"column":71}},{"start":{"line":69,"column":75},"end":{"line":69,"column":77}}],"line":69},"9":{"loc":{"start":{"line":70,"column":21},"end":{"line":70,"column":71}},"type":"binary-expr","locations":[{"start":{"line":70,"column":21},"end":{"line":70,"column":65}},{"start":{"line":70,"column":69},"end":{"line":70,"column":71}}],"line":70},"10":{"loc":{"start":{"line":81,"column":19},"end":{"line":81,"column":49}},"type":"binary-expr","locations":[{"start":{"line":81,"column":19},"end":{"line":81,"column":43}},{"start":{"line":81,"column":47},"end":{"line":81,"column":49}}],"line":81}},"s":{"0":0,"1":0,"2":0,"3":0,"4":0,"5":0,"6":0,"7":0,"8":0,"9":0,"10":0,"11":0,"12":0,"13":0,"14":0,"15":0,"16":0,"17":0,"18":0,"19":0,"20":0,"21":0,"22":0,"23":0,"24":0,"25":0,"26":0,"27":0,"28":0,"29":0,"30":0,"31":0,"32":0,"33":0,"34":0,"35":0},"f":{"0":0,"1":0,"2":0,"3":0,"4":0},"b":{"0":[0,0],"1":[0,0],"2":[0,0],"3":[0,0,0],"4":[0,0],"5":[0,0],"6":[0,0],"7":[0,0],"8":[0,0],"9":[0,0],"10":[0,0]}}
,"/Users/bastienjavaux/Documents/GitHub/model.san-o1.com/app/api/settings/route.ts": {"path":"/Users/bastienjavaux/Documents/GitHub/model.san-o1.com/app/api/settings/route.ts","statementMap":{"0":{"start":{"line":4,"column":15},"end":{"line":4,"column":33}},"1":{"start":{"line":8,"column":2},"end":{"line":26,"column":3}},"2":{"start":{"line":10,"column":19},"end":{"line":10,"column":33}},"3":{"start":{"line":12,"column":21},"end":{"line":16,"column":6}},"4":{"start":{"line":18,"column":4},"end":{"line":18,"column":39}},"5":{"start":{"line":20,"column":4},"end":{"line":20,"column":75}},"6":{"start":{"line":22,"column":4},"end":{"line":25,"column":6}},"7":{"start":{"line":31,"column":2},"end":{"line":94,"column":3}},"8":{"start":{"line":32,"column":21},"end":{"line":32,"column":41}},"9":{"start":{"line":34,"column":4},"end":{"line":39,"column":5}},"10":{"start":{"line":35,"column":6},"end":{"line":38,"column":8}},"11":{"start":{"line":42,"column":19},"end":{"line":42,"column":33}},"12":{"start":{"line":45,"column":20},"end":{"line":84,"column":5}},"13":{"start":{"line":47,"column":35},"end":{"line":47,"column":42}},"14":{"start":{"line":49,"column":8},"end":{"line":51,"column":9}},"15":{"start":{"line":50,"column":10},"end":{"line":50,"column":76}},"16":{"start":{"line":53,"column":8},"end":{"line":82,"column":9}},"17":{"start":{"line":55,"column":10},"end":{"line":58,"column":13}},"18":{"start":{"line":61,"column":34},"end":{"line":66,"column":12}},"19":{"start":{"line":68,"column":10},"end":{"line":81,"column":11}},"20":{"start":{"line":69,"column":12},"end":{"line":72,"column":15}},"21":{"start":{"line":74,"column":12},"end":{"line":80,"column":15}},"22":{"start":{"line":86,"column":4},"end":{"line":86,"column":38}},"23":{"start":{"line":88,"column":4},"end":{"line":88,"column":74}},"24":{"start":{"line":90,"column":4},"end":{"line":93,"column":6}}},"fnMap":{"0":{"name":"GET","decl":{"start":{"line":7,"column":22},"end":{"line":7,"column":25}},"loc":{"start":{"line":7,"column":28},"end":{"line":27,"column":1}},"line":7},"1":{"name":"PUT","decl":{"start":{"line":30,"column":22},"end":{"line":30,"column":25}},"loc":{"start":{"line":30,"column":48},"end":{"line":95,"column":1}},"line":30},"2":{"name":"(anonymous_2)","decl":{"start":{"line":46,"column":19},"end":{"line":46,"column":20}},"loc":{"start":{"line":46,"column":38},"end":{"line":83,"column":7}},"line":46}},"branchMap":{"0":{"loc":{"start":{"line":34,"column":4},"end":{"line":39,"column":5}},"type":"if","locations":[{"start":{"line":34,"column":4},"end":{"line":39,"column":5}},{"start":{},"end":{}}],"line":34},"1":{"loc":{"start":{"line":49,"column":8},"end":{"line":51,"column":9}},"type":"if","locations":[{"start":{"line":49,"column":8},"end":{"line":51,"column":9}},{"start":{},"end":{}}],"line":49},"2":{"loc":{"start":{"line":49,"column":12},"end":{"line":49,"column":39}},"type":"binary-expr","locations":[{"start":{"line":49,"column":12},"end":{"line":49,"column":16}},{"start":{"line":49,"column":20},"end":{"line":49,"column":39}}],"line":49},"3":{"loc":{"start":{"line":53,"column":8},"end":{"line":82,"column":9}},"type":"if","locations":[{"start":{"line":53,"column":8},"end":{"line":82,"column":9}},{"start":{"line":59,"column":15},"end":{"line":82,"column":9}}],"line":53},"4":{"loc":{"start":{"line":68,"column":10},"end":{"line":81,"column":11}},"type":"if","locations":[{"start":{"line":68,"column":10},"end":{"line":81,"column":11}},{"start":{"line":73,"column":17},"end":{"line":81,"column":11}}],"line":68}},"s":{"0":0,"1":0,"2":0,"3":0,"4":0,"5":0,"6":0,"7":0,"8":0,"9":0,"10":0,"11":0,"12":0,"13":0,"14":0,"15":0,"16":0,"17":0,"18":0,"19":0,"20":0,"21":0,"22":0,"23":0,"24":0},"f":{"0":0,"1":0,"2":0},"b":{"0":[0,0],"1":[0,0],"2":[0,0],"3":[0,0],"4":[0,0]}}
[...]
n":2},"end":{"line":156,"column":30}},{"start":{},"end":{}}],"line":156},"9":{"loc":{"start":{"line":158,"column":2},"end":{"line":167,"column":3}},"type":"if","locations":[{"start":{"line":158,"column":2},"end":{"line":167,"column":3}},{"start":{},"end":{}}],"line":158},"10":{"loc":{"start":{"line":178,"column":14},"end":{"line":178,"column":77}},"type":"cond-expr","locations":[{"start":{"line":178,"column":37},"end":{"line":178,"column":61}},{"start":{"line":178,"column":64},"end":{"line":178,"column":77}}],"line":178},"11":{"loc":{"start":{"line":186,"column":14},"end":{"line":186,"column":80}},"type":"cond-expr","locations":[{"start":{"line":186,"column":40},"end":{"line":186,"column":64}},{"start":{"line":186,"column":67},"end":{"line":186,"column":80}}],"line":186},"12":{"loc":{"start":{"line":194,"column":14},"end":{"line":194,"column":83}},"type":"cond-expr","locations":[{"start":{"line":194,"column":43},"end":{"line":194,"column":67}},{"start":{"line":194,"column":70},"end":{"line":194,"column":83}}],"line":194},"13":{"loc":{"start":{"line":210,"column":7},"end":{"line":214,"column":7}},"type":"binary-expr","locations":[{"start":{"line":210,"column":7},"end":{"line":210,"column":12}},{"start":{"line":211,"column":8},"end":{"line":213,"column":14}}],"line":210},"14":{"loc":{"start":{"line":216,"column":7},"end":{"line":296,"column":7}},"type":"cond-expr","locations":[{"start":{"line":217,"column":8},"end":{"line":219,"column":14}},{"start":{"line":221,"column":8},"end":{"line":295,"column":11}}],"line":216},"15":{"loc":{"start":{"line":222,"column":11},"end":{"line":294,"column":11}},"type":"cond-expr","locations":[{"start":{"line":223,"column":12},"end":{"line":223,"column":69}},{"start":{"line":225,"column":12},"end":{"line":293,"column":18}}],"line":222},"16":{"loc":{"start":{"line":233,"column":26},"end":{"line":237,"column":27}},"type":"if","locations":[{"start":{"line":233,"column":26},"end":{"line":237,"column":27}},{"start":{"line":235,"column":33},"end":{"line":237,"column":27}}],"line":233},"17":{"loc":{"start":{"line":239,"column":33},"end":{"line":239,"column":95}},"type":"binary-expr","locations":[{"start":{"line":239,"column":33},"end":{"line":239,"column":74}},{"start":{"line":239,"column":78},"end":{"line":239,"column":95}}],"line":239},"18":{"loc":{"start":{"line":259,"column":53},"end":{"line":259,"column":100}},"type":"cond-expr","locations":[{"start":{"line":259,"column":69},"end":{"line":259,"column":95}},{"start":{"line":259,"column":98},"end":{"line":259,"column":100}}],"line":259},"19":{"loc":{"start":{"line":273,"column":33},"end":{"line":273,"column":103}},"type":"cond-expr","locations":[{"start":{"line":273,"column":53},"end":{"line":273,"column":75}},{"start":{"line":273,"column":78},"end":{"line":273,"column":103}}],"line":273},"20":{"loc":{"start":{"line":275,"column":27},"end":{"line":283,"column":27}},"type":"cond-expr","locations":[{"start":{"line":276,"column":28},"end":{"line":278,"column":34}},{"start":{"line":280,"column":28},"end":{"line":282,"column":34}}],"line":275},"21":{"loc":{"start":{"line":301,"column":20},"end":{"line":301,"column":64}},"type":"binary-expr","locations":[{"start":{"line":301,"column":20},"end":{"line":301,"column":49}},{"start":{"line":301,"column":53},"end":{"line":301,"column":64}}],"line":301},"22":{"loc":{"start":{"line":303,"column":12},"end":{"line":305,"column":58}},"type":"cond-expr","locations":[{"start":{"line":304,"column":16},"end":{"line":304,"column":48}},{"start":{"line":305,"column":16},"end":{"line":305,"column":58}}],"line":303},"23":{"loc":{"start":{"line":303,"column":12},"end":{"line":303,"column":56}},"type":"binary-expr","locations":[{"start":{"line":303,"column":12},"end":{"line":303,"column":41}},{"start":{"line":303,"column":45},"end":{"line":303,"column":56}}],"line":303},"24":{"loc":{"start":{"line":308,"column":11},"end":{"line":318,"column":11}},"type":"cond-expr","locations":[{"start":{"line":309,"column":12},"end":{"line":315,"column":19}},{"start":{"line":317,"column":12},"end":{"line":317,"column":46}}],"line":308},"25":{"loc":{"start":{"line":321,"column":9},"end":{"line":328,"column":9}},"type":"binary-expr","locations":[{"start":{"line":321,"column":9},"end":{"line":321,"column":36}},{"start":{"line":322,"column":10},"end":{"line":327,"column":19}}],"line":321},"26":{"loc":{"start":{"line":331,"column":7},"end":{"line":336,"column":7}},"type":"binary-expr","locations":[{"start":{"line":331,"column":7},"end":{"line":331,"column":21}},{"start":{"line":332,"column":8},"end":{"line":335,"column":14}}],"line":331}},"s":{"0":1,"1":2433,"2":2433,"3":2433,"4":2433,"5":2433,"6":2433,"7":2433,"8":2433,"9":2433,"10":2433,"11":1622,"12":0,"13":1622,"14":1622,"15":1622,"16":1622,"17":1622,"18":0,"19":0,"20":1622,"21":2433,"22":1622,"23":1622,"24":2433,"25":0,"26":0,"27":0,"28":0,"29":0,"30":0,"31":0,"32":0,"33":0,"34":0,"35":0,"36":0,"37":0,"38":0,"39":0,"40":0,"41":2433,"42":0,"43":0,"44":0,"45":2433,"46":0,"47":0,"48":0,"49":0,"50":0,"51":0,"52":0,"53":2433,"54":0,"55":0,"56":0,"57":0,"58":0,"59":0,"60":0,"61":0,"62":0,"63":0,"64":0,"65":0,"66":2433,"67":0,"68":2433,"69":0,"70":2433,"71":0,"72":0,"73":0,"74":0,"75":0,"76":0,"77":0,"78":1616,"79":0,"80":0,"81":0},"f":{"0":2433,"1":1622,"2":1622,"3":0,"4":0,"5":0,"6":0,"7":0,"8":0,"9":0,"10":0,"11":0,"12":0,"13":0,"14":0,"15":0,"16":0,"17":0,"18":0,"19":0,"20":0,"21":1616,"22":0,"23":0,"24":0},"b":{"0":[0,1622],"1":[1622,0],"2":[1622,1622],"3":[0,0],"4":[0,0],"5":[0,0],"6":[0,0],"7":[0,0],"8":[0,2433],"9":[0,2433],"10":[2433,0],"11":[0,2433],"12":[0,2433],"13":[2433,0],"14":[1622,811],"15":[3,808],"16":[0,0],"17":[808,0],"18":[808,808],"19":[808,808],"20":[808,808],"21":[2433,0],"22":[2433,0],"23":[2433,0],"24":[0,2433],"25":[2433,0],"26":[2433,0]},"_coverageSchema":"1a1c01bbd47fc00a2c39e90264f33305004495a9","hash":"7afdbea08ea132b8f12435463e0c121225dee778"}
,"/Users/bastienjavaux/Documents/GitHub/model.san-o1.com/app/services/googleCalendarService.ts": {"path":"/Users/bastienjavaux/Documents/GitHub/model.san-o1.com/app/services/googleCalendarService.ts","statementMap":{"0":{"start":{"line":4,"column":32},"end":{"line":11,"column":1}},"1":{"start":{"line":5,"column":15},"end":{"line":5,"column":39}},"2":{"start":{"line":6,"column":2},"end":{"line":8,"column":5}},"3":{"start":{"line":10,"column":2},"end":{"line":10,"column":50}},"4":{"start":{"line":15,"column":2},"end":{"line":39,"column":3}},"5":{"start":{"line":16,"column":21},"end":{"line":16,"column":57}},"6":{"start":{"line":18,"column":21},"end":{"line":24,"column":6}},"7":{"start":{"line":26,"column":4},"end":{"line":35,"column":14}},"8":{"start":{"line":26,"column":46},"end":{"line":35,"column":5}},"9":{"start":{"line":37,"column":4},"end":{"line":37,"column":91}},"10":{"start":{"line":38,"column":4},"end":{"line":38,"column":16}},"11":{"start":{"line":44,"column":2},"end":{"line":71,"column":3}},"12":{"start":{"line":45,"column":21},"end":{"line":45,"column":57}},"13":{"start":{"line":47,"column":24},"end":{"line":57,"column":5}},"14":{"start":{"line":59,"column":21},"end":{"line":62,"column":6}},"15":{"start":{"line":64,"column":4},"end":{"line":67,"column":6}},"16":{"start":{"line":69,"column":4},"end":{"line":69,"column":88}},"17":{"start":{"line":70,"column":4},"end":{"line":70,"column":16}},"18":{"start":{"line":76,"column":2},"end":{"line":101,"column":3}},"19":{"start":{"line":77,"column":21},"end":{"line":77,"column":57}},"20":{"start":{"line":79,"column":24},"end":{"line":89,"column":5}},"21":{"start":{"line":91,"column":4},"end":{"line":95,"column":7}},"22":{"start":{"line":97,"column":4},"end":{"line":97,"column":17}},"23":{"start":{"line":99,"column":4},"end":{"line":99,"column":91}},"24":{"start":{"line":100,"column":4},"end":{"line":100,"column":16}},"25":{"start":{"line":106,"column":2},"end":{"line":118,"column":3}},"26":{"start":{"line":107,"column":21},"end":{"line":107,"column":57}},"27":{"start":{"line":109,"column":4},"end":{"line":112,"column":7}},"28":{"start":{"line":114,"column":4},"end":{"line":114,"column":16}},"29":{"start":{"line":116,"column":4},"end":{"line":116,"column":91}},"30":{"start":{"line":117,"column":4},"end":{"line":117,"column":16}}},"fnMap":{"0":{"name":"(anonymous_0)","decl":{"start":{"line":4,"column":32},"end":{"line":4,"column":33}},"loc":{"start":{"line":4,"column":57},"end":{"line":11,"column":1}},"line":4},"1":{"name":"getGoogleCalendarEvents","decl":{"start":{"line":14,"column":22},"end":{"line":14,"column":45}},"loc":{"start":{"line":14,"column":97},"end":{"line":40,"column":1}},"line":14},"2":{"name":"(anonymous_2)","decl":{"start":{"line":26,"column":36},"end":{"line":26,"column":37}},"loc":{"start":{"line":26,"column":46},"end":{"line":35,"column":5}},"line":26},"3":{"name":"createGoogleCalendarEvent","decl":{"start":{"line":43,"column":22},"end":{"line":43,"column":47}},"loc":{"start":{"line":43,"column":81},"end":{"line":72,"column":1}},"line":43},"4":{"name":"updateGoogleCalendarEvent","decl":{"start":{"line":75,"column":22},"end":{"line":75,"column":47}},"loc":{"start":{"line":75,"column":81},"end":{"line":102,"column":1}},"line":75},"5":{"name":"deleteGoogleCalendarEvent","decl":{"start":{"line":105,"column":22},"end":{"line":105,"column":47}},"loc":{"start":{"line":105,"column":92},"end":{"line":119,"column":1}},"line":105},"6":{"name":"syncGoogleCalendar","decl":{"start":{"line":122,"column":22},"end":{"line":122,"column":40}},"loc":{"start":{"line":122,"column":78},"end":{"line":125,"column":1}},"line":122}},"branchMap":{"0":{"loc":{"start":{"line":26,"column":11},"end":{"line":35,"column":13}},"type":"binary-expr","locations":[{"start":{"line":26,"column":11},"end":{"line":35,"column":7}},{"start":{"line":35,"column":11},"end":{"line":35,"column":13}}],"line":26},"1":{"loc":{"start":{"line":28,"column":13},"end":{"line":28,"column":42}},"type":"binary-expr","locations":[{"start":{"line":28,"column":13},"end":{"line":28,"column":26}},{"start":{"line":28,"column":30},"end":{"line":28,"column":42}}],"line":28},"2":{"loc":{"start":{"line":29,"column":22},"end":{"line":29,"column":70}},"type":"binary-expr","locations":[{"start":{"line":29,"column":22},"end":{"line":29,"column":43}},{"start":{"line":29,"column":47},"end":{"line":29,"column":64}},{"start":{"line":29,"column":68},"end":{"line":29,"column":70}}],"line":29},"3":{"loc":{"start":{"line":30,"column":20},"end":{"line":30,"column":64}},"type":"binary-expr","locations":[{"start":{"line":30,"column":20},"end":{"line":30,"column":39}},{"start":{"line":30,"column":43},"end":{"line":30,"column":58}},{"start":{"line":30,"column":62},"end":{"line":30,"column":64}}],"line":30},"4":{"loc":{"start":{"line":31,"column":19},"end":{"line":31,"column":42}},"type":"binary-expr","locations":[{"start":{"line":31,"column":19},"end":{"line":31,"column":36}},{"start":{"line":31,"column":40},"end":{"line":31,"column":42}}],"line":31},"5":{"loc":{"start":{"line":32,"column":16},"end":{"line":32,"column":36}},"type":"binary-expr","locations":[{"start":{"line":32,"column":16},"end":{"line":32,"column":30}},{"start":{"line":32,"column":34},"end":{"line":32,"column":36}}],"line":32},"6":{"loc":{"start":{"line":49,"column":19},"end":{"line":49,"column":42}},"type":"binary-expr","locations":[{"start":{"line":49,"column":19},"end":{"line":49,"column":36}},{"start":{"line":49,"column":40},"end":{"line":49,"column":42}}],"line":49},"7":{"loc":{"start":{"line":50,"column":16},"end":{"line":50,"column":36}},"type":"binary-expr","locations":[{"start":{"line":50,"column":16},"end":{"line":50,"column":30}},{"start":{"line":50,"column":34},"end":{"line":50,"column":36}}],"line":50},"8":{"loc":{"start":{"line":51,"column":13},"end":{"line":53,"column":49}},"type":"cond-expr","locations":[{"start":{"line":52,"column":10},"end":{"line":52,"column":59}},{"start":{"line":53,"column":10},"end":{"line":53,"column":49}}],"line":51},"9":{"loc":{"start":{"line":54,"column":11},"end":{"line":56,"column":47}},"type":"cond-expr","locations":[{"start":{"line":55,"column":10},"end":{"line":55,"column":57}},{"start":{"line":56,"column":10},"end":{"line":56,"column":47}}],"line":54},"10":{"loc":{"start":{"line":81,"column":19},"end":{"line":81,"column":42}},"type":"binary-expr","locations":[{"start":{"line":81,"column":19},"end":{"line":81,"column":36}},{"start":{"line":81,"column":40},"end":{"line":81,"column":42}}],"line":81},"11":{"loc":{"start":{"line":82,"column":16},"end":{"line":82,"column":36}},"type":"binary-expr","locations":[{"start":{"line":82,"column":16},"end":{"line":82,"column":30}},{"start":{"line":82,"column":34},"end":{"line":82,"column":36}}],"line":82},"12":{"loc":{"start":{"line":83,"column":13},"end":{"line":85,"column":49}},"type":"cond-expr","locations":[{"start":{"line":84,"column":10},"end":{"line":84,"column":59}},{"start":{"line":85,"column":10},"end":{"line":85,"column":49}}],"line":83},"13":{"loc":{"start":{"line":86,"column":11},"end":{"line":88,"column":47}},"type":"cond-expr","locations":[{"start":{"line":87,"column":10},"end":{"line":87,"column":57}},{"start":{"line":88,"column":10},"end":{"line":88,"column":47}}],"line":86}},"s":{"0":0,"1":0,"2":0,"3":0,"4":0,"5":0,"6":0,"7":0,"8":0,"9":0,"10":0,"11":0,"12":0,"13":0,"14":0,"15":0,"16":0,"17":0,"18":0,"19":0,"20":0,"21":0,"22":0,"23":0,"24":0,"25":0,"26":0,"27":0,"28":0,"29":0,"30":0},"f":{"0":0,"1":0,"2":0,"3":0,"4":0,"5":0,"6":0},"b":{"0":[0,0],"1":[0,0],"2":[0,0,0],"3":[0,0,0],"4":[0,0],"5":[0,0],"6":[0,0],"7":[0,0],"8":[0,0],"9":[0,0],"10":[0,0],"11":[0,0],"12":[0,0],"13":[0,0]}}
,"/Users/bastienjavaux/Documents/GitHub/model.san-o1.com/app/services/qdrantService.ts": {"path":"/Users/bastienjavaux/Documents/GitHub/model.san-o1.com/app/services/qdrantService.ts","statementMap":{"0":{"start":{"line":5,"column":21},"end":{"line":8,"column":2}},"1":{"start":{"line":10,"column":15},"end":{"line":12,"column":2}},"2":{"start":{"line":15,"column":24},"end":{"line":15,"column":41}},"3":{"start":{"line":18,"column":25},"end":{"line":18,"column":29}},"4":{"start":{"line":22,"column":2},"end":{"line":64,"column":3}},"5":{"start":{"line":24,"column":24},"end":{"line":24,"column":59}},"6":{"start":{"line":25,"column":29},"end":{"line":27,"column":5}},"7":{"start":{"line":26,"column":22},"end":{"line":26,"column":57}},"8":{"start":{"line":29,"column":4},"end":{"line":58,"column":5}},"9":{"start":{"line":31,"column":6},"end":{"line":40,"column":9}},"10":{"start":{"line":43,"column":6},"end":{"line":47,"column":9}},"11":{"start":{"line":49,"column":6},"end":{"line":53,"column":9}},"12":{"start":{"line":55,"column":6},"end":{"line":55,"column":63}},"13":{"start":{"line":57,"column":6},"end":{"line":57,"column":51}},"14":{"start":{"line":60,"column":4},"end":{"line":60,"column":16}},"15":{"start":{"line":62,"column":4},"end":{"line":62,"column":86}},"16":{"start":{"line":63,"column":4},"end":{"line":63,"column":17}},"17":{"start":{"line":69,"column":19},"end":{"line":72,"column":4}},"18":{"start":{"line":74,"column":2},"end":{"line":74,"column":36}},"19":{"start":{"line":79,"column":2},"end":{"line":115,"column":3}},"20":{"start":{"line":81,"column":17},"end":{"line":81,"column":60}},"21":{"start":{"line":84,"column":22},"end":{"line":84,"column":46}},"22":{"start":{"line":87,"column":20},"end":{"line":96,"column":5}},"23":{"start":{"line":99,"column":4},"end":{"line":108,"column":7}},"24":{"start":{"line":110,"column":4},"end":{"line":110,"column":61}},"25":{"start":{"line":111,"column":4},"end":{"line":111,"column":16}},"26":{"start":{"line":113,"column":4},"end":{"line":113,"column":74}},"27":{"start":{"line":114,"column":4},"end":{"line":114,"column":17}},"28":{"start":{"line":120,"column":2},"end":{"line":131,"column":3}},"29":{"start":{"line":121,"column":4},"end":{"line":124,"column":7}},"30":{"start":{"line":126,"column":4},"end":{"line":126,"column":72}},"31":{"start":{"line":127,"column":4},"end":{"line":127,"column":16}},"32":{"start":{"line":129,"column":4},"end":{"line":129,"column":85}},"33":{"start":{"line":130,"column":4},"end":{"line":130,"column":17}},"34":{"start":{"line":136,"column":2},"end":{"line":166,"column":3}},"35":{"start":{"line":138,"column":22},"end":{"line":138,"column":47}},"36":{"start":{"line":141,"column":25},"end":{"line":154,"column":6}},"37":{"start":{"line":157,"column":4},"end":{"line":162,"column":8}},"38":{"start":{"line":157,"column":41},"end":{"line":162,"column":5}},"39":{"start":{"line":164,"column":4},"end":{"line":164,"column":82}},"40":{"start":{"line":165,"column":4},"end":{"line":165,"column":14}}},"fnMap":{"0":{"name":"initializeQdrantCollection","decl":{"start":{"line":21,"column":22},"end":{"line":21,"column":48}},"loc":{"start":{"line":21,"column":51},"end":{"line":65,"column":1}},"line":21},"1":{"name":"(anonymous_1)","decl":{"start":{"line":26,"column":6},"end":{"line":26,"column":7}},"loc":{"start":{"line":26,"column":22},"end":{"line":26,"column":57}},"line":26},"2":{"name":"getEmbedding","decl":{"start":{"line":68,"column":15},"end":{"line":68,"column":27}},"loc":{"start":{"line":68,"column":61},"end":{"line":75,"column":1}},"line":68},"3":{"name":"indexCalendarEvent","decl":{"start":{"line":78,"column":22},"end":{"line":78,"column":40}},"loc":{"start":{"line":78,"column":53},"end":{"line":116,"column":1}},"line":78},"4":{"name":"deleteCalendarEventVector","decl":{"start":{"line":119,"column":22},"end":{"line":119,"column":47}},"loc":{"start":{"line":119,"column":65},"end":{"line":132,"column":1}},"line":119},"5":{"name":"searchSimilarEvents","decl":{"start":{"line":135,"column":22},"end":{"line":135,"column":41}},"loc":{"start":{"line":135,"column":92},"end":{"line":167,"column":1}},"line":135},"6":{"name":"(anonymous_6)","decl":{"start":{"line":157,"column":28},"end":{"line":157,"column":29}},"loc":{"start":{"line":157,"column":41},"end":{"line":162,"column":5}},"line":157}},"branchMap":{"0":{"loc":{"start":{"line":6,"column":7},"end":{"line":6,"column":56}},"type":"binary-expr","locations":[{"start":{"line":6,"column":7},"end":{"line":6,"column":29}},{"start":{"line":6,"column":33},"end":{"line":6,"column":56}}],"line":6},"1":{"loc":{"start":{"line":29,"column":4},"end":{"line":58,"column":5}},"type":"if","locations":[{"start":{"line":29,"column":4},"end":{"line":58,"column":5}},{"start":{"line":56,"column":11},"end":{"line":58,"column":5}}],"line":29},"2":{"loc":{"start":{"line":81,"column":35},"end":{"line":81,"column":58}},"type":"binary-expr","locations":[{"start":{"line":81,"column":35},"end":{"line":81,"column":52}},{"start":{"line":81,"column":56},"end":{"line":81,"column":58}}],"line":81},"3":{"loc":{"start":{"line":90,"column":19},"end":{"line":90,"column":42}},"type":"binary-expr","locations":[{"start":{"line":90,"column":19},"end":{"line":90,"column":36}},{"start":{"line":90,"column":40},"end":{"line":90,"column":42}}],"line":90},"4":{"loc":{"start":{"line":93,"column":16},"end":{"line":93,"column":36}},"type":"binary-expr","locations":[{"start":{"line":93,"column":16},"end":{"line":93,"column":30}},{"start":{"line":93,"column":34},"end":{"line":93,"column":36}}],"line":93},"5":{"loc":{"start":{"line":94,"column":16},"end":{"line":94,"column":39}},"type":"binary-expr","locations":[{"start":{"line":94,"column":16},"end":{"line":94,"column":30}},{"start":{"line":94,"column":34},"end":{"line":94,"column":39}}],"line":94},"6":{"loc":{"start":{"line":135,"column":73},"end":{"line":135,"column":90}},"type":"default-arg","locations":[{"start":{"line":135,"column":89},"end":{"line":135,"column":90}}],"line":135}},"s":{"0":0,"1":0,"2":0,"3":0,"4":0,"5":0,"6":0,"7":0,"8":0,"9":0,"10":0,"11":0,"12":0,"13":0,"14":0,"15":0,"16":0,"17":0,"18":0,"19":0,"20":0,"21":0,"22":0,"23":0,"24":0,"25":0,"26":0,"27":0,"28":0,"29":0,"30":0,"31":0,"32":0,"33":0,"34":0,"35":0,"36":0,"37":0,"38":0,"39":0,"40":0},"f":{"0":0,"1":0,"2":0,"3":0,"4":0,"5":0,"6":0},"b":{"0":[0,0],"1":[0,0],"2":[0,0],"3":[0,0],"4":[0,0],"5":[0,0],"6":[0]}}
}
