TN:
SF:app/layout.tsx
FN:14,RootLayout
FNF:1
FNH:0
FNDA:0,RootLayout
DA:7,0
DA:9,0
DA:19,0
LF:3
LH:0
BRF:0
BRH:0
end_of_record
TN:
SF:app/page.tsx
FN:10,Home
FN:29,(anonymous_1)
FN:39,(anonymous_2)
FN:48,(anonymous_3)
FN:56,(anonymous_4)
FN:88,(anonymous_5)
FNF:6
FNH:0
FNDA:0,Home
FNDA:0,(anonymous_1)
FNDA:0,(anonymous_2)
FNDA:0,(anonymous_3)
FNDA:0,(anonymous_4)
FNDA:0,(anonymous_5)
DA:20,0
DA:22,0
DA:23,0
DA:26,0
DA:27,0
DA:29,0
DA:30,0
DA:32,0
DA:33,0
DA:36,0
DA:39,0
DA:40,0
DA:41,0
DA:45,0
DA:48,0
DA:49,0
DA:50,0
DA:56,0
DA:57,0
DA:58,0
DA:59,0
DA:60,0
DA:61,0
DA:62,0
DA:67,0
DA:88,0
LF:26
LH:0
BRDA:30,0,0,0
BRDA:30,0,1,0
BRDA:30,1,0,0
BRDA:30,1,1,0
BRDA:32,2,0,0
BRDA:32,2,1,0
BRDA:40,3,0,0
BRDA:40,3,1,0
BRDA:49,4,0,0
BRDA:49,4,1,0
BRDA:58,5,0,0
BRDA:58,5,1,0
BRDA:58,6,0,0
BRDA:58,6,1,0
BRDA:60,7,0,0
BRDA:60,7,1,0
BRDA:77,8,0,0
BRDA:77,8,1,0
BRDA:93,9,0,0
BRDA:93,9,1,0
BRDA:103,10,0,0
BRDA:103,10,1,0
BRDA:106,11,0,0
BRDA:106,11,1,0
BRF:24
BRH:0
end_of_record
TN:
SF:app/api/analysis/complete/route.ts
FN:7,POST
FNF:1
FNH:0
FNDA:0,POST
DA:8,0
DA:9,0
DA:11,0
DA:12,0
DA:19,0
DA:20,0
DA:26,0
DA:27,0
DA:29,0
DA:34,0
DA:35,0
LF:11
LH:0
BRDA:11,0,0,0
BRDA:11,0,1,0
BRDA:11,1,0,0
BRDA:11,1,1,0
BRDA:19,2,0,0
BRDA:19,2,1,0
BRF:6
BRH:0
end_of_record
TN:
SF:app/api/analysis/intent/route.ts
FN:7,POST
FNF:1
FNH:0
FNDA:0,POST
DA:8,0
DA:9,0
DA:11,0
DA:12,0
DA:19,0
DA:20,0
DA:26,0
DA:27,0
DA:29,0
DA:34,0
DA:35,0
LF:11
LH:0
BRDA:11,0,0,0
BRDA:11,0,1,0
BRDA:11,1,0,0
BRDA:11,1,1,0
BRDA:19,2,0,0
BRDA:19,2,1,0
BRF:6
BRH:0
end_of_record
TN:
SF:app/api/analysis/sentiment/route.ts
FN:7,POST
FNF:1
FNH:0
FNDA:0,POST
DA:8,0
DA:9,0
DA:11,0
DA:12,0
DA:19,0
DA:20,0
DA:26,0
DA:27,0
DA:29,0
DA:34,0
DA:35,0
LF:11
LH:0
BRDA:11,0,0,0
BRDA:11,0,1,0
BRDA:11,1,0,0
BRDA:11,1,1,0
BRDA:19,2,0,0
BRDA:19,2,1,0
BRF:6
BRH:0
end_of_record
TN:
SF:app/api/auth/[...nextauth]/route.ts
FN:25,(anonymous_0)
FN:34,(anonymous_1)
FNF:2
FNH:0
FNDA:0,(anonymous_0)
FNDA:0,(anonymous_1)
DA:6,0
DA:8,0
DA:27,0
DA:28,0
DA:29,0
DA:30,0
DA:32,0
DA:36,0
DA:37,0
DA:48,0
LF:10
LH:0
BRDA:12,0,0,0
BRDA:12,0,1,0
BRDA:13,1,0,0
BRDA:13,1,1,0
BRDA:27,2,0,0
BRDA:27,2,1,0
BRF:6
BRH:0
end_of_record
TN:
SF:app/api/chat/route.ts
FN:5,POST
FNF:1
FNH:0
FNDA:0,POST
DA:6,0
DA:7,0
DA:9,0
DA:10,0
DA:17,0
DA:19,0
DA:20,0
DA:27,0
DA:28,0
DA:31,0
DA:34,0
DA:36,0
DA:38,0
DA:40,0
LF:14
LH:0
BRDA:9,0,0,0
BRDA:9,0,1,0
BRDA:9,1,0,0
BRDA:9,1,1,0
BRDA:9,1,2,0
BRDA:19,2,0,0
BRDA:19,2,1,0
BRF:7
BRH:0
end_of_record
TN:
SF:app/api/health/route.ts
FN:3,GET
FNF:1
FNH:0
FNDA:0,GET
DA:4,0
DA:11,0
LF:2
LH:0
BRDA:8,0,0,0
BRDA:8,0,1,0
BRF:2
BRH:0
end_of_record
TN:
SF:app/api/memories/route.ts
FN:8,GET
FN:29,POST
FN:61,DELETE
FN:97,PUT
FNF:4
FNH:0
FNDA:0,GET
FNDA:0,POST
FNDA:0,DELETE
FNDA:0,PUT
DA:5,0
DA:9,0
DA:11,0
DA:17,0
DA:19,0
DA:21,0
DA:30,0
DA:31,0
DA:33,0
DA:34,0
DA:41,0
DA:44,0
DA:47,0
DA:49,0
DA:51,0
DA:53,0
DA:62,0
DA:63,0
DA:65,0
DA:66,0
DA:73,0
DA:76,0
DA:78,0
DA:79,0
DA:85,0
DA:87,0
DA:89,0
DA:98,0
DA:99,0
DA:101,0
DA:102,0
DA:109,0
DA:112,0
DA:114,0
DA:115,0
DA:121,0
DA:123,0
DA:125,0
LF:38
LH:0
BRDA:31,0,0,0
BRDA:33,1,0,0
BRDA:33,1,1,0
BRDA:65,2,0,0
BRDA:65,2,1,0
BRDA:78,3,0,0
BRDA:78,3,1,0
BRDA:101,4,0,0
BRDA:101,4,1,0
BRDA:101,5,0,0
BRDA:101,5,1,0
BRDA:114,6,0,0
BRDA:114,6,1,0
BRF:13
BRH:0
end_of_record
TN:
SF:app/api/memories/search/route.ts
FN:4,GET
FNF:1
FNH:0
FNDA:0,GET
DA:5,0
DA:7,0
DA:8,0
DA:10,0
DA:11,0
DA:18,0
DA:19,0
DA:22,0
DA:25,0
DA:27,0
DA:29,0
DA:31,0
LF:12
LH:0
BRDA:10,0,0,0
BRDA:10,0,1,0
BRDA:19,1,0,0
BRDA:19,1,1,0
BRF:4
BRH:0
end_of_record
TN:
SF:app/api/modules/route.ts
FN:20,GET
FN:29,(anonymous_1)
FN:51,POST
FN:102,PATCH
FN:163,DELETE
FNF:5
FNH:0
FNDA:0,GET
FNDA:0,(anonymous_1)
FNDA:0,POST
FNDA:0,PATCH
FNDA:0,DELETE
DA:5,0
DA:21,0
DA:22,0
DA:29,0
DA:40,0
DA:42,0
DA:43,0
DA:52,0
DA:53,0
DA:56,0
DA:57,0
DA:64,0
DA:78,0
DA:91,0
DA:93,0
DA:94,0
DA:106,0
DA:107,0
DA:108,0
DA:111,0
DA:115,0
DA:116,0
DA:123,0
DA:139,0
DA:152,0
DA:154,0
DA:155,0
DA:167,0
DA:168,0
DA:171,0
DA:175,0
DA:176,0
DA:183,0
DA:187,0
DA:189,0
DA:190,0
LF:36
LH:0
BRDA:34,0,0,0
BRDA:34,0,1,0
BRDA:35,1,0,0
BRDA:35,1,1,0
BRDA:36,2,0,0
BRDA:36,2,1,0
BRDA:56,3,0,0
BRDA:56,3,1,0
BRDA:56,4,0,0
BRDA:56,4,1,0
BRDA:69,5,0,0
BRDA:69,5,1,0
BRDA:70,6,0,0
BRDA:70,6,1,0
BRDA:71,7,0,0
BRDA:71,7,1,0
BRDA:72,8,0,0
BRDA:72,8,1,0
BRDA:83,9,0,0
BRDA:83,9,1,0
BRDA:84,10,0,0
BRDA:84,10,1,0
BRDA:85,11,0,0
BRDA:85,11,1,0
BRDA:115,12,0,0
BRDA:115,12,1,0
BRDA:126,13,0,0
BRDA:126,13,1,0
BRDA:127,14,0,0
BRDA:127,14,1,0
BRDA:128,15,0,0
BRDA:128,15,1,0
BRDA:129,16,0,0
BRDA:129,16,1,0
BRDA:130,17,0,0
BRDA:130,17,1,0
BRDA:131,18,0,0
BRDA:131,18,1,0
BRDA:134,19,0,0
BRDA:134,19,1,0
BRDA:144,20,0,0
BRDA:144,20,1,0
BRDA:145,21,0,0
BRDA:145,21,1,0
BRDA:146,22,0,0
BRDA:146,22,1,0
BRDA:175,23,0,0
BRDA:175,23,1,0
BRF:48
BRH:0
end_of_record
TN:
SF:app/api/modules/calendar/events/route.ts
FN:20,getSession
FN:25,POST
FN:99,(anonymous_2)
FN:101,(anonymous_3)
FN:102,(anonymous_4)
FN:105,(anonymous_5)
FN:215,PATCH
FN:298,DELETE
FN:363,GET
FNF:9
FNH:0
FNDA:0,getSession
FNDA:0,POST
FNDA:0,(anonymous_2)
FNDA:0,(anonymous_3)
FNDA:0,(anonymous_4)
FNDA:0,(anonymous_5)
FNDA:0,PATCH
FNDA:0,DELETE
FNDA:0,GET
DA:17,0
DA:21,0
DA:26,0
DA:27,0
DA:28,0
DA:32,0
DA:33,0
DA:39,0
DA:42,0
DA:43,0
DA:44,0
DA:47,0
DA:87,0
DA:90,0
DA:91,0
DA:92,0
DA:99,0
DA:100,0
DA:101,0
DA:102,0
DA:105,0
DA:106,0
DA:110,0
DA:111,0
DA:128,0
DA:130,0
DA:133,0
DA:137,0
DA:141,0
DA:142,0
DA:145,0
DA:146,0
DA:153,0
DA:168,0
DA:169,0
DA:170,0
DA:182,0
DA:183,0
DA:184,0
DA:186,0
DA:191,0
DA:196,0
DA:198,0
DA:201,0
DA:206,0
DA:207,0
DA:219,0
DA:220,0
DA:221,0
DA:225,0
DA:226,0
DA:232,0
DA:233,0
DA:236,0
DA:243,0
DA:244,0
DA:251,0
DA:254,0
DA:264,0
DA:265,0
DA:266,0
DA:274,0
DA:279,0
DA:285,0
DA:287,0
DA:289,0
DA:290,0
DA:302,0
DA:303,0
DA:304,0
DA:308,0
DA:309,0
DA:315,0
DA:318,0
DA:325,0
DA:326,0
DA:333,0
DA:334,0
DA:335,0
DA:340,0
DA:345,0
DA:350,0
DA:352,0
DA:354,0
DA:355,0
DA:364,0
DA:365,0
DA:366,0
DA:370,0
DA:371,0
DA:377,0
DA:378,0
DA:381,0
DA:382,0
DA:383,0
DA:384,0
DA:388,0
DA:393,0
DA:395,0
DA:396,0
LF:100
LH:0
BRDA:28,0,0,0
BRDA:28,0,1,0
BRDA:32,1,0,0
BRDA:32,1,1,0
BRDA:42,2,0,0
BRDA:42,2,1,0
BRDA:42,3,0,0
BRDA:42,3,1,0
BRDA:90,4,0,0
BRDA:90,4,1,0
BRDA:117,5,0,0
BRDA:117,5,1,0
BRDA:118,6,0,0
BRDA:118,6,1,0
BRDA:119,7,0,0
BRDA:119,7,1,0
BRDA:141,8,0,0
BRDA:141,8,1,0
BRDA:145,9,0,0
BRDA:145,9,1,0
BRDA:145,10,0,0
BRDA:145,10,1,0
BRDA:145,10,2,0
BRDA:158,11,0,0
BRDA:158,11,1,0
BRDA:159,12,0,0
BRDA:159,12,1,0
BRDA:160,13,0,0
BRDA:160,13,1,0
BRDA:168,14,0,0
BRDA:168,14,1,0
BRDA:221,15,0,0
BRDA:221,15,1,0
BRDA:225,16,0,0
BRDA:225,16,1,0
BRDA:243,17,0,0
BRDA:243,17,1,0
BRDA:255,18,0,0
BRDA:255,18,1,0
BRDA:256,19,0,0
BRDA:256,19,1,0
BRDA:257,20,0,0
BRDA:257,20,1,0
BRDA:258,21,0,0
BRDA:258,21,1,0
BRDA:259,22,0,0
BRDA:259,22,1,0
BRDA:260,23,0,0
BRDA:260,23,1,0
BRDA:264,24,0,0
BRDA:264,24,1,0
BRDA:264,25,0,0
BRDA:264,25,1,0
BRDA:304,26,0,0
BRDA:304,26,1,0
BRDA:308,27,0,0
BRDA:308,27,1,0
BRDA:325,28,0,0
BRDA:325,28,1,0
BRDA:333,29,0,0
BRDA:333,29,1,0
BRDA:333,30,0,0
BRDA:333,30,1,0
BRDA:366,31,0,0
BRDA:366,31,1,0
BRDA:370,32,0,0
BRDA:370,32,1,0
BRDA:381,33,0,0
BRDA:381,33,1,0
BRF:69
BRH:0
end_of_record
TN:
SF:app/api/modules/drive/analyze/route.ts
FN:6,POST
FN:26,(anonymous_1)
FN:102,(anonymous_2)
FN:123,(anonymous_3)
FN:153,(anonymous_4)
FNF:5
FNH:0
FNDA:0,POST
FNDA:0,(anonymous_1)
FNDA:0,(anonymous_2)
FNDA:0,(anonymous_3)
FNDA:0,(anonymous_4)
DA:7,0
DA:9,0
DA:10,0
DA:12,0
DA:13,0
DA:20,0
DA:21,0
DA:22,0
DA:25,0
DA:27,0
DA:29,0
DA:34,0
DA:37,0
DA:39,0
DA:41,0
DA:46,0
DA:47,0
DA:55,0
DA:60,0
DA:61,0
DA:67,0
DA:72,0
DA:76,0
DA:77,0
DA:80,0
DA:92,0
DA:93,0
DA:102,0
DA:104,0
DA:105,0
DA:112,0
DA:123,0
DA:135,0
DA:151,0
DA:153,0
DA:161,0
DA:162,0
LF:37
LH:0
BRDA:12,0,0,0
BRDA:12,0,1,0
BRDA:12,1,0,0
BRDA:12,1,1,0
BRDA:12,1,2,0
BRDA:39,2,0,0
BRDA:39,2,1,0
BRDA:47,3,0,0
BRDA:47,3,1,0
BRDA:48,4,0,0
BRDA:48,4,1,0
BRDA:48,4,2,0
BRDA:48,4,3,0
BRDA:48,4,4,0
BRDA:61,5,0,0
BRDA:61,5,1,0
BRDA:62,6,0,0
BRDA:62,6,1,0
BRDA:62,6,2,0
BRDA:76,7,0,0
BRDA:76,7,1,0
BRDA:88,8,0,0
BRDA:88,8,1,0
BRDA:104,9,0,0
BRDA:104,9,1,0
BRDA:130,10,0,0
BRDA:130,10,1,0
BRF:27
BRH:0
end_of_record
TN:
SF:app/api/modules/drive/files/route.ts
FN:5,GET
FN:30,(anonymous_1)
FN:37,(anonymous_2)
FNF:3
FNH:0
FNDA:0,GET
FNDA:0,(anonymous_1)
FNDA:0,(anonymous_2)
DA:6,0
DA:8,0
DA:9,0
DA:12,0
DA:13,0
DA:16,0
DA:23,0
DA:30,0
DA:37,0
DA:50,0
DA:52,0
DA:53,0
LF:12
LH:0
BRDA:9,0,0,0
BRDA:9,0,1,0
BRDA:30,1,0,0
BRDA:30,1,1,0
BRDA:37,2,0,0
BRDA:37,2,1,0
BRDA:45,3,0,0
BRDA:45,3,1,0
BRDA:46,4,0,0
BRDA:46,4,1,0
BRDA:47,5,0,0
BRDA:47,5,1,0
BRF:12
BRH:0
end_of_record
TN:
SF:app/api/modules/drive/folder/[id]/route.ts
FN:5,GET
FNF:1
FNH:0
FNDA:0,GET
DA:9,0
DA:10,0
DA:12,0
DA:13,0
DA:20,0
DA:21,0
DA:24,0
DA:29,0
DA:32,0
DA:33,0
DA:40,0
DA:41,0
DA:44,0
DA:45,0
DA:46,0
DA:51,0
DA:52,0
DA:58,0
DA:61,0
DA:63,0
DA:64,0
DA:68,0
DA:74,0
DA:75,0
LF:24
LH:0
BRDA:12,0,0,0
BRDA:12,0,1,0
BRDA:32,1,0,0
BRDA:32,1,1,0
BRDA:44,2,0,0
BRDA:44,2,1,0
BRDA:61,3,0,0
BRDA:61,3,1,0
BRF:8
BRH:0
end_of_record
TN:
SF:app/api/modules/gmail/analyze/route.ts
FN:5,POST
FN:25,(anonymous_1)
FNF:2
FNH:0
FNDA:0,POST
FNDA:0,(anonymous_1)
DA:6,0
DA:8,0
DA:10,0
DA:11,0
DA:15,0
DA:17,0
DA:18,0
DA:25,0
DA:35,0
DA:49,0
DA:51,0
DA:53,0
DA:54,0
LF:13
LH:0
BRDA:10,0,0,0
BRDA:10,0,1,0
BRDA:17,1,0,0
BRDA:17,1,1,0
BRDA:17,2,0,0
BRDA:17,2,1,0
BRDA:17,2,2,0
BRF:7
BRH:0
end_of_record
TN:
SF:app/api/modules/gmail/emails/route.ts
FN:6,GET
FN:56,(anonymous_1)
FN:68,(anonymous_2)
FN:69,(anonymous_3)
FN:70,(anonymous_4)
FNF:5
FNH:0
FNDA:0,GET
FNDA:0,(anonymous_1)
FNDA:0,(anonymous_2)
FNDA:0,(anonymous_3)
FNDA:0,(anonymous_4)
DA:7,0
DA:9,0
DA:11,0
DA:12,0
DA:16,0
DA:17,0
DA:20,0
DA:22,0
DA:23,0
DA:27,0
DA:30,0
DA:32,0
DA:34,0
DA:35,0
DA:37,0
DA:38,0
DA:40,0
DA:44,0
DA:50,0
DA:51,0
DA:55,0
DA:57,0
DA:64,0
DA:65,0
DA:68,0
DA:69,0
DA:70,0
DA:73,0
DA:74,0
DA:76,0
DA:89,0
DA:91,0
DA:92,0
LF:33
LH:0
BRDA:11,0,0,0
BRDA:11,0,1,0
BRDA:17,1,0,0
BRDA:17,1,1,0
BRDA:22,2,0,0
BRDA:22,2,1,0
BRDA:32,3,0,0
BRDA:32,3,1,0
BRDA:32,3,2,0
BRDA:50,4,0,0
BRDA:50,4,1,0
BRDA:50,5,0,0
BRDA:50,5,1,0
BRDA:65,6,0,0
BRDA:65,6,1,0
BRDA:68,7,0,0
BRDA:68,7,1,0
BRDA:69,8,0,0
BRDA:69,8,1,0
BRDA:70,9,0,0
BRDA:70,9,1,0
BRDA:81,10,0,0
BRDA:81,10,1,0
BRF:23
BRH:0
end_of_record
TN:
SF:app/api/settings/route.ts
FN:7,GET
FN:30,PUT
FN:46,(anonymous_2)
FNF:3
FNH:0
FNDA:0,GET
FNDA:0,PUT
FNDA:0,(anonymous_2)
DA:4,0
DA:8,0
DA:10,0
DA:12,0
DA:18,0
DA:20,0
DA:22,0
DA:31,0
DA:32,0
DA:34,0
DA:35,0
DA:42,0
DA:45,0
DA:47,0
DA:49,0
DA:50,0
DA:53,0
DA:55,0
DA:61,0
DA:68,0
DA:69,0
DA:74,0
DA:86,0
DA:88,0
DA:90,0
LF:25
LH:0
BRDA:34,0,0,0
BRDA:34,0,1,0
BRDA:49,1,0,0
BRDA:49,1,1,0
BRDA:49,2,0,0
BRDA:49,2,1,0
BRDA:53,3,0,0
BRDA:53,3,1,0
BRDA:68,4,0,0
BRDA:68,4,1,0
BRF:10
BRH:0
end_of_record
TN:
SF:app/api/tts/route.ts
FN:10,POST
FNF:1
FNH:0
FNDA:0,POST
DA:6,0
DA:11,0
DA:13,0
DA:15,0
DA:16,0
DA:20,0
DA:22,0
DA:23,0
DA:30,0
DA:31,0
DA:33,0
DA:34,0
DA:37,0
DA:45,0
DA:48,0
DA:57,0
DA:59,0
LF:17
LH:0
BRDA:15,0,0,0
BRDA:15,0,1,0
BRDA:22,1,0,0
BRDA:22,1,1,0
BRDA:33,2,0,0
BRDA:33,2,1,0
BRDA:34,3,0,0
BRDA:34,3,1,0
BRDA:60,4,0,0
BRDA:60,4,1,0
BRF:10
BRH:0
end_of_record
TN:
SF:app/components/Header.tsx
FN:13,(anonymous_0)
FN:36,(anonymous_1)
FN:46,(anonymous_2)
FN:54,(anonymous_3)
FN:89,(anonymous_4)
FN:113,(anonymous_5)
FN:136,(anonymous_6)
FNF:7
FNH:0
FNDA:0,(anonymous_0)
FNDA:0,(anonymous_1)
FNDA:0,(anonymous_2)
FNDA:0,(anonymous_3)
FNDA:0,(anonymous_4)
FNDA:0,(anonymous_5)
FNDA:0,(anonymous_6)
DA:13,0
DA:19,0
DA:36,0
DA:46,0
DA:54,0
DA:89,0
DA:113,0
DA:136,0
LF:8
LH:0
BRDA:32,0,0,0
BRDA:32,0,1,0
BRDA:42,1,0,0
BRDA:42,1,1,0
BRDA:85,2,0,0
BRDA:85,2,1,0
BRDA:109,3,0,0
BRDA:109,3,1,0
BRDA:135,4,0,0
BRDA:135,4,1,0
BRF:10
BRH:0
end_of_record
TN:
SF:app/components/MemoryViewer.tsx
FN:20,(anonymous_0)
FN:27,(anonymous_1)
FN:30,(anonymous_2)
FN:38,(anonymous_3)
FN:42,(anonymous_4)
FN:48,(anonymous_5)
FN:69,(anonymous_6)
FN:79,(anonymous_7)
FN:82,(anonymous_8)
FN:99,(anonymous_9)
FN:106,(anonymous_10)
FN:112,(anonymous_11)
FN:121,(anonymous_12)
FN:137,(anonymous_13)
FN:147,(anonymous_14)
FNF:15
FNH:0
FNDA:0,(anonymous_0)
FNDA:0,(anonymous_1)
FNDA:0,(anonymous_2)
FNDA:0,(anonymous_3)
FNDA:0,(anonymous_4)
FNDA:0,(anonymous_5)
FNDA:0,(anonymous_6)
FNDA:0,(anonymous_7)
FNDA:0,(anonymous_8)
FNDA:0,(anonymous_9)
FNDA:0,(anonymous_10)
FNDA:0,(anonymous_11)
FNDA:0,(anonymous_12)
FNDA:0,(anonymous_13)
FNDA:0,(anonymous_14)
DA:20,0
DA:21,0
DA:22,0
DA:23,0
DA:24,0
DA:27,0
DA:30,0
DA:31,0
DA:32,0
DA:33,0
DA:37,0
DA:38,0
DA:42,0
DA:44,0
DA:48,0
DA:49,0
DA:52,0
DA:54,0
DA:55,0
DA:58,0
DA:69,0
DA:79,0
DA:83,0
DA:100,0
DA:106,0
DA:113,0
DA:114,0
DA:121,0
DA:138,0
DA:139,0
DA:147,0
LF:31
LH:0
BRDA:32,0,0,0
BRDA:32,0,1,0
BRDA:33,1,0,0
BRDA:33,1,1,0
BRDA:49,2,0,0
BRDA:49,2,1,0
BRDA:78,3,0,0
BRDA:78,3,1,0
BRDA:79,4,0,0
BRDA:79,4,1,0
BRDA:91,5,0,0
BRDA:91,5,1,0
BRDA:93,6,0,0
BRDA:93,6,1,0
BRDA:93,7,0,0
BRDA:93,7,1,0
BRDA:101,8,0,0
BRDA:101,8,1,0
BRF:18
BRH:0
end_of_record
TN:
SF:app/components/MessagesList.tsx
FN:17,(anonymous_0)
FN:22,(anonymous_1)
FN:27,(anonymous_2)
FN:30,(anonymous_3)
FN:48,(anonymous_4)
FN:57,(anonymous_5)
FNF:6
FNH:0
FNDA:0,(anonymous_0)
FNDA:0,(anonymous_1)
FNDA:0,(anonymous_2)
FNDA:0,(anonymous_3)
FNDA:0,(anonymous_4)
FNDA:0,(anonymous_5)
DA:17,0
DA:19,0
DA:22,0
DA:23,0
DA:27,0
DA:28,0
DA:30,0
DA:31,0
DA:32,0
DA:34,0
DA:35,0
DA:38,0
DA:41,0
DA:44,0
DA:46,0
DA:49,0
DA:58,0
DA:60,0
DA:61,0
DA:70,0
DA:72,0
LF:21
LH:0
BRDA:34,0,0,0
BRDA:34,0,1,0
BRDA:60,1,0,0
BRDA:60,1,1,0
BRDA:75,2,0,0
BRDA:75,2,1,0
BRDA:79,3,0,0
BRDA:79,3,1,0
BRDA:87,4,0,0
BRDA:87,4,1,0
BRF:10
BRH:0
end_of_record
TN:
SF:app/components/ModulesManager.tsx
FN:13,(anonymous_0)
FN:37,(anonymous_1)
FN:51,(anonymous_2)
FN:57,(anonymous_3)
FN:73,(anonymous_4)
FN:82,(anonymous_5)
FN:87,(anonymous_6)
FN:88,(anonymous_7)
FN:97,(anonymous_8)
FN:108,(anonymous_9)
FN:116,(anonymous_10)
FN:124,(anonymous_11)
FN:155,(anonymous_12)
FN:174,(anonymous_13)
FN:178,(anonymous_14)
FN:182,(anonymous_15)
FN:186,(anonymous_16)
FN:191,(anonymous_17)
FN:198,(anonymous_18)
FN:223,(anonymous_19)
FN:235,(anonymous_20)
FN:269,(anonymous_21)
FN:269,(anonymous_22)
FN:282,(anonymous_23)
FN:282,(anonymous_24)
FN:294,(anonymous_25)
FN:294,(anonymous_26)
FN:305,(anonymous_27)
FNF:28
FNH:0
FNDA:0,(anonymous_0)
FNDA:0,(anonymous_1)
FNDA:0,(anonymous_2)
FNDA:0,(anonymous_3)
FNDA:0,(anonymous_4)
FNDA:0,(anonymous_5)
FNDA:0,(anonymous_6)
FNDA:0,(anonymous_7)
FNDA:0,(anonymous_8)
FNDA:0,(anonymous_9)
FNDA:0,(anonymous_10)
FNDA:0,(anonymous_11)
FNDA:0,(anonymous_12)
FNDA:0,(anonymous_13)
FNDA:0,(anonymous_14)
FNDA:0,(anonymous_15)
FNDA:0,(anonymous_16)
FNDA:0,(anonymous_17)
FNDA:0,(anonymous_18)
FNDA:0,(anonymous_19)
FNDA:0,(anonymous_20)
FNDA:0,(anonymous_21)
FNDA:0,(anonymous_22)
FNDA:0,(anonymous_23)
FNDA:0,(anonymous_24)
FNDA:0,(anonymous_25)
FNDA:0,(anonymous_26)
FNDA:0,(anonymous_27)
DA:13,0
DA:19,0
DA:37,0
DA:51,0
DA:57,0
DA:73,0
DA:78,0
DA:80,0
DA:82,0
DA:83,0
DA:84,0
DA:87,0
DA:88,0
DA:91,0
DA:98,0
DA:108,0
DA:116,0
DA:124,0
DA:155,0
DA:164,0
DA:166,0
DA:167,0
DA:168,0
DA:174,0
DA:175,0
DA:178,0
DA:179,0
DA:182,0
DA:183,0
DA:186,0
DA:187,0
DA:188,0
DA:191,0
DA:192,0
DA:193,0
DA:194,0
DA:198,0
DA:199,0
DA:200,0
DA:201,0
DA:204,0
DA:205,0
DA:206,0
DA:209,0
DA:210,0
DA:217,0
DA:223,0
DA:236,0
DA:269,0
DA:282,0
DA:294,0
DA:305,0
LF:52
LH:0
BRDA:20,0,0,0
BRDA:20,0,1,0
BRDA:23,1,0,0
BRDA:23,1,1,0
BRDA:33,2,0,0
BRDA:33,2,1,0
BRDA:39,3,0,0
BRDA:39,3,1,0
BRDA:78,4,0,0
BRDA:78,4,1,0
BRDA:80,5,0,0
BRDA:80,5,1,0
BRDA:103,6,0,0
BRDA:103,6,1,0
BRDA:111,7,0,0
BRDA:111,7,1,0
BRDA:131,8,0,0
BRDA:131,8,1,0
BRDA:193,9,0,0
BRDA:193,9,1,0
BRDA:199,10,0,0
BRDA:199,10,1,0
BRDA:199,11,0,0
BRDA:199,11,1,0
BRDA:209,12,0,0
BRDA:209,12,1,0
BRDA:229,13,0,0
BRDA:229,13,1,0
BRDA:247,14,0,0
BRDA:247,14,1,0
BRDA:255,15,0,0
BRDA:255,15,1,0
BRF:32
BRH:0
end_of_record
TN:
SF:app/components/Settings.tsx
FN:12,(anonymous_0)
FN:39,(anonymous_1)
FN:71,(anonymous_2)
FN:81,(anonymous_3)
FN:91,(anonymous_4)
FN:101,(anonymous_5)
FN:125,(anonymous_6)
FN:140,(anonymous_7)
FN:161,(anonymous_8)
FN:189,(anonymous_9)
FN:209,(anonymous_10)
FN:225,(anonymous_11)
FN:244,(anonymous_12)
FN:266,(anonymous_13)
FN:301,(anonymous_14)
FN:321,(anonymous_15)
FN:335,(anonymous_16)
FNF:17
FNH:0
FNDA:0,(anonymous_0)
FNDA:0,(anonymous_1)
FNDA:0,(anonymous_2)
FNDA:0,(anonymous_3)
FNDA:0,(anonymous_4)
FNDA:0,(anonymous_5)
FNDA:0,(anonymous_6)
FNDA:0,(anonymous_7)
FNDA:0,(anonymous_8)
FNDA:0,(anonymous_9)
FNDA:0,(anonymous_10)
FNDA:0,(anonymous_11)
FNDA:0,(anonymous_12)
FNDA:0,(anonymous_13)
FNDA:0,(anonymous_14)
FNDA:0,(anonymous_15)
FNDA:0,(anonymous_16)
DA:12,0
DA:13,0
DA:14,0
DA:37,0
DA:39,0
DA:41,0
DA:42,0
DA:45,0
DA:71,0
DA:81,0
DA:91,0
DA:101,0
DA:125,0
DA:140,0
DA:161,0
DA:189,0
DA:209,0
DA:225,0
DA:244,0
DA:266,0
DA:301,0
DA:321,0
DA:335,0
LF:23
LH:0
BRDA:37,0,0,0
BRDA:37,0,1,0
BRDA:69,1,0,0
BRDA:69,1,1,0
BRDA:79,2,0,0
BRDA:79,2,1,0
BRDA:89,3,0,0
BRDA:89,3,1,0
BRDA:99,4,0,0
BRDA:99,4,1,0
BRDA:112,5,0,0
BRDA:112,5,1,0
BRDA:176,6,0,0
BRDA:176,6,1,0
BRDA:278,7,0,0
BRDA:278,7,1,0
BRDA:285,8,0,0
BRDA:285,8,1,0
BRF:18
BRH:0
end_of_record
TN:
SF:app/components/VoiceRecorder.tsx
FN:13,(anonymous_0)
FN:39,(anonymous_1)
FN:46,(anonymous_2)
FN:53,(anonymous_3)
FN:56,(anonymous_4)
FN:60,(anonymous_5)
FNF:6
FNH:0
FNDA:0,(anonymous_0)
FNDA:0,(anonymous_1)
FNDA:0,(anonymous_2)
FNDA:0,(anonymous_3)
FNDA:0,(anonymous_4)
FNDA:0,(anonymous_5)
DA:13,0
DA:18,0
DA:19,0
DA:36,0
DA:39,0
DA:40,0
DA:41,0
DA:46,0
DA:47,0
DA:48,0
DA:53,0
DA:54,0
DA:56,0
DA:57,0
DA:60,0
DA:65,0
DA:73,0
LF:17
LH:0
BRDA:40,0,0,0
BRDA:40,0,1,0
BRDA:47,1,0,0
BRDA:47,1,1,0
BRDA:54,2,0,0
BRDA:54,2,1,0
BRDA:54,3,0,0
BRDA:54,3,1,0
BRDA:54,3,2,0
BRDA:66,4,0,0
BRDA:66,4,1,0
BRDA:68,5,0,0
BRDA:68,5,1,0
BRDA:80,6,0,0
BRDA:80,6,1,0
BRDA:98,7,0,0
BRDA:98,7,1,0
BRDA:98,7,2,0
BRDA:102,8,0,0
BRDA:102,8,1,0
BRDA:104,9,0,0
BRDA:104,9,1,0
BRF:22
BRH:0
end_of_record
TN:
SF:app/components/VoiceSettings.tsx
FN:12,(anonymous_0)
FN:25,(anonymous_1)
FN:35,(anonymous_2)
FN:41,(anonymous_3)
FN:72,(anonymous_4)
FN:93,(anonymous_5)
FN:115,(anonymous_6)
FN:125,(anonymous_7)
FN:133,(anonymous_8)
FN:148,(anonymous_9)
FN:151,(anonymous_10)
FN:164,(anonymous_11)
FN:168,(anonymous_12)
FN:169,(anonymous_13)
FN:188,(anonymous_14)
FN:206,(anonymous_15)
FN:222,(anonymous_16)
FN:235,(anonymous_17)
FNF:18
FNH:0
FNDA:0,(anonymous_0)
FNDA:0,(anonymous_1)
FNDA:0,(anonymous_2)
FNDA:0,(anonymous_3)
FNDA:0,(anonymous_4)
FNDA:0,(anonymous_5)
FNDA:0,(anonymous_6)
FNDA:0,(anonymous_7)
FNDA:0,(anonymous_8)
FNDA:0,(anonymous_9)
FNDA:0,(anonymous_10)
FNDA:0,(anonymous_11)
FNDA:0,(anonymous_12)
FNDA:0,(anonymous_13)
FNDA:0,(anonymous_14)
FNDA:0,(anonymous_15)
FNDA:0,(anonymous_16)
FNDA:0,(anonymous_17)
DA:12,0
DA:13,0
DA:14,0
DA:15,0
DA:16,0
DA:17,0
DA:18,0
DA:19,0
DA:20,0
DA:21,0
DA:22,0
DA:25,0
DA:26,0
DA:28,0
DA:29,0
DA:30,0
DA:33,0
DA:35,0
DA:36,0
DA:41,0
DA:42,0
DA:44,0
DA:47,0
DA:50,0
DA:66,0
DA:68,0
DA:72,0
DA:73,0
DA:88,0
DA:89,0
DA:93,0
DA:94,0
DA:95,0
DA:96,0
DA:98,0
DA:99,0
DA:102,0
DA:104,0
DA:115,0
DA:126,0
DA:133,0
DA:148,0
DA:152,0
DA:164,0
DA:168,0
DA:170,0
DA:188,0
DA:206,0
DA:222,0
DA:235,0
LF:50
LH:0
BRDA:26,0,0,0
BRDA:26,0,1,0
BRDA:33,1,0,0
BRDA:33,1,1,0
BRDA:33,2,0,0
BRDA:33,2,1,0
BRDA:36,3,0,0
BRDA:36,3,1,0
BRDA:50,4,0,0
BRDA:50,4,1,0
BRDA:73,5,0,0
BRDA:73,5,1,0
BRDA:95,6,0,0
BRDA:95,6,1,0
BRDA:102,7,0,0
BRDA:102,7,1,0
BRDA:121,8,0,0
BRDA:121,8,1,0
BRDA:152,9,0,0
BRDA:152,9,1,0
BRDA:153,10,0,0
BRDA:153,10,1,0
BRDA:171,11,0,0
BRDA:171,11,1,0
BRDA:242,12,0,0
BRDA:242,12,1,0
BRDA:245,13,0,0
BRDA:245,13,1,0
BRF:28
BRH:0
end_of_record
TN:
SF:app/context/AssistantContext.tsx
FN:34,(anonymous_0)
FN:42,(anonymous_1)
FN:54,(anonymous_2)
FN:71,(anonymous_3)
FN:77,(anonymous_4)
FN:81,(anonymous_5)
FN:82,(anonymous_6)
FN:86,(anonymous_7)
FN:91,(anonymous_8)
FN:104,(anonymous_9)
FN:112,(anonymous_10)
FN:127,(anonymous_11)
FN:144,(anonymous_12)
FN:190,(anonymous_13)
FNF:14
FNH:0
FNDA:0,(anonymous_0)
FNDA:0,(anonymous_1)
FNDA:0,(anonymous_2)
FNDA:0,(anonymous_3)
FNDA:0,(anonymous_4)
FNDA:0,(anonymous_5)
FNDA:0,(anonymous_6)
FNDA:0,(anonymous_7)
FNDA:0,(anonymous_8)
FNDA:0,(anonymous_9)
FNDA:0,(anonymous_10)
FNDA:0,(anonymous_11)
FNDA:0,(anonymous_12)
FNDA:0,(anonymous_13)
DA:32,0
DA:34,0
DA:35,0
DA:36,0
DA:37,0
DA:38,0
DA:39,0
DA:42,0
DA:44,0
DA:51,0
DA:54,0
DA:55,0
DA:57,0
DA:58,0
DA:59,0
DA:60,0
DA:63,0
DA:67,0
DA:71,0
DA:72,0
DA:77,0
DA:81,0
DA:82,0
DA:86,0
DA:87,0
DA:91,0
DA:92,0
DA:94,0
DA:102,0
DA:103,0
DA:104,0
DA:107,0
DA:112,0
DA:113,0
DA:115,0
DA:116,0
DA:117,0
DA:119,0
DA:121,0
DA:122,0
DA:127,0
DA:128,0
DA:130,0
DA:133,0
DA:135,0
DA:137,0
DA:144,0
DA:150,0
DA:151,0
DA:152,0
DA:155,0
DA:156,0
DA:160,0
DA:161,0
DA:163,0
DA:164,0
DA:168,0
DA:190,0
DA:191,0
DA:192,0
DA:193,0
DA:195,0
LF:62
LH:0
BRDA:58,0,0,0
BRDA:58,0,1,0
BRDA:91,1,0,0
BRDA:102,2,0,0
BRDA:102,2,1,0
BRDA:116,3,0,0
BRDA:116,3,1,0
BRDA:128,4,0,0
BRDA:128,4,1,0
BRDA:150,5,0,0
BRDA:150,5,1,0
BRDA:155,6,0,0
BRDA:155,6,1,0
BRDA:156,7,0,0
BRDA:156,7,1,0
BRDA:156,8,0,0
BRDA:156,8,1,0
BRDA:192,9,0,0
BRDA:192,9,1,0
BRF:19
BRH:0
end_of_record
TN:
SF:app/context/ModulesContext.tsx
FN:51,(anonymous_0)
FN:56,(anonymous_1)
FN:59,(anonymous_2)
FN:60,(anonymous_3)
FN:78,(anonymous_4)
FN:80,(anonymous_5)
FN:94,(anonymous_6)
FN:109,(anonymous_7)
FN:121,(anonymous_8)
FN:132,(anonymous_9)
FN:139,(anonymous_10)
FN:139,(anonymous_11)
FN:150,(anonymous_12)
FN:152,(anonymous_13)
FN:169,(anonymous_14)
FN:184,(anonymous_15)
FN:186,(anonymous_16)
FN:216,(anonymous_17)
FN:217,(anonymous_18)
FN:221,(anonymous_19)
FN:222,(anonymous_20)
FN:226,(anonymous_21)
FN:263,(anonymous_22)
FNF:23
FNH:0
FNDA:0,(anonymous_0)
FNDA:0,(anonymous_1)
FNDA:0,(anonymous_2)
FNDA:0,(anonymous_3)
FNDA:0,(anonymous_4)
FNDA:0,(anonymous_5)
FNDA:0,(anonymous_6)
FNDA:0,(anonymous_7)
FNDA:0,(anonymous_8)
FNDA:0,(anonymous_9)
FNDA:0,(anonymous_10)
FNDA:0,(anonymous_11)
FNDA:0,(anonymous_12)
FNDA:0,(anonymous_13)
FNDA:0,(anonymous_14)
FNDA:0,(anonymous_15)
FNDA:0,(anonymous_16)
FNDA:0,(anonymous_17)
FNDA:0,(anonymous_18)
FNDA:0,(anonymous_19)
FNDA:0,(anonymous_20)
FNDA:0,(anonymous_21)
FNDA:0,(anonymous_22)
DA:48,0
DA:51,0
DA:52,0
DA:53,0
DA:56,0
DA:59,0
DA:60,0
DA:61,0
DA:62,0
DA:63,0
DA:64,0
DA:65,0
DA:68,0
DA:70,0
DA:74,0
DA:78,0
DA:79,0
DA:80,0
DA:81,0
DA:83,0
DA:85,0
DA:93,0
DA:94,0
DA:95,0
DA:96,0
DA:97,0
DA:99,0
DA:101,0
DA:103,0
DA:104,0
DA:109,0
DA:110,0
DA:111,0
DA:119,0
DA:120,0
DA:121,0
DA:122,0
DA:124,0
DA:126,0
DA:127,0
DA:132,0
DA:133,0
DA:134,0
DA:138,0
DA:139,0
DA:140,0
DA:142,0
DA:144,0
DA:145,0
DA:150,0
DA:151,0
DA:152,0
DA:153,0
DA:155,0
DA:160,0
DA:168,0
DA:169,0
DA:170,0
DA:171,0
DA:172,0
DA:174,0
DA:176,0
DA:178,0
DA:179,0
DA:184,0
DA:185,0
DA:186,0
DA:187,0
DA:188,0
DA:191,0
DA:192,0
DA:195,0
DA:203,0
DA:204,0
DA:207,0
DA:208,0
DA:210,0
DA:211,0
DA:216,0
DA:217,0
DA:221,0
DA:222,0
DA:226,0
DA:227,0
DA:228,0
DA:229,0
DA:230,0
DA:231,0
DA:232,0
DA:235,0
DA:237,0
DA:241,0
DA:263,0
DA:264,0
DA:265,0
DA:266,0
DA:268,0
LF:97
LH:0
BRDA:63,0,0,0
BRDA:63,0,1,0
BRDA:81,1,0,0
BRDA:81,1,1,0
BRDA:93,2,0,0
BRDA:93,2,1,0
BRDA:119,3,0,0
BRDA:119,3,1,0
BRDA:138,4,0,0
BRDA:138,4,1,0
BRDA:153,5,0,0
BRDA:153,5,1,0
BRDA:168,6,0,0
BRDA:168,6,1,0
BRDA:187,7,0,0
BRDA:187,7,1,0
BRDA:191,8,0,0
BRDA:191,8,1,0
BRDA:203,9,0,0
BRDA:203,9,1,0
BRDA:208,10,0,0
BRDA:208,10,1,0
BRDA:217,11,0,0
BRDA:217,11,1,0
BRDA:230,12,0,0
BRDA:230,12,1,0
BRDA:265,13,0,0
BRDA:265,13,1,0
BRF:28
BRH:0
end_of_record
TN:
SF:app/lib/google.ts
FN:11,(anonymous_0)
FN:30,(anonymous_1)
FN:36,(anonymous_2)
FN:85,updateUserTokens
FN:116,(anonymous_4)
FNF:5
FNH:0
FNDA:0,(anonymous_0)
FNDA:0,(anonymous_1)
FNDA:0,(anonymous_2)
FNDA:0,updateUserTokens
FNDA:0,(anonymous_4)
DA:11,0
DA:12,0
DA:13,0
DA:14,0
DA:18,0
DA:19,0
DA:22,0
DA:30,0
DA:31,0
DA:32,0
DA:36,0
DA:37,0
DA:39,0
DA:40,0
DA:41,0
DA:44,0
DA:45,0
DA:48,0
DA:55,0
DA:58,0
DA:59,0
DA:60,0
DA:63,0
DA:70,0
DA:72,0
DA:73,0
DA:77,0
DA:79,0
DA:80,0
DA:86,0
DA:108,0
DA:110,0
DA:111,0
DA:116,0
DA:117,0
DA:119,0
DA:125,0
DA:132,0
LF:38
LH:0
BRDA:14,0,0,0
BRDA:14,0,1,0
BRDA:18,1,0,0
BRDA:18,1,1,0
BRDA:18,2,0,0
BRDA:18,2,1,0
BRDA:39,3,0,0
BRDA:39,3,1,0
BRDA:55,4,0,0
BRDA:55,4,1,0
BRDA:58,5,0,0
BRDA:58,5,1,0
BRDA:58,6,0,0
BRDA:58,6,1,0
BRDA:65,7,0,0
BRDA:65,7,1,0
BRDA:116,8,0,0
BRDA:125,9,0,0
BRDA:125,9,1,0
BRF:19
BRH:0
end_of_record
TN:
SF:app/lib/openai.ts
FN:33,(anonymous_0)
FN:38,(anonymous_1)
FN:53,(anonymous_2)
FN:96,(anonymous_3)
FN:104,(anonymous_4)
FN:112,(anonymous_5)
FN:153,(anonymous_6)
FNF:7
FNH:0
FNDA:0,(anonymous_0)
FNDA:0,(anonymous_1)
FNDA:0,(anonymous_2)
FNDA:0,(anonymous_3)
FNDA:0,(anonymous_4)
FNDA:0,(anonymous_5)
FNDA:0,(anonymous_6)
DA:5,1
DA:10,1
DA:34,0
DA:39,0
DA:40,0
DA:45,0
DA:47,0
DA:48,0
DA:54,0
DA:55,0
DA:73,0
DA:82,0
DA:84,0
DA:85,0
DA:88,0
DA:90,0
DA:91,0
DA:97,0
DA:98,0
DA:100,0
DA:101,0
DA:104,0
DA:106,0
DA:107,0
DA:113,0
DA:115,0
DA:118,0
DA:130,0
DA:136,0
DA:139,0
DA:141,0
DA:146,0
DA:147,0
DA:153,1
DA:154,0
LF:35
LH:3
BRDA:6,0,0,1
BRDA:6,0,1,0
BRDA:84,1,0,0
BRDA:84,1,1,0
BRDA:100,2,0,0
BRDA:100,2,1,0
BRDA:122,3,0,0
BRDA:122,3,1,0
BRDA:136,4,0,0
BRDA:136,4,1,0
BRF:10
BRH:1
end_of_record
TN:
SF:app/lib/sentimentAnalysis.ts
FN:21,(anonymous_0)
FN:30,(anonymous_1)
FN:78,(anonymous_2)
FN:128,(anonymous_3)
FNF:4
FNH:1
FNDA:1,(anonymous_0)
FNDA:0,(anonymous_1)
FNDA:0,(anonymous_2)
FNDA:0,(anonymous_3)
DA:22,1
DA:31,0
DA:43,0
DA:44,0
DA:59,0
DA:60,0
DA:62,0
DA:64,0
DA:79,0
DA:92,0
DA:93,0
DA:108,0
DA:109,0
DA:111,0
DA:113,0
DA:133,0
DA:138,0
LF:17
LH:1
BRF:0
BRH:0
end_of_record
TN:
SF:app/lib/textToSpeech.ts
FN:47,(anonymous_0)
FN:63,(anonymous_1)
FN:67,(anonymous_2)
FN:73,(anonymous_3)
FN:92,(anonymous_4)
FN:101,(anonymous_5)
FN:104,(anonymous_6)
FN:115,(anonymous_7)
FN:128,(anonymous_8)
FN:150,(anonymous_9)
FN:151,(anonymous_10)
FN:168,(anonymous_11)
FN:174,(anonymous_12)
FN:178,(anonymous_13)
FN:195,(anonymous_14)
FN:197,(anonymous_15)
FN:200,(anonymous_16)
FN:202,(anonymous_17)
FN:206,(anonymous_18)
FN:209,(anonymous_19)
FN:219,(anonymous_20)
FN:245,(anonymous_21)
FN:258,(anonymous_22)
FN:260,(anonymous_23)
FN:263,(anonymous_24)
FN:265,(anonymous_25)
FN:270,(anonymous_26)
FN:273,(anonymous_27)
FN:279,(anonymous_28)
FN:291,(anonymous_29)
FN:301,(anonymous_30)
FN:314,(anonymous_31)
FN:319,(anonymous_32)
FN:323,(anonymous_33)
FN:324,(anonymous_34)
FN:329,(anonymous_35)
FN:333,(anonymous_36)
FN:334,(anonymous_37)
FN:342,(anonymous_38)
FNF:39
FNH:0
FNDA:0,(anonymous_0)
FNDA:0,(anonymous_1)
FNDA:0,(anonymous_2)
FNDA:0,(anonymous_3)
FNDA:0,(anonymous_4)
FNDA:0,(anonymous_5)
FNDA:0,(anonymous_6)
FNDA:0,(anonymous_7)
FNDA:0,(anonymous_8)
FNDA:0,(anonymous_9)
FNDA:0,(anonymous_10)
FNDA:0,(anonymous_11)
FNDA:0,(anonymous_12)
FNDA:0,(anonymous_13)
FNDA:0,(anonymous_14)
FNDA:0,(anonymous_15)
FNDA:0,(anonymous_16)
FNDA:0,(anonymous_17)
FNDA:0,(anonymous_18)
FNDA:0,(anonymous_19)
FNDA:0,(anonymous_20)
FNDA:0,(anonymous_21)
FNDA:0,(anonymous_22)
FNDA:0,(anonymous_23)
FNDA:0,(anonymous_24)
FNDA:0,(anonymous_25)
FNDA:0,(anonymous_26)
FNDA:0,(anonymous_27)
FNDA:0,(anonymous_28)
FNDA:0,(anonymous_29)
FNDA:0,(anonymous_30)
FNDA:0,(anonymous_31)
FNDA:0,(anonymous_32)
FNDA:0,(anonymous_33)
FNDA:0,(anonymous_34)
FNDA:0,(anonymous_35)
FNDA:0,(anonymous_36)
FNDA:0,(anonymous_37)
FNDA:0,(anonymous_38)
DA:28,0
DA:29,0
DA:30,0
DA:39,0
DA:40,0
DA:41,0
DA:42,0
DA:43,0
DA:44,0
DA:45,0
DA:48,0
DA:53,0
DA:54,0
DA:55,0
DA:58,0
DA:64,0
DA:67,0
DA:68,0
DA:71,0
DA:72,0
DA:73,0
DA:76,0
DA:77,0
DA:83,0
DA:86,0
DA:87,0
DA:93,0
DA:94,0
DA:95,0
DA:96,0
DA:102,0
DA:104,0
DA:116,0
DA:119,0
DA:122,0
DA:123,0
DA:129,0
DA:131,0
DA:133,0
DA:134,0
DA:137,0
DA:139,0
DA:140,0
DA:142,0
DA:146,0
DA:151,0
DA:152,0
DA:153,0
DA:154,0
DA:155,0
DA:159,0
DA:162,0
DA:163,0
DA:164,0
DA:167,0
DA:168,0
DA:169,0
DA:170,0
DA:172,0
DA:174,0
DA:176,0
DA:177,0
DA:178,0
DA:179,0
DA:183,0
DA:184,0
DA:186,0
DA:189,0
DA:195,0
DA:196,0
DA:197,0
DA:200,0
DA:201,0
DA:202,0
DA:203,0
DA:206,0
DA:207,0
DA:208,0
DA:209,0
DA:210,0
DA:214,0
DA:220,0
DA:222,0
DA:234,0
DA:235,0
DA:239,0
DA:240,0
DA:243,0
DA:245,0
DA:247,0
DA:248,0
DA:251,0
DA:252,0
DA:253,0
DA:254,0
DA:258,0
DA:259,0
DA:260,0
DA:263,0
DA:264,0
DA:265,0
DA:266,0
DA:267,0
DA:270,0
DA:271,0
DA:272,0
DA:273,0
DA:274,0
DA:275,0
DA:279,0
DA:280,0
DA:281,0
DA:285,0
DA:286,0
DA:292,0
DA:293,0
DA:296,0
DA:297,0
DA:302,0
DA:304,0
DA:305,0
DA:306,0
DA:308,0
DA:309,0
DA:315,0
DA:320,0
DA:323,0
DA:324,0
DA:330,0
DA:333,0
DA:334,0
DA:340,0
DA:342,0
DA:343,0
DA:344,0
DA:347,0
LF:136
LH:0
BRDA:53,0,0,0
BRDA:53,0,1,0
BRDA:64,1,0,0
BRDA:64,1,1,0
BRDA:68,2,0,0
BRDA:68,2,1,0
BRDA:71,3,0,0
BRDA:71,3,1,0
BRDA:71,4,0,0
BRDA:71,4,1,0
BRDA:76,5,0,0
BRDA:76,5,1,0
BRDA:86,6,0,0
BRDA:86,6,1,0
BRDA:93,7,0,0
BRDA:93,7,1,0
BRDA:93,8,0,0
BRDA:93,8,1,0
BRDA:102,9,0,0
BRDA:102,9,1,0
BRDA:108,10,0,0
BRDA:108,10,1,0
BRDA:108,11,0,0
BRDA:108,11,1,0
BRDA:116,12,0,0
BRDA:116,12,1,0
BRDA:122,13,0,0
BRDA:122,13,1,0
BRDA:129,14,0,0
BRDA:129,14,1,0
BRDA:129,15,0,0
BRDA:129,15,1,0
BRDA:139,16,0,0
BRDA:139,16,1,0
BRDA:152,17,0,0
BRDA:152,17,1,0
BRDA:162,18,0,0
BRDA:162,18,1,0
BRDA:163,19,0,0
BRDA:163,19,1,0
BRDA:164,20,0,0
BRDA:164,20,1,0
BRDA:167,21,0,0
BRDA:167,21,1,0
BRDA:168,22,0,0
BRDA:168,22,1,0
BRDA:169,23,0,0
BRDA:169,23,1,0
BRDA:172,24,0,0
BRDA:172,24,1,0
BRDA:176,25,0,0
BRDA:176,25,1,0
BRDA:177,26,0,0
BRDA:177,26,1,0
BRDA:177,27,0,0
BRDA:177,27,1,0
BRDA:179,28,0,0
BRDA:179,28,1,0
BRDA:179,28,2,0
BRDA:179,28,3,0
BRDA:183,29,0,0
BRDA:183,29,1,0
BRDA:229,30,0,0
BRDA:229,30,1,0
BRDA:234,31,0,0
BRDA:234,31,1,0
BRDA:247,32,0,0
BRDA:247,32,1,0
BRDA:248,33,0,0
BRDA:248,33,1,0
BRDA:251,34,0,0
BRDA:251,34,1,0
BRDA:251,35,0,0
BRDA:251,35,1,0
BRDA:292,36,0,0
BRDA:292,36,1,0
BRDA:302,37,0,0
BRDA:302,37,1,0
BRDA:304,38,0,0
BRDA:304,38,1,0
BRDA:343,39,0,0
BRDA:343,39,1,0
BRF:82
BRH:0
end_of_record
TN:
SF:app/lib/vectorStore.ts
FN:25,(anonymous_0)
FN:34,(anonymous_1)
FN:39,(anonymous_2)
FN:60,(anonymous_3)
FN:65,(anonymous_4)
FN:124,(anonymous_5)
FN:149,(anonymous_6)
FN:161,(anonymous_7)
FN:162,(anonymous_8)
FN:174,(anonymous_9)
FN:184,(anonymous_10)
FN:209,(anonymous_11)
FN:265,(anonymous_12)
FNF:13
FNH:0
FNDA:0,(anonymous_0)
FNDA:0,(anonymous_1)
FNDA:0,(anonymous_2)
FNDA:0,(anonymous_3)
FNDA:0,(anonymous_4)
FNDA:0,(anonymous_5)
FNDA:0,(anonymous_6)
FNDA:0,(anonymous_7)
FNDA:0,(anonymous_8)
FNDA:0,(anonymous_9)
FNDA:0,(anonymous_10)
FNDA:0,(anonymous_11)
FNDA:0,(anonymous_12)
DA:16,0
DA:21,0
DA:23,0
DA:27,0
DA:30,0
DA:35,0
DA:37,0
DA:38,0
DA:39,0
DA:43,0
DA:44,0
DA:52,0
DA:54,0
DA:55,0
DA:61,0
DA:66,0
DA:67,0
DA:68,0
DA:71,0
DA:72,0
DA:76,0
DA:79,0
DA:88,0
DA:104,0
DA:109,0
DA:118,0
DA:119,0
DA:125,0
DA:126,0
DA:127,0
DA:130,0
DA:131,0
DA:135,0
DA:138,0
DA:144,0
DA:145,0
DA:149,0
DA:151,0
DA:160,0
DA:162,0
DA:163,0
DA:165,0
DA:174,0
DA:176,0
DA:178,0
DA:179,0
DA:185,0
DA:186,0
DA:187,0
DA:191,0
DA:196,0
DA:201,0
DA:203,0
DA:204,0
DA:210,0
DA:211,0
DA:212,0
DA:215,0
DA:216,0
DA:220,0
DA:221,0
DA:223,0
DA:229,0
DA:232,0
DA:247,0
DA:256,0
DA:257,0
DA:263,0
DA:265,0
DA:266,0
DA:267,0
DA:268,0
DA:271,0
LF:73
LH:0
BRDA:28,0,0,0
BRDA:28,0,1,0
BRDA:30,1,0,0
BRDA:30,1,1,0
BRDA:43,2,0,0
BRDA:43,2,1,0
BRDA:65,3,0,0
BRDA:67,4,0,0
BRDA:67,4,1,0
BRDA:71,5,0,0
BRDA:71,5,1,0
BRDA:113,6,0,0
BRDA:113,6,1,0
BRDA:124,7,0,0
BRDA:126,8,0,0
BRDA:126,8,1,0
BRDA:130,9,0,0
BRDA:130,9,1,0
BRDA:144,10,0,0
BRDA:144,10,1,0
BRDA:144,11,0,0
BRDA:144,11,1,0
BRDA:163,12,0,0
BRDA:163,12,1,0
BRDA:169,13,0,0
BRDA:169,13,1,0
BRDA:186,14,0,0
BRDA:186,14,1,0
BRDA:211,15,0,0
BRDA:211,15,1,0
BRDA:215,16,0,0
BRDA:215,16,1,0
BRDA:221,17,0,0
BRDA:221,17,1,0
BRDA:251,18,0,0
BRDA:251,18,1,0
BRDA:266,19,0,0
BRDA:266,19,1,0
BRF:38
BRH:0
end_of_record
TN:
SF:app/lib/voiceRecognition.ts
FN:39,(anonymous_0)
FN:66,(anonymous_1)
FN:87,(anonymous_2)
FN:99,(anonymous_3)
FN:111,(anonymous_4)
FN:116,(anonymous_5)
FN:121,(anonymous_6)
FN:131,(anonymous_7)
FN:173,(anonymous_8)
FN:178,(anonymous_9)
FN:185,(anonymous_10)
FN:187,(anonymous_11)
FN:204,(anonymous_12)
FN:212,(anonymous_13)
FN:218,useVoiceRecognition
FN:229,(anonymous_15)
FN:233,(anonymous_16)
FN:234,(anonymous_17)
FN:239,(anonymous_18)
FN:244,(anonymous_19)
FN:252,(anonymous_20)
FN:261,(anonymous_21)
FN:262,(anonymous_22)
FN:268,(anonymous_23)
FN:272,(anonymous_24)
FN:278,(anonymous_25)
FN:284,(anonymous_26)
FN:292,(anonymous_27)
FNF:28
FNH:0
FNDA:0,(anonymous_0)
FNDA:0,(anonymous_1)
FNDA:0,(anonymous_2)
FNDA:0,(anonymous_3)
FNDA:0,(anonymous_4)
FNDA:0,(anonymous_5)
FNDA:0,(anonymous_6)
FNDA:0,(anonymous_7)
FNDA:0,(anonymous_8)
FNDA:0,(anonymous_9)
FNDA:0,(anonymous_10)
FNDA:0,(anonymous_11)
FNDA:0,(anonymous_12)
FNDA:0,(anonymous_13)
FNDA:0,useVoiceRecognition
FNDA:0,(anonymous_15)
FNDA:0,(anonymous_16)
FNDA:0,(anonymous_17)
FNDA:0,(anonymous_18)
FNDA:0,(anonymous_19)
FNDA:0,(anonymous_20)
FNDA:0,(anonymous_21)
FNDA:0,(anonymous_22)
FNDA:0,(anonymous_23)
FNDA:0,(anonymous_24)
FNDA:0,(anonymous_25)
FNDA:0,(anonymous_26)
FNDA:0,(anonymous_27)
DA:29,0
DA:30,0
DA:31,0
DA:32,0
DA:37,0
DA:45,0
DA:55,0
DA:56,0
DA:57,0
DA:60,0
DA:61,0
DA:67,0
DA:68,0
DA:69,0
DA:72,0
DA:73,0
DA:74,0
DA:77,0
DA:78,0
DA:79,0
DA:80,0
DA:82,0
DA:88,0
DA:89,0
DA:90,0
DA:91,0
DA:93,0
DA:100,0
DA:101,0
DA:102,0
DA:103,0
DA:105,0
DA:112,0
DA:117,0
DA:123,0
DA:124,0
DA:126,0
DA:132,0
DA:133,0
DA:134,0
DA:136,0
DA:137,0
DA:138,0
DA:140,0
DA:141,0
DA:143,0
DA:147,0
DA:148,0
DA:151,0
DA:152,0
DA:154,0
DA:155,0
DA:156,0
DA:157,0
DA:158,0
DA:163,0
DA:164,0
DA:165,0
DA:166,0
DA:167,0
DA:168,0
DA:174,0
DA:177,0
DA:178,0
DA:180,0
DA:186,0
DA:187,0
DA:188,0
DA:189,0
DA:191,0
DA:193,0
DA:194,0
DA:195,0
DA:198,0
DA:205,0
DA:206,0
DA:207,0
DA:213,0
DA:219,0
DA:220,0
DA:221,0
DA:222,0
DA:223,0
DA:224,0
DA:226,0
DA:229,0
DA:230,0
DA:231,0
DA:233,0
DA:235,0
DA:236,0
DA:237,0
DA:241,0
DA:244,0
DA:245,0
DA:246,0
DA:252,0
DA:253,0
DA:254,0
DA:261,0
DA:262,0
DA:263,0
DA:264,0
DA:268,0
DA:272,0
DA:273,0
DA:274,0
DA:278,0
DA:279,0
DA:280,0
DA:284,0
DA:285,0
DA:286,0
DA:288,0
DA:292,0
DA:293,0
DA:294,0
DA:298,0
LF:118
LH:0
BRDA:60,0,0,0
BRDA:60,0,1,0
BRDA:67,1,0,0
BRDA:67,1,1,0
BRDA:67,2,0,0
BRDA:67,2,1,0
BRDA:68,3,0,0
BRDA:68,3,1,0
BRDA:72,4,0,0
BRDA:72,4,1,0
BRDA:73,5,0,0
BRDA:73,5,1,0
BRDA:74,6,0,0
BRDA:74,6,1,0
BRDA:88,7,0,0
BRDA:88,7,1,0
BRDA:100,8,0,0
BRDA:100,8,1,0
BRDA:123,9,0,0
BRDA:123,9,1,0
BRDA:123,10,0,0
BRDA:123,10,1,0
BRDA:140,11,0,0
BRDA:140,11,1,0
BRDA:148,12,0,0
BRDA:148,12,1,0
BRDA:151,13,0,0
BRDA:151,13,1,0
BRDA:151,14,0,0
BRDA:151,14,1,0
BRDA:154,15,0,0
BRDA:154,15,1,0
BRDA:154,16,0,0
BRDA:154,16,1,0
BRDA:154,17,0,0
BRDA:154,17,1,0
BRDA:163,18,0,0
BRDA:163,18,1,0
BRDA:163,19,0,0
BRDA:163,19,1,0
BRDA:177,20,0,0
BRDA:177,20,1,0
BRDA:177,21,0,0
BRDA:177,21,1,0
BRDA:186,22,0,0
BRDA:186,22,1,0
BRDA:191,23,0,0
BRDA:191,23,1,0
BRDA:191,24,0,0
BRDA:191,24,1,0
BRDA:199,25,0,0
BRDA:199,25,1,0
BRDA:205,26,0,0
BRDA:205,26,1,0
BRDA:218,27,0,0
BRDA:230,28,0,0
BRDA:230,28,1,0
BRDA:253,29,0,0
BRDA:253,29,1,0
BRDA:263,30,0,0
BRDA:263,30,1,0
BRDA:263,31,0,0
BRDA:263,31,1,0
BRDA:273,32,0,0
BRDA:273,32,1,0
BRDA:279,33,0,0
BRDA:279,33,1,0
BRDA:285,34,0,0
BRDA:285,34,1,0
BRDA:293,35,0,0
BRDA:293,35,1,0
BRF:71
BRH:0
end_of_record
TN:
SF:app/modules/calendar/CalendarModule.tsx
FN:19,(anonymous_0)
FN:33,(anonymous_1)
FN:48,(anonymous_2)
FN:75,(anonymous_3)
FN:89,(anonymous_4)
FN:117,processCalendarAction
FN:163,(anonymous_6)
FN:169,(anonymous_7)
FN:170,(anonymous_8)
FN:196,(anonymous_9)
FN:201,(anonymous_10)
FN:206,(anonymous_11)
FN:211,(anonymous_12)
FN:250,(anonymous_13)
FN:253,(anonymous_14)
FN:305,(anonymous_15)
FN:306,(anonymous_16)
FN:325,(anonymous_17)
FNF:18
FNH:9
FNDA:0,(anonymous_0)
FNDA:0,(anonymous_1)
FNDA:0,(anonymous_2)
FNDA:0,(anonymous_3)
FNDA:0,(anonymous_4)
FNDA:0,processCalendarAction
FNDA:2,(anonymous_6)
FNDA:1,(anonymous_7)
FNDA:1,(anonymous_8)
FNDA:0,(anonymous_9)
FNDA:0,(anonymous_10)
FNDA:1,(anonymous_11)
FNDA:1,(anonymous_12)
FNDA:31,(anonymous_13)
FNDA:62,(anonymous_14)
FNDA:6,(anonymous_15)
FNDA:42,(anonymous_16)
FNDA:0,(anonymous_17)
DA:20,0
DA:21,0
DA:29,0
DA:30,0
DA:33,0
DA:40,0
DA:42,0
DA:43,0
DA:49,0
DA:50,0
DA:58,0
DA:59,0
DA:60,0
DA:67,0
DA:69,0
DA:70,0
DA:76,0
DA:77,0
DA:81,0
DA:83,0
DA:84,0
DA:90,0
DA:91,0
DA:99,0
DA:100,0
DA:101,0
DA:108,0
DA:110,0
DA:111,0
DA:118,0
DA:119,0
DA:121,0
DA:123,0
DA:124,0
DA:125,0
DA:128,0
DA:129,0
DA:130,0
DA:135,0
DA:136,0
DA:137,0
DA:142,0
DA:143,0
DA:144,0
DA:149,0
DA:152,0
DA:153,0
DA:163,1
DA:164,2
DA:165,2
DA:166,2
DA:169,2
DA:170,1
DA:171,1
DA:173,1
DA:174,1
DA:176,1
DA:185,1
DA:186,1
DA:189,1
DA:192,1
DA:196,2
DA:197,0
DA:201,2
DA:202,0
DA:206,2
DA:207,1
DA:211,2
DA:212,1
DA:213,1
DA:215,1
DA:216,1
DA:218,1
DA:219,1
DA:222,1
DA:223,5
DA:227,1
DA:228,31
DA:231,31
DA:232,5
DA:233,5
DA:238,1
DA:239,1
DA:240,1
DA:241,6
DA:243,1
DA:246,1
DA:250,2
DA:251,31
DA:253,31
DA:254,62
DA:255,62
DA:261,2
DA:262,1
DA:269,1
DA:306,6
DA:307,42
DA:326,0
LF:98
LH:48
BRDA:29,0,0,0
BRDA:29,0,1,0
BRDA:58,1,0,0
BRDA:58,1,1,0
BRDA:99,2,0,0
BRDA:99,2,1,0
BRDA:121,3,0,0
BRDA:121,3,1,0
BRDA:121,3,2,0
BRDA:121,3,3,0
BRDA:121,3,4,0
BRDA:130,4,0,0
BRDA:130,4,1,0
BRDA:137,5,0,0
BRDA:137,5,1,0
BRDA:144,6,0,0
BRDA:144,6,1,0
BRDA:185,7,0,1
BRDA:185,7,1,0
BRDA:185,8,0,1
BRDA:185,8,1,1
BRDA:215,9,0,1
BRDA:215,9,1,0
BRDA:231,10,0,5
BRDA:231,10,1,26
BRDA:238,11,0,1
BRDA:238,11,1,0
BRDA:251,12,0,0
BRDA:251,12,1,31
BRDA:255,13,0,62
BRDA:255,13,1,2
BRDA:255,13,2,0
BRDA:261,14,0,1
BRDA:261,14,1,1
BRDA:310,15,0,31
BRDA:310,15,1,11
BRDA:314,16,0,1
BRDA:314,16,1,41
BRDA:314,17,0,42
BRDA:314,17,1,31
BRDA:314,17,2,1
BRDA:314,17,3,1
BRDA:321,18,0,42
BRDA:321,18,1,31
BRF:44
BRH:22
end_of_record
TN:
SF:app/modules/calendar/components/EventDetailModal.tsx
FN:15,(anonymous_0)
FN:37,(anonymous_1)
FN:45,(anonymous_2)
FN:97,(anonymous_3)
FN:113,(anonymous_4)
FN:167,(anonymous_5)
FN:174,(anonymous_6)
FN:183,(anonymous_7)
FN:200,(anonymous_8)
FN:211,(anonymous_9)
FN:227,(anonymous_10)
FN:242,(anonymous_11)
FN:257,(anonymous_12)
FN:272,(anonymous_13)
FN:288,(anonymous_14)
FN:301,(anonymous_15)
FN:309,(anonymous_16)
FN:328,(anonymous_17)
FN:338,(anonymous_18)
FNF:19
FNH:0
FNDA:0,(anonymous_0)
FNDA:0,(anonymous_1)
FNDA:0,(anonymous_2)
FNDA:0,(anonymous_3)
FNDA:0,(anonymous_4)
FNDA:0,(anonymous_5)
FNDA:0,(anonymous_6)
FNDA:0,(anonymous_7)
FNDA:0,(anonymous_8)
FNDA:0,(anonymous_9)
FNDA:0,(anonymous_10)
FNDA:0,(anonymous_11)
FNDA:0,(anonymous_12)
FNDA:0,(anonymous_13)
FNDA:0,(anonymous_14)
FNDA:0,(anonymous_15)
FNDA:0,(anonymous_16)
FNDA:0,(anonymous_17)
FNDA:0,(anonymous_18)
DA:15,0
DA:21,0
DA:22,0
DA:23,0
DA:24,0
DA:27,0
DA:28,0
DA:29,0
DA:30,0
DA:31,0
DA:32,0
DA:33,0
DA:34,0
DA:37,0
DA:38,0
DA:39,0
DA:41,0
DA:45,0
DA:46,0
DA:49,0
DA:50,0
DA:51,0
DA:54,0
DA:55,0
DA:57,0
DA:59,0
DA:63,0
DA:68,0
DA:69,0
DA:70,0
DA:71,0
DA:75,0
DA:86,0
DA:87,0
DA:89,0
DA:90,0
DA:92,0
DA:97,0
DA:98,0
DA:99,0
DA:101,0
DA:102,0
DA:103,0
DA:105,0
DA:106,0
DA:107,0
DA:108,0
DA:113,0
DA:114,0
DA:167,0
DA:174,0
DA:183,0
DA:184,0
DA:200,0
DA:211,0
DA:227,0
DA:242,0
DA:257,0
DA:272,0
DA:288,0
DA:301,0
DA:309,0
DA:328,0
DA:329,0
DA:338,0
DA:357,0
LF:66
LH:0
BRDA:32,0,0,0
BRDA:32,0,1,0
BRDA:33,1,0,0
BRDA:33,1,1,0
BRDA:34,2,0,0
BRDA:34,2,1,0
BRDA:37,3,0,0
BRDA:38,4,0,0
BRDA:38,4,1,0
BRDA:38,5,0,0
BRDA:38,5,1,0
BRDA:49,6,0,0
BRDA:49,6,1,0
BRDA:59,7,0,0
BRDA:59,7,1,0
BRDA:63,8,0,0
BRDA:63,8,1,0
BRDA:68,9,0,0
BRDA:68,9,1,0
BRDA:80,10,0,0
BRDA:80,10,1,0
BRDA:81,11,0,0
BRDA:81,11,1,0
BRDA:118,12,0,0
BRDA:118,12,1,0
BRDA:138,13,0,0
BRDA:138,13,1,0
BRDA:146,14,0,0
BRDA:146,14,1,0
BRDA:154,15,0,0
BRDA:154,15,1,0
BRDA:185,16,0,0
BRDA:185,16,1,0
BRDA:232,17,0,0
BRDA:232,17,1,0
BRDA:262,18,0,0
BRDA:262,18,1,0
BRDA:317,19,0,0
BRDA:317,19,1,0
BRDA:321,20,0,0
BRDA:321,20,1,0
BRDA:346,21,0,0
BRDA:346,21,1,0
BRDA:351,22,0,0
BRDA:351,22,1,0
BRDA:364,23,0,0
BRDA:364,23,1,0
BRDA:378,24,0,0
BRDA:378,24,1,0
BRDA:381,25,0,0
BRDA:381,25,1,0
BRF:51
BRH:0
end_of_record
TN:
SF:app/modules/calendar/components/EventItem.tsx
FN:14,(anonymous_0)
FN:16,(anonymous_1)
FNF:2
FNH:0
FNDA:0,(anonymous_0)
FNDA:0,(anonymous_1)
DA:14,0
DA:16,0
DA:19,0
DA:20,0
DA:21,0
DA:22,0
DA:24,0
DA:28,0
LF:8
LH:0
BRDA:14,0,0,0
BRDA:19,1,0,0
BRDA:19,1,1,0
BRDA:21,2,0,0
BRDA:21,2,1,0
BRDA:34,3,0,0
BRDA:34,3,1,0
BRDA:34,3,2,0
BRDA:40,4,0,0
BRDA:40,4,1,0
BRF:10
BRH:0
end_of_record
TN:
SF:app/modules/calendar/components/MonthView.tsx
FN:19,(anonymous_0)
FN:33,(anonymous_1)
FN:37,(anonymous_2)
FN:42,(anonymous_3)
FN:74,(anonymous_4)
FN:75,(anonymous_5)
FN:82,(anonymous_6)
FN:88,(anonymous_7)
FN:94,(anonymous_8)
FN:100,(anonymous_9)
FN:106,(anonymous_10)
FN:112,(anonymous_11)
FN:118,(anonymous_12)
FN:142,(anonymous_13)
FN:163,(anonymous_14)
FN:177,(anonymous_15)
FN:178,(anonymous_16)
FN:191,(anonymous_17)
FN:200,(anonymous_18)
FN:204,(anonymous_19)
FNF:20
FNH:0
FNDA:0,(anonymous_0)
FNDA:0,(anonymous_1)
FNDA:0,(anonymous_2)
FNDA:0,(anonymous_3)
FNDA:0,(anonymous_4)
FNDA:0,(anonymous_5)
FNDA:0,(anonymous_6)
FNDA:0,(anonymous_7)
FNDA:0,(anonymous_8)
FNDA:0,(anonymous_9)
FNDA:0,(anonymous_10)
FNDA:0,(anonymous_11)
FNDA:0,(anonymous_12)
FNDA:0,(anonymous_13)
FNDA:0,(anonymous_14)
FNDA:0,(anonymous_15)
FNDA:0,(anonymous_16)
FNDA:0,(anonymous_17)
FNDA:0,(anonymous_18)
FNDA:0,(anonymous_19)
DA:19,0
DA:26,0
DA:27,0
DA:28,0
DA:29,0
DA:30,0
DA:33,0
DA:34,0
DA:37,0
DA:38,0
DA:42,0
DA:44,0
DA:46,0
DA:48,0
DA:50,0
DA:53,0
DA:59,0
DA:60,0
DA:62,0
DA:63,0
DA:64,0
DA:65,0
DA:66,0
DA:70,0
DA:74,0
DA:75,0
DA:76,0
DA:77,0
DA:82,0
DA:83,0
DA:84,0
DA:88,0
DA:89,0
DA:90,0
DA:94,0
DA:95,0
DA:96,0
DA:100,0
DA:101,0
DA:102,0
DA:106,0
DA:107,0
DA:108,0
DA:112,0
DA:113,0
DA:114,0
DA:118,0
DA:119,0
DA:120,0
DA:124,0
DA:142,0
DA:164,0
DA:178,0
DA:179,0
DA:180,0
DA:181,0
DA:183,0
DA:191,0
DA:201,0
DA:205,0
DA:206,0
LF:61
LH:0
BRDA:24,0,0,0
BRDA:64,1,0,0
BRDA:64,1,1,0
BRDA:172,2,0,0
BRDA:172,2,1,0
BRDA:187,3,0,0
BRDA:187,3,1,0
BRDA:189,4,0,0
BRDA:189,4,1,0
BRDA:194,5,0,0
BRDA:194,5,1,0
BRDA:210,6,0,0
BRDA:210,6,1,0
BRDA:225,7,0,0
BRDA:225,7,1,0
BRDA:225,7,2,0
BRDA:234,8,0,0
BRDA:234,8,1,0
BRDA:234,8,2,0
BRF:19
BRH:0
end_of_record
TN:
SF:app/modules/calendar/components/NewEventModal.tsx
FN:14,(anonymous_0)
FN:27,(anonymous_1)
FN:101,(anonymous_2)
FN:113,(anonymous_3)
FN:129,(anonymous_4)
FN:144,(anonymous_5)
FN:159,(anonymous_6)
FN:174,(anonymous_7)
FN:190,(anonymous_8)
FN:204,(anonymous_9)
FNF:10
FNH:0
FNDA:0,(anonymous_0)
FNDA:0,(anonymous_1)
FNDA:0,(anonymous_2)
FNDA:0,(anonymous_3)
FNDA:0,(anonymous_4)
FNDA:0,(anonymous_5)
FNDA:0,(anonymous_6)
FNDA:0,(anonymous_7)
FNDA:0,(anonymous_8)
FNDA:0,(anonymous_9)
DA:14,0
DA:15,0
DA:16,0
DA:17,0
DA:18,0
DA:19,0
DA:20,0
DA:21,0
DA:22,0
DA:23,0
DA:24,0
DA:27,0
DA:28,0
DA:31,0
DA:32,0
DA:33,0
DA:36,0
DA:37,0
DA:39,0
DA:41,0
DA:45,0
DA:50,0
DA:51,0
DA:52,0
DA:53,0
DA:57,0
DA:67,0
DA:68,0
DA:70,0
DA:71,0
DA:73,0
DA:77,0
DA:101,0
DA:113,0
DA:129,0
DA:144,0
DA:159,0
DA:174,0
DA:190,0
DA:204,0
LF:40
LH:0
BRDA:31,0,0,0
BRDA:31,0,1,0
BRDA:41,1,0,0
BRDA:41,1,1,0
BRDA:45,2,0,0
BRDA:45,2,1,0
BRDA:50,3,0,0
BRDA:50,3,1,0
BRDA:61,4,0,0
BRDA:61,4,1,0
BRDA:62,5,0,0
BRDA:62,5,1,0
BRDA:86,6,0,0
BRDA:86,6,1,0
BRDA:134,7,0,0
BRDA:134,7,1,0
BRDA:164,8,0,0
BRDA:164,8,1,0
BRDA:221,9,0,0
BRDA:221,9,1,0
BRDA:225,10,0,0
BRDA:225,10,1,0
BRF:22
BRH:0
end_of_record
TN:
SF:app/modules/calendar/components/SearchBar.tsx
FN:9,(anonymous_0)
FN:12,(anonymous_1)
FN:17,(anonymous_2)
FN:30,(anonymous_3)
FNF:4
FNH:0
FNDA:0,(anonymous_0)
FNDA:0,(anonymous_1)
FNDA:0,(anonymous_2)
FNDA:0,(anonymous_3)
DA:9,0
DA:10,0
DA:12,0
DA:13,0
DA:14,0
DA:17,0
DA:18,0
DA:19,0
DA:22,0
DA:30,0
LF:10
LH:0
BRDA:39,0,0,0
BRDA:39,0,1,0
BRF:2
BRH:0
end_of_record
TN:
SF:app/modules/calendar/services/calendarApiService.ts
FN:20,fetchEvents
FN:80,(anonymous_1)
FN:81,(anonymous_2)
FN:85,(anonymous_3)
FN:125,createEvent
FN:185,updateEvent
FN:244,deleteEvent
FN:289,searchEvents
FNF:8
FNH:0
FNDA:0,fetchEvents
FNDA:0,(anonymous_1)
FNDA:0,(anonymous_2)
FNDA:0,(anonymous_3)
FNDA:0,createEvent
FNDA:0,updateEvent
FNDA:0,deleteEvent
FNDA:0,searchEvents
DA:17,0
DA:21,0
DA:23,0
DA:63,0
DA:66,0
DA:69,0
DA:70,0
DA:71,0
DA:78,0
DA:80,0
DA:81,0
DA:85,0
DA:86,0
DA:90,0
DA:91,0
DA:108,0
DA:110,0
DA:113,0
DA:117,0
DA:119,0
DA:120,0
DA:126,0
DA:127,0
DA:130,0
DA:145,0
DA:146,0
DA:147,0
DA:159,0
DA:160,0
DA:161,0
DA:162,0
DA:165,0
DA:170,0
DA:175,0
DA:177,0
DA:179,0
DA:180,0
DA:186,0
DA:188,0
DA:195,0
DA:196,0
DA:200,0
DA:210,0
DA:213,0
DA:214,0
DA:215,0
DA:223,0
DA:228,0
DA:234,0
DA:236,0
DA:238,0
DA:239,0
DA:245,0
DA:247,0
DA:254,0
DA:255,0
DA:259,0
DA:262,0
DA:263,0
DA:264,0
DA:269,0
DA:274,0
DA:279,0
DA:281,0
DA:283,0
DA:284,0
DA:290,0
DA:292,0
DA:293,0
DA:295,0
DA:296,0
LF:71
LH:0
BRDA:69,0,0,0
BRDA:69,0,1,0
BRDA:86,1,0,0
BRDA:86,1,1,0
BRDA:94,2,0,0
BRDA:94,2,1,0
BRDA:95,3,0,0
BRDA:95,3,1,0
BRDA:96,4,0,0
BRDA:96,4,1,0
BRDA:97,5,0,0
BRDA:97,5,1,0
BRDA:98,6,0,0
BRDA:98,6,1,0
BRDA:99,7,0,0
BRDA:99,7,1,0
BRDA:101,8,0,0
BRDA:101,8,1,0
BRDA:135,9,0,0
BRDA:135,9,1,0
BRDA:136,10,0,0
BRDA:136,10,1,0
BRDA:137,11,0,0
BRDA:137,11,1,0
BRDA:145,12,0,0
BRDA:145,12,1,0
BRDA:159,13,0,0
BRDA:159,13,1,0
BRDA:195,14,0,0
BRDA:195,14,1,0
BRDA:201,15,0,0
BRDA:201,15,1,0
BRDA:202,16,0,0
BRDA:202,16,1,0
BRDA:203,17,0,0
BRDA:203,17,1,0
BRDA:204,18,0,0
BRDA:204,18,1,0
BRDA:205,19,0,0
BRDA:205,19,1,0
BRDA:206,20,0,0
BRDA:206,20,1,0
BRDA:213,21,0,0
BRDA:213,21,1,0
BRDA:213,22,0,0
BRDA:213,22,1,0
BRDA:254,23,0,0
BRDA:254,23,1,0
BRDA:262,24,0,0
BRDA:262,24,1,0
BRDA:262,25,0,0
BRDA:262,25,1,0
BRF:52
BRH:0
end_of_record
TN:
SF:app/modules/calendar/services/googleCalendarService.ts
FN:5,(anonymous_0)
FN:15,getGoogleCalendarEvents
FN:27,(anonymous_2)
FN:46,createGoogleCalendarEvent
FN:80,updateGoogleCalendarEvent
FN:117,deleteGoogleCalendarEvent
FN:134,syncGoogleCalendar
FNF:7
FNH:0
FNDA:0,(anonymous_0)
FNDA:0,getGoogleCalendarEvents
FNDA:0,(anonymous_2)
FNDA:0,createGoogleCalendarEvent
FNDA:0,updateGoogleCalendarEvent
FNDA:0,deleteGoogleCalendarEvent
FNDA:0,syncGoogleCalendar
DA:5,0
DA:6,0
DA:7,0
DA:11,0
DA:16,0
DA:17,0
DA:19,0
DA:27,0
DA:40,0
DA:41,0
DA:47,0
DA:48,0
DA:50,0
DA:62,0
DA:67,0
DA:74,0
DA:75,0
DA:81,0
DA:82,0
DA:83,0
DA:86,0
DA:88,0
DA:100,0
DA:106,0
DA:111,0
DA:112,0
DA:118,0
DA:119,0
DA:121,0
DA:126,0
DA:128,0
DA:129,0
DA:139,0
DA:144,0
DA:150,0
DA:151,0
LF:36
LH:0
BRDA:27,0,0,0
BRDA:27,0,1,0
BRDA:29,1,0,0
BRDA:29,1,1,0
BRDA:30,2,0,0
BRDA:30,2,1,0
BRDA:30,2,2,0
BRDA:31,3,0,0
BRDA:31,3,1,0
BRDA:31,3,2,0
BRDA:32,4,0,0
BRDA:32,4,1,0
BRDA:33,5,0,0
BRDA:33,5,1,0
BRDA:52,6,0,0
BRDA:52,6,1,0
BRDA:53,7,0,0
BRDA:53,7,1,0
BRDA:54,8,0,0
BRDA:54,8,1,0
BRDA:57,9,0,0
BRDA:57,9,1,0
BRDA:82,10,0,0
BRDA:82,10,1,0
BRDA:90,11,0,0
BRDA:90,11,1,0
BRDA:91,12,0,0
BRDA:91,12,1,0
BRDA:92,13,0,0
BRDA:92,13,1,0
BRDA:95,14,0,0
BRDA:95,14,1,0
BRF:32
BRH:0
end_of_record
TN:
SF:app/modules/calendar/services/qdrantService.ts
FN:22,initializeQdrantCollection
FN:27,(anonymous_1)
FN:75,getEmbedding
FN:85,indexCalendarEvent
FN:129,deleteCalendarEventVector
FN:145,searchSimilarEvents
FN:167,(anonymous_6)
FN:180,batchIndexEvents
FN:182,(anonymous_8)
FNF:9
FNH:0
FNDA:0,initializeQdrantCollection
FNDA:0,(anonymous_1)
FNDA:0,getEmbedding
FNDA:0,indexCalendarEvent
FNDA:0,deleteCalendarEventVector
FNDA:0,searchSimilarEvents
FNDA:0,(anonymous_6)
FNDA:0,batchIndexEvents
FNDA:0,(anonymous_8)
DA:6,0
DA:11,0
DA:16,0
DA:19,0
DA:23,0
DA:25,0
DA:26,0
DA:27,0
DA:30,0
DA:32,0
DA:44,0
DA:50,0
DA:56,0
DA:62,0
DA:64,0
DA:67,0
DA:69,0
DA:70,0
DA:76,0
DA:81,0
DA:86,0
DA:88,0
DA:91,0
DA:94,0
DA:109,0
DA:120,0
DA:121,0
DA:123,0
DA:124,0
DA:130,0
DA:131,0
DA:136,0
DA:137,0
DA:139,0
DA:140,0
DA:146,0
DA:148,0
DA:151,0
DA:167,0
DA:174,0
DA:175,0
DA:181,0
DA:182,0
DA:183,0
DA:184,0
DA:186,0
DA:205,0
DA:210,0
DA:211,0
DA:213,0
DA:214,0
LF:51
LH:0
BRDA:7,0,0,0
BRDA:7,0,1,0
BRDA:30,1,0,0
BRDA:30,1,1,0
BRDA:88,2,0,0
BRDA:88,2,1,0
BRDA:97,3,0,0
BRDA:97,3,1,0
BRDA:100,4,0,0
BRDA:100,4,1,0
BRDA:101,5,0,0
BRDA:101,5,1,0
BRDA:145,6,0,0
BRDA:183,7,0,0
BRDA:183,7,1,0
BRDA:192,8,0,0
BRDA:192,8,1,0
BRDA:195,9,0,0
BRDA:195,9,1,0
BRDA:196,10,0,0
BRDA:196,10,1,0
BRF:21
BRH:0
end_of_record
TN:
SF:app/modules/calendar/types/index.ts
FNF:0
FNH:0
LF:0
LH:0
BRF:0
BRH:0
end_of_record
TN:
SF:app/modules/drive/DriveModule.tsx
FN:31,(anonymous_0)
FN:49,(anonymous_1)
FN:75,(anonymous_2)
FN:79,(anonymous_3)
FN:100,(anonymous_4)
FN:103,(anonymous_5)
FN:136,(anonymous_6)
FN:142,(anonymous_7)
FN:147,(anonymous_8)
FN:155,(anonymous_9)
FN:180,(anonymous_10)
FN:203,(anonymous_11)
FN:216,(anonymous_12)
FN:233,(anonymous_13)
FN:244,(anonymous_14)
FN:263,(anonymous_15)
FN:275,(anonymous_16)
FN:277,(anonymous_17)
FN:294,(anonymous_18)
FN:310,(anonymous_19)
FN:314,(anonymous_20)
FN:329,(anonymous_21)
FN:397,(anonymous_22)
FN:400,(anonymous_23)
FN:429,(anonymous_24)
FN:431,(anonymous_25)
FN:454,(anonymous_26)
FN:460,(anonymous_27)
FN:491,(anonymous_28)
FNF:29
FNH:7
FNDA:4,(anonymous_0)
FNDA:0,(anonymous_1)
FNDA:0,(anonymous_2)
FNDA:0,(anonymous_3)
FNDA:3,(anonymous_4)
FNDA:3,(anonymous_5)
FNDA:3,(anonymous_6)
FNDA:0,(anonymous_7)
FNDA:0,(anonymous_8)
FNDA:0,(anonymous_9)
FNDA:0,(anonymous_10)
FNDA:0,(anonymous_11)
FNDA:0,(anonymous_12)
FNDA:0,(anonymous_13)
FNDA:0,(anonymous_14)
FNDA:0,(anonymous_15)
FNDA:0,(anonymous_16)
FNDA:0,(anonymous_17)
FNDA:0,(anonymous_18)
FNDA:4,(anonymous_19)
FNDA:0,(anonymous_20)
FNDA:0,(anonymous_21)
FNDA:2,(anonymous_22)
FNDA:0,(anonymous_23)
FNDA:0,(anonymous_24)
FNDA:0,(anonymous_25)
FNDA:2,(anonymous_26)
FNDA:0,(anonymous_27)
FNDA:0,(anonymous_28)
DA:31,1
DA:32,4
DA:33,4
DA:34,4
DA:35,4
DA:36,4
DA:37,4
DA:38,4
DA:39,4
DA:40,4
DA:41,4
DA:42,4
DA:43,4
DA:45,4
DA:46,4
DA:49,4
DA:50,0
DA:52,0
DA:53,0
DA:54,0
DA:57,0
DA:62,0
DA:63,0
DA:65,0
DA:66,0
DA:67,0
DA:70,0
DA:71,0
DA:72,0
DA:75,0
DA:79,0
DA:80,0
DA:82,0
DA:85,0
DA:89,0
DA:92,0
DA:93,0
DA:95,0
DA:100,4
DA:101,3
DA:103,3
DA:104,3
DA:105,3
DA:106,3
DA:107,3
DA:110,3
DA:115,3
DA:116,1
DA:117,1
DA:119,1
DA:120,1
DA:121,1
DA:124,0
DA:125,0
DA:126,0
DA:127,0
DA:133,3
DA:136,3
DA:137,3
DA:142,4
DA:143,0
DA:147,4
DA:148,0
DA:150,0
DA:151,0
DA:155,4
DA:156,0
DA:157,0
DA:158,0
DA:161,0
DA:162,0
DA:163,0
DA:165,0
DA:169,0
DA:170,0
DA:172,0
DA:173,0
DA:175,0
DA:180,4
DA:181,0
DA:182,0
DA:184,0
DA:189,0
DA:190,0
DA:191,0
DA:192,0
DA:193,0
DA:194,0
DA:195,0
DA:197,0
DA:198,0
DA:203,4
DA:204,0
DA:205,0
DA:207,0
DA:208,0
DA:209,0
DA:211,0
DA:212,0
DA:213,0
DA:215,0
DA:217,0
DA:218,0
DA:223,0
DA:225,0
DA:226,0
DA:228,0
DA:233,4
DA:234,0
DA:235,0
DA:236,0
DA:239,0
DA:240,0
DA:241,0
DA:244,0
DA:247,0
DA:251,0
DA:252,0
DA:255,0
DA:263,0
DA:267,0
DA:268,0
DA:270,0
DA:275,4
DA:276,0
DA:277,0
DA:279,0
DA:283,4
DA:284,0
DA:287,4
DA:294,0
DA:311,4
DA:314,0
DA:329,0
DA:398,2
DA:400,0
DA:430,0
DA:431,0
DA:433,0
DA:455,2
DA:460,0
DA:491,0
LF:142
LH:45
BRDA:49,0,0,0
BRDA:50,1,0,0
BRDA:50,1,1,0
BRDA:62,2,0,0
BRDA:62,2,1,0
BRDA:63,3,0,0
BRDA:63,3,1,0
BRDA:70,4,0,0
BRDA:70,4,1,0
BRDA:80,5,0,0
BRDA:80,5,1,0
BRDA:104,6,0,3
BRDA:104,6,1,0
BRDA:104,7,0,3
BRDA:104,7,1,3
BRDA:115,8,0,1
BRDA:115,8,1,2
BRDA:116,9,0,1
BRDA:116,9,1,0
BRDA:117,10,0,1
BRDA:117,10,1,0
BRDA:124,11,0,0
BRDA:124,11,1,0
BRDA:148,12,0,0
BRDA:148,12,1,0
BRDA:156,13,0,0
BRDA:156,13,1,0
BRDA:169,14,0,0
BRDA:169,14,1,0
BRDA:170,15,0,0
BRDA:170,15,1,0
BRDA:205,16,0,0
BRDA:205,16,1,0
BRDA:205,17,0,0
BRDA:205,17,1,0
BRDA:217,18,0,0
BRDA:217,18,1,0
BRDA:234,19,0,0
BRDA:234,19,1,0
BRDA:276,20,0,0
BRDA:276,20,1,0
BRDA:283,21,0,0
BRDA:283,21,1,4
BRDA:283,22,0,4
BRDA:283,22,1,4
BRDA:300,23,0,4
BRDA:300,23,1,0
BRDA:312,24,0,4
BRDA:312,24,1,0
BRDA:338,25,0,0
BRDA:338,25,1,4
BRDA:353,26,0,4
BRDA:353,26,1,0
BRDA:359,27,0,0
BRDA:359,27,1,0
BRDA:365,28,0,4
BRDA:365,28,1,0
BRDA:378,29,0,4
BRDA:378,29,1,0
BRDA:385,30,0,4
BRDA:385,30,1,0
BRDA:393,31,0,4
BRDA:393,31,1,1
BRDA:414,32,0,2
BRDA:414,32,1,2
BRDA:418,33,0,1
BRDA:418,33,1,1
BRDA:428,34,0,1
BRDA:428,34,1,0
BRDA:430,35,0,0
BRDA:430,35,1,0
BRDA:471,36,0,2
BRDA:471,36,1,0
BRF:73
BRH:25
end_of_record
TN:
SF:app/modules/gmail/GmailModule.tsx
FN:24,(anonymous_0)
FN:36,(anonymous_1)
FN:58,(anonymous_2)
FN:61,(anonymous_3)
FN:92,(anonymous_4)
FN:97,(anonymous_5)
FN:108,(anonymous_6)
FN:127,(anonymous_7)
FN:138,(anonymous_8)
FN:139,(anonymous_9)
FN:141,(anonymous_10)
FN:146,(anonymous_11)
FN:151,(anonymous_12)
FN:152,(anonymous_13)
FN:164,(anonymous_14)
FN:166,(anonymous_15)
FN:177,(anonymous_16)
FN:178,(anonymous_17)
FN:210,(anonymous_18)
FN:218,(anonymous_19)
FN:226,(anonymous_20)
FN:266,(anonymous_21)
FN:270,(anonymous_22)
FN:290,(anonymous_23)
FN:299,(anonymous_24)
FN:305,(anonymous_25)
FN:357,(anonymous_26)
FNF:27
FNH:5
FNDA:4,(anonymous_0)
FNDA:0,(anonymous_1)
FNDA:3,(anonymous_2)
FNDA:3,(anonymous_3)
FNDA:3,(anonymous_4)
FNDA:0,(anonymous_5)
FNDA:0,(anonymous_6)
FNDA:0,(anonymous_7)
FNDA:0,(anonymous_8)
FNDA:0,(anonymous_9)
FNDA:0,(anonymous_10)
FNDA:0,(anonymous_11)
FNDA:0,(anonymous_12)
FNDA:0,(anonymous_13)
FNDA:0,(anonymous_14)
FNDA:0,(anonymous_15)
FNDA:0,(anonymous_16)
FNDA:0,(anonymous_17)
FNDA:0,(anonymous_18)
FNDA:0,(anonymous_19)
FNDA:0,(anonymous_20)
FNDA:0,(anonymous_21)
FNDA:0,(anonymous_22)
FNDA:2,(anonymous_23)
FNDA:0,(anonymous_24)
FNDA:0,(anonymous_25)
FNDA:0,(anonymous_26)
DA:24,1
DA:25,4
DA:26,4
DA:27,4
DA:28,4
DA:29,4
DA:30,4
DA:31,4
DA:33,4
DA:34,4
DA:36,4
DA:37,0
DA:39,0
DA:40,0
DA:41,0
DA:44,0
DA:48,0
DA:49,0
DA:51,0
DA:52,0
DA:53,0
DA:58,4
DA:59,3
DA:61,3
DA:62,3
DA:63,3
DA:64,3
DA:65,3
DA:68,3
DA:73,3
DA:74,1
DA:75,1
DA:78,0
DA:81,0
DA:82,0
DA:83,0
DA:89,3
DA:92,3
DA:93,3
DA:97,4
DA:98,0
DA:99,0
DA:100,0
DA:103,0
DA:104,0
DA:105,0
DA:108,0
DA:111,0
DA:115,0
DA:116,0
DA:119,0
DA:127,0
DA:131,0
DA:132,0
DA:134,0
DA:138,4
DA:139,0
DA:140,0
DA:141,0
DA:146,4
DA:147,0
DA:148,0
DA:151,0
DA:152,0
DA:153,0
DA:159,0
DA:160,0
DA:164,4
DA:165,0
DA:166,0
DA:167,0
DA:169,0
DA:171,0
DA:177,0
DA:178,0
DA:179,0
DA:185,0
DA:186,0
DA:190,4
DA:192,4
DA:193,0
DA:203,4
DA:210,0
DA:218,0
DA:226,0
DA:267,0
DA:268,0
DA:270,0
DA:291,2
DA:299,0
DA:305,0
DA:357,0
LF:92
LH:33
BRDA:37,0,0,0
BRDA:37,0,1,0
BRDA:62,1,0,3
BRDA:62,1,1,0
BRDA:62,2,0,3
BRDA:62,2,1,3
BRDA:73,3,0,1
BRDA:73,3,1,2
BRDA:81,4,0,0
BRDA:81,4,1,0
BRDA:98,5,0,0
BRDA:98,5,1,0
BRDA:140,6,0,0
BRDA:140,6,1,0
BRDA:153,7,0,0
BRDA:153,7,1,0
BRDA:167,8,0,0
BRDA:167,8,1,0
BRDA:179,9,0,0
BRDA:179,9,1,0
BRDA:190,10,0,0
BRDA:190,10,1,4
BRDA:192,11,0,0
BRDA:192,11,1,4
BRDA:212,12,0,4
BRDA:212,12,1,0
BRDA:220,13,0,0
BRDA:220,13,1,4
BRDA:228,14,0,0
BRDA:228,14,1,4
BRDA:244,15,0,4
BRDA:244,15,1,0
BRDA:250,16,0,2
BRDA:250,16,1,2
BRDA:256,17,0,1
BRDA:256,17,1,1
BRDA:267,18,0,0
BRDA:267,18,1,0
BRDA:273,19,0,1
BRDA:273,19,1,0
BRDA:293,20,0,1
BRDA:293,20,1,1
BRDA:307,21,0,1
BRDA:307,21,1,1
BRDA:309,22,0,1
BRDA:309,22,1,1
BRDA:335,23,0,4
BRDA:335,23,1,0
BRDA:337,24,0,4
BRDA:337,24,1,0
BRDA:337,25,0,4
BRDA:337,25,1,0
BRDA:342,26,0,0
BRDA:342,26,1,4
BRDA:355,27,0,4
BRDA:355,27,1,0
BRDA:365,28,0,4
BRDA:365,28,1,0
BRF:58
BRH:28
end_of_record
TN:
SF:app/services/googleCalendarService.ts
FN:4,(anonymous_0)
FN:14,getGoogleCalendarEvents
FN:26,(anonymous_2)
FN:43,createGoogleCalendarEvent
FN:75,updateGoogleCalendarEvent
FN:105,deleteGoogleCalendarEvent
FN:122,syncGoogleCalendar
FNF:7
FNH:0
FNDA:0,(anonymous_0)
FNDA:0,getGoogleCalendarEvents
FNDA:0,(anonymous_2)
FNDA:0,createGoogleCalendarEvent
FNDA:0,updateGoogleCalendarEvent
FNDA:0,deleteGoogleCalendarEvent
FNDA:0,syncGoogleCalendar
DA:4,0
DA:5,0
DA:6,0
DA:10,0
DA:15,0
DA:16,0
DA:18,0
DA:26,0
DA:37,0
DA:38,0
DA:44,0
DA:45,0
DA:47,0
DA:59,0
DA:64,0
DA:69,0
DA:70,0
DA:76,0
DA:77,0
DA:79,0
DA:91,0
DA:97,0
DA:99,0
DA:100,0
DA:106,0
DA:107,0
DA:109,0
DA:114,0
DA:116,0
DA:117,0
LF:30
LH:0
BRDA:26,0,0,0
BRDA:26,0,1,0
BRDA:28,1,0,0
BRDA:28,1,1,0
BRDA:29,2,0,0
BRDA:29,2,1,0
BRDA:29,2,2,0
BRDA:30,3,0,0
BRDA:30,3,1,0
BRDA:30,3,2,0
BRDA:31,4,0,0
BRDA:31,4,1,0
BRDA:32,5,0,0
BRDA:32,5,1,0
BRDA:49,6,0,0
BRDA:49,6,1,0
BRDA:50,7,0,0
BRDA:50,7,1,0
BRDA:51,8,0,0
BRDA:51,8,1,0
BRDA:54,9,0,0
BRDA:54,9,1,0
BRDA:81,10,0,0
BRDA:81,10,1,0
BRDA:82,11,0,0
BRDA:82,11,1,0
BRDA:83,12,0,0
BRDA:83,12,1,0
BRDA:86,13,0,0
BRDA:86,13,1,0
BRF:30
BRH:0
end_of_record
TN:
SF:app/services/qdrantService.ts
FN:21,initializeQdrantCollection
FN:26,(anonymous_1)
FN:68,getEmbedding
FN:78,indexCalendarEvent
FN:119,deleteCalendarEventVector
FN:135,searchSimilarEvents
FN:157,(anonymous_6)
FNF:7
FNH:0
FNDA:0,initializeQdrantCollection
FNDA:0,(anonymous_1)
FNDA:0,getEmbedding
FNDA:0,indexCalendarEvent
FNDA:0,deleteCalendarEventVector
FNDA:0,searchSimilarEvents
FNDA:0,(anonymous_6)
DA:5,0
DA:10,0
DA:15,0
DA:18,0
DA:22,0
DA:24,0
DA:25,0
DA:26,0
DA:29,0
DA:31,0
DA:43,0
DA:49,0
DA:55,0
DA:57,0
DA:60,0
DA:62,0
DA:63,0
DA:69,0
DA:74,0
DA:79,0
DA:81,0
DA:84,0
DA:87,0
DA:99,0
DA:110,0
DA:111,0
DA:113,0
DA:114,0
DA:120,0
DA:121,0
DA:126,0
DA:127,0
DA:129,0
DA:130,0
DA:136,0
DA:138,0
DA:141,0
DA:157,0
DA:164,0
DA:165,0
LF:40
LH:0
BRDA:6,0,0,0
BRDA:6,0,1,0
BRDA:29,1,0,0
BRDA:29,1,1,0
BRDA:81,2,0,0
BRDA:81,2,1,0
BRDA:90,3,0,0
BRDA:90,3,1,0
BRDA:93,4,0,0
BRDA:93,4,1,0
BRDA:94,5,0,0
BRDA:94,5,1,0
BRDA:135,6,0,0
BRF:13
BRH:0
end_of_record
